2025-09-04 22:29:31,122 : INFO : root : Loading config.
2025-09-04 22:29:31,124 : INFO : YamlMultifileConfigLoader : Machine config file #1: config.yaml
2025-09-04 22:29:31,124 : INFO : ConfigProcessor : Loading config from cache: C:\Users\Asger\AppData\Local\Temp\a4ba778c76b5e188585c7949537932e0.mpf_cache
2025-09-04 22:29:31,155 : INFO : ConfigProcessor : Loading config from cache: C:\Users\Asger\AppData\Local\Temp\28e07bc42b06fdf232525503b109746b.mpf_cache
2025-09-04 22:29:31,156 : INFO : ConfigProcessor : Loading config from cache: C:\Users\Asger\AppData\Local\Temp\d5f522cce92d708c1e7c6f696d149cc3.mpf_cache
2025-09-04 22:29:31,157 : INFO : ConfigProcessor : Loading config from cache: C:\Users\Asger\AppData\Local\Temp\d62bb05c546c94a6e60a7026e75040b8.mpf_cache
2025-09-04 22:29:31,157 : INFO : ConfigProcessor : Loading config from cache: C:\Users\Asger\AppData\Local\Temp\15111c5ed4abe468683ed8b5e624919d.mpf_cache
2025-09-04 22:29:31,157 : INFO : ConfigProcessor : Loading config from cache: C:\Users\Asger\AppData\Local\Temp\6c5b2bed571f675ef4a6f117d164d549.mpf_cache
2025-09-04 22:29:31,157 : INFO : ConfigProcessor : Loading config from cache: C:\Users\Asger\AppData\Local\Temp\329520af4c53f16312de95e22bab2d9b.mpf_cache
2025-09-04 22:29:31,158 : INFO : ConfigProcessor : Loading config from cache: C:\Users\Asger\AppData\Local\Temp\09b43c5b700e26dcca8244f4580c23d5.mpf_cache
2025-09-04 22:29:31,158 : INFO : ConfigProcessor : Loading config from cache: C:\Users\Asger\AppData\Local\Temp\a6173bee294ebdb577b914e255ea8258.mpf_cache
2025-09-04 22:29:31,158 : INFO : ConfigProcessor : Loading config from cache: C:\Users\Asger\AppData\Local\Temp\07e57c31535919614c39951e74823d59.mpf_cache
2025-09-04 22:29:31,158 : INFO : ConfigProcessor : Loading config from cache: C:\Users\Asger\AppData\Local\Temp\d2c32dbde637ae0ada0d7d1fe223a4cd.mpf_cache
2025-09-04 22:29:31,159 : INFO : ConfigProcessor : Loading config from cache: C:\Users\Asger\AppData\Local\Temp\ced231c6d4e1b212af086a4d454edac8.mpf_cache
2025-09-04 22:29:31,159 : INFO : ConfigProcessor : Loading config from cache: C:\Users\Asger\AppData\Local\Temp\fa18a7ca6eebce61697f17dd2796d8a7.mpf_cache
2025-09-04 22:29:31,159 : INFO : ConfigProcessor : Loading config from cache: C:\Users\Asger\AppData\Local\Temp\d89b40e1ffeb17b5175ca51875794db2.mpf_cache
2025-09-04 22:29:31,159 : INFO : ConfigProcessor : Loading config from cache: C:\Users\Asger\AppData\Local\Temp\bc9aed5c3026b95c3a74d20b7378d3c7.mpf_cache
2025-09-04 22:29:31,159 : INFO : ConfigProcessor : Loading config from cache: C:\Users\Asger\AppData\Local\Temp\1be97b2a1540b92753960383ff3b0288.mpf_cache
2025-09-04 22:29:31,159 : INFO : ConfigProcessor : Loading config from cache: C:\Users\Asger\AppData\Local\Temp\6c1409e683968dde01b1fc63d63ac592.mpf_cache
2025-09-04 22:29:31,160 : INFO : ConfigProcessor : Loading config from cache: C:\Users\Asger\AppData\Local\Temp\8223d052fc9ca5690b63b354851a36a5.mpf_cache
2025-09-04 22:29:31,160 : INFO : ConfigProcessor : Loading config from cache: C:\Users\Asger\AppData\Local\Temp\debcdd3dc7951208211536df41e93144.mpf_cache
2025-09-04 22:29:31,160 : INFO : ConfigProcessor : Loading config from cache: C:\Users\Asger\AppData\Local\Temp\3ae823d2e6893dd85ae0a2de015404bb.mpf_cache
2025-09-04 22:29:31,160 : INFO : ConfigProcessor : Loading config from cache: C:\Users\Asger\AppData\Local\Temp\472617138d66fbc89b03e7902752e0fc.mpf_cache
2025-09-04 22:29:31,160 : INFO : ConfigProcessor : Loading config from cache: C:\Users\Asger\AppData\Local\Temp\4401881d8e380e4e7ee4ef63814924e9.mpf_cache
2025-09-04 22:29:31,161 : INFO : ConfigProcessor : Loading config from cache: C:\Users\Asger\AppData\Local\Temp\f366ea536c1338380b17285e8368db9c.mpf_cache
2025-09-04 22:29:31,161 : INFO : ConfigProcessor : Loading config from cache: C:\Users\Asger\AppData\Local\Temp\d23c839a1143e31e3b272f7aada46944.mpf_cache
2025-09-04 22:29:31,161 : INFO : ConfigProcessor : Loading config from cache: C:\Users\Asger\AppData\Local\Temp\6c81e91f819b9e966c204cf18d22e08c.mpf_cache
2025-09-04 22:29:31,161 : INFO : ConfigProcessor : Loading config from cache: C:\Users\Asger\AppData\Local\Temp\9771b12f542ed65db2178e376ecbbcfb.mpf_cache
2025-09-04 22:29:31,161 : INFO : ConfigProcessor : Loading config from cache: C:\Users\Asger\AppData\Local\Temp\add7530db97d411bdd347a444f1b85cd.mpf_cache
2025-09-04 22:29:31,162 : INFO : Machine : Mission Pinball Framework Core Engine v0.57.3
2025-09-04 22:29:31,162 : INFO : Machine : Command line arguments: {'no_load_cache': False, 'create_config_cache': True, 'bcp': True, 'configfile': ['config.yaml'], 'force_assets_load': False, 'platform_integration_test': False, 'jsonlogging': False, 'logfile': 'logs\\2025-09-04-22-29-31-mpf-FONMU-C534Q2MDV.log', 'pause': False, 'production': False, 'text_ui': False, 'loglevel': 15, 'consoleloglevel': 20, 'force_platform': 'virtual', 'syslog_address': None, 'mc_file_name': None, 'no_sound': False}
2025-09-04 22:29:31,162 : INFO : Machine : MPF path: C:\mpf\venv\lib\site-packages\mpf
2025-09-04 22:29:31,162 : INFO : Machine : Machine path: C:\mpf\mpf-examples-dev\demo_man
2025-09-04 22:29:31,162 : INFO : Machine : Platform: win32
2025-09-04 22:29:31,162 : INFO : Machine : Python executable location: C:\mpf\venv\Scripts\python.exe
2025-09-04 22:29:31,162 : INFO : Machine : Python version: 3.9.13 (64-bit)
2025-09-04 22:29:31,162 : INFO : Machine : Initializing MPF...
2025-09-04 22:29:31,184 : INFO : EventManager : Event: ======'machine_var_credits_string'====== Args={'value': 'FREE PLAY', 'prev_value': None, 'change': True}
2025-09-04 22:29:31,205 : INFO : EventManager : Event: ======'machine_var_master_volume'====== Args={'value': 0.5, 'prev_value': None, 'change': True}
2025-09-04 22:29:31,205 : INFO : EventManager : Event: ======'machine_var_mpf_version'====== Args={'value': 'Mission Pinball Framework v0.57.3', 'prev_value': None, 'change': True}
2025-09-04 22:29:31,205 : INFO : EventManager : Event: ======'machine_var_mpf_extended_version'====== Args={'value': 'Mission Pinball Framework v0.57.3, Config version:6, Show version: 6, BCP version:1.1', 'prev_value': None, 'change': True}
2025-09-04 22:29:31,205 : INFO : EventManager : Event: ======'machine_var_python_version'====== Args={'value': '3.9.13', 'prev_value': None, 'change': True}
2025-09-04 22:29:31,212 : INFO : EventManager : Event: ======'machine_var_platform'====== Args={'value': 'Windows-10-10.0.26100-SP0', 'prev_value': None, 'change': True}
2025-09-04 22:29:31,212 : INFO : EventManager : Event: ======'machine_var_platform_system'====== Args={'value': 'Windows', 'prev_value': None, 'change': True}
2025-09-04 22:29:31,212 : INFO : EventManager : Event: ======'machine_var_platform_release'====== Args={'value': '10', 'prev_value': None, 'change': True}
2025-09-04 22:29:31,212 : INFO : EventManager : Event: ======'machine_var_platform_version'====== Args={'value': '10.0.26100', 'prev_value': None, 'change': True}
2025-09-04 22:29:31,212 : INFO : EventManager : Event: ======'machine_var_platform_machine'====== Args={'value': 'AMD64', 'prev_value': None, 'change': True}
2025-09-04 22:29:31,212 : INFO : EventManager : Event: ======'init_phase_1'====== Args={}
2025-09-04 22:29:31,234 : INFO : EventManager : Event: ======'init_phase_2'====== Args={}
2025-09-04 22:29:31,234 : INFO : SwitchController : Found active switch: ('s22', <Platform.Virtual>) <switch.s_coin_door_closed>
2025-09-04 22:29:31,234 : INFO : SwitchController : Found active switch: ('s31', <Platform.Virtual>) <switch.s_trough_1>
2025-09-04 22:29:31,234 : INFO : SwitchController : Found active switch: ('s32', <Platform.Virtual>) <switch.s_trough_2>
2025-09-04 22:29:31,234 : INFO : SwitchController : Found active switch: ('s33', <Platform.Virtual>) <switch.s_trough_3>
2025-09-04 22:29:31,234 : INFO : SwitchController : Found active switch: ('s34', <Platform.Virtual>) <switch.s_trough_4>
2025-09-04 22:29:31,234 : INFO : SwitchController : Found active switch: ('s35', <Platform.Virtual>) <switch.s_trough_5>
2025-09-04 22:29:31,237 : INFO : EventManager : Event: ======'machine_var_score1_label'====== Args={'value': 'GRAND CHAMPION', 'prev_value': None, 'change': True}
2025-09-04 22:29:31,237 : INFO : EventManager : Event: ======'machine_var_score1_name'====== Args={'value': 'BRI', 'prev_value': None, 'change': True}
2025-09-04 22:29:31,237 : INFO : EventManager : Event: ======'machine_var_score1_value'====== Args={'value': 4242, 'prev_value': None, 'change': True}
2025-09-04 22:29:31,237 : INFO : EventManager : Event: ======'machine_var_score2_label'====== Args={'value': 'HIGH SCORE 1', 'prev_value': None, 'change': True}
2025-09-04 22:29:31,237 : INFO : EventManager : Event: ======'machine_var_score2_name'====== Args={'value': 'GHK', 'prev_value': None, 'change': True}
2025-09-04 22:29:31,237 : INFO : EventManager : Event: ======'machine_var_score2_value'====== Args={'value': 2323, 'prev_value': None, 'change': True}
2025-09-04 22:29:31,237 : INFO : EventManager : Event: ======'machine_var_score3_label'====== Args={'value': 'HIGH SCORE 2', 'prev_value': None, 'change': True}
2025-09-04 22:29:31,237 : INFO : EventManager : Event: ======'machine_var_score3_name'====== Args={'value': 'JK', 'prev_value': None, 'change': True}
2025-09-04 22:29:31,237 : INFO : EventManager : Event: ======'machine_var_score3_value'====== Args={'value': 1337, 'prev_value': None, 'change': True}
2025-09-04 22:29:31,237 : INFO : EventManager : Event: ======'machine_var_score4_label'====== Args={'value': 'HIGH SCORE 3', 'prev_value': None, 'change': True}
2025-09-04 22:29:31,237 : INFO : EventManager : Event: ======'machine_var_score4_name'====== Args={'value': 'QC', 'prev_value': None, 'change': True}
2025-09-04 22:29:31,237 : INFO : EventManager : Event: ======'machine_var_score4_value'====== Args={'value': 42, 'prev_value': None, 'change': True}
2025-09-04 22:29:31,237 : INFO : EventManager : Event: ======'machine_var_score5_label'====== Args={'value': 'HIGH SCORE 4', 'prev_value': None, 'change': True}
2025-09-04 22:29:31,237 : INFO : EventManager : Event: ======'machine_var_score5_name'====== Args={'value': 'MPF', 'prev_value': None, 'change': True}
2025-09-04 22:29:31,237 : INFO : EventManager : Event: ======'machine_var_score5_value'====== Args={'value': 23, 'prev_value': None, 'change': True}
2025-09-04 22:29:31,237 : INFO : EventManager : Event: ======'bcp_connection_attempt'====== Args={'name': 'local_display', 'host': 'localhost', 'port': 5050}
2025-09-04 22:29:31,238 : INFO : BCPClientSocket : Connecting BCP to 'local_display' at localhost:5050...
