2025-09-04 22:30:00,731 : kivy : deps: Successfully imported "kivy_deps.gstreamer" 0.3.3
2025-09-04 22:30:00,731 : kivy : deps: Successfully imported "kivy_deps.angle" 0.3.3
2025-09-04 22:30:00,731 : kivy : deps: Successfully imported "kivy_deps.glew" 0.3.1
2025-09-04 22:30:00,731 : kivy : deps: Successfully imported "kivy_deps.sdl2" 0.6.0
2025-09-04 22:30:00,731 : kivy : Kivy: v2.2.1
2025-09-04 22:30:00,731 : kivy : Kivy: Installed at "C:\mpf\venv\lib\site-packages\kivy\__init__.py"
2025-09-04 22:30:00,731 : kivy : Python: v3.9.13 (tags/v3.9.13:6de2ca5, May 17 2022, 16:36:42) [MSC v.1929 64 bit (AMD64)]
2025-09-04 22:30:00,732 : kivy : Python: Interpreter at "C:\mpf\venv\Scripts\python.exe"
2025-09-04 22:30:00,739 : kivy : Factory: 190 symbols loaded
2025-09-04 22:30:00,801 : kivy : ImageLoaderFFPy: Using ffpyplayer 4.5.1
2025-09-04 22:30:00,801 : kivy : Image: Providers: img_tex, img_dds, img_sdl2, img_pil, img_ffpyplayer 
2025-09-04 22:30:00,862 : kivy : VideoGstplayer: Using Gstreamer 1.18.5.0
2025-09-04 22:30:00,862 : kivy : Video: Provider: gstplayer
2025-09-04 22:30:00,879 : root : Loading MPF-MC controller
2025-09-04 22:30:00,880 : YamlMultifileConfigLoader : Machine config file #1: config
2025-09-04 22:30:00,880 : ConfigProcessor : Config file in cache changed: C:\mpf\mpf-examples-dev\demo_man\config\config
2025-09-04 22:30:00,880 : ConfigProcessor : Loading config from file C:\mpf\venv\lib\site-packages\mpfmc\mcconfig.yaml.
2025-09-04 22:30:00,884 : ConfigProcessor : Loading config: C:\mpf\venv\lib\site-packages\mpfmc\mcconfig.yaml
2025-09-04 22:30:00,884 : ConfigProcessor : Loading config from file C:\mpf\mpf-examples-dev\demo_man\config\config.
2025-09-04 22:30:00,885 : ConfigProcessor : Loading config: C:\mpf\mpf-examples-dev\demo_man\config\config
2025-09-04 22:30:00,893 : ConfigProcessor : Loading config: C:\mpf\mpf-examples-dev\demo_man\config\hardware.yaml
2025-09-04 22:30:00,894 : ConfigProcessor : Loading config: C:\mpf\mpf-examples-dev\demo_man\config\shots.yaml
2025-09-04 22:30:00,895 : ConfigProcessor : Loading config: C:\mpf\mpf-examples-dev\demo_man\config\keyboard.yaml
2025-09-04 22:30:00,896 : ConfigProcessor : Config file cache created: C:\Users\Asger\AppData\Local\Temp\a53e23971831c3def32efe9051ff80fa.mpf_cache
2025-09-04 22:30:00,896 : ConfigProcessor : Loading config from cache: C:\Users\Asger\AppData\Local\Temp\28e07bc42b06fdf232525503b109746b.mpf_cache
2025-09-04 22:30:00,896 : ConfigProcessor : Loading config from cache: C:\Users\Asger\AppData\Local\Temp\d5f522cce92d708c1e7c6f696d149cc3.mpf_cache
2025-09-04 22:30:00,897 : ConfigProcessor : Loading config from cache: C:\Users\Asger\AppData\Local\Temp\d62bb05c546c94a6e60a7026e75040b8.mpf_cache
2025-09-04 22:30:00,897 : ConfigProcessor : Loading config from cache: C:\Users\Asger\AppData\Local\Temp\15111c5ed4abe468683ed8b5e624919d.mpf_cache
2025-09-04 22:30:00,897 : ConfigProcessor : Loading config from cache: C:\Users\Asger\AppData\Local\Temp\6c5b2bed571f675ef4a6f117d164d549.mpf_cache
2025-09-04 22:30:00,897 : ConfigProcessor : Loading config from cache: C:\Users\Asger\AppData\Local\Temp\329520af4c53f16312de95e22bab2d9b.mpf_cache
2025-09-04 22:30:00,898 : ConfigProcessor : Loading config from cache: C:\Users\Asger\AppData\Local\Temp\09b43c5b700e26dcca8244f4580c23d5.mpf_cache
2025-09-04 22:30:00,898 : ConfigProcessor : Loading config from cache: C:\Users\Asger\AppData\Local\Temp\a6173bee294ebdb577b914e255ea8258.mpf_cache
2025-09-04 22:30:00,898 : ConfigProcessor : Loading config from cache: C:\Users\Asger\AppData\Local\Temp\07e57c31535919614c39951e74823d59.mpf_cache
2025-09-04 22:30:00,898 : ConfigProcessor : Loading config from cache: C:\Users\Asger\AppData\Local\Temp\d2c32dbde637ae0ada0d7d1fe223a4cd.mpf_cache
2025-09-04 22:30:00,898 : mpfmc : Mission Pinball Framework Media Controller (MPF-MC) v0.57.1. Requires MPF v0.57.0 or newer.
2025-09-04 22:30:00,898 : mpfmc : Found MPF v0.57.3
2025-09-04 22:30:00,898 : mpfmc : Machine path: C:\mpf\mpf-examples-dev\demo_man
2025-09-04 22:30:00,899 : mpfmc : Starting clock at 60.0Hz
2025-09-04 22:30:00,905 : kivy : Text: Provider: sdl2
2025-09-04 22:30:00,923 : kivy : Window: Provider: sdl2
2025-09-04 22:30:01,335 : kivy : GL: Using the "OpenGL" graphics system
2025-09-04 22:30:01,338 : kivy : GL: GLEW initialization succeeded
2025-09-04 22:30:01,338 : kivy : GL: Backend used <glew>
2025-09-04 22:30:01,338 : kivy : GL: OpenGL version <b'4.6.0 NVIDIA 581.15'>
2025-09-04 22:30:01,338 : kivy : GL: OpenGL vendor <b'NVIDIA Corporation'>
2025-09-04 22:30:01,338 : kivy : GL: OpenGL renderer <b'NVIDIA GeForce RTX 5090/PCIe/SSE2'>
2025-09-04 22:30:01,338 : kivy : GL: OpenGL parsed version: 4, 6
2025-09-04 22:30:01,338 : kivy : GL: Shading version <b'4.60 NVIDIA'>
2025-09-04 22:30:01,338 : kivy : GL: Texture max size <32768>
2025-09-04 22:30:01,338 : kivy : GL: Texture max units <32>
2025-09-04 22:30:01,348 : kivy : Window: auto add sdl2 input provider
2025-09-04 22:30:01,348 : kivy : Window: virtual keyboard not allowed, single mode, not docked
2025-09-04 22:30:01,352 : SoundSystem : SoundSystem: The sound system has been disabled in the configuration file (enabled: False). No audio features will be available.
2025-09-04 22:30:01,353 : kivy : Base: Start application main loop
2025-09-04 22:30:01,353 : EventManager : Event: ======'display_window_initialized'====== Args={}
2025-09-04 22:30:01,353 : EventManager : Event: ======'display_dmd_initialized'====== Args={}
2025-09-04 22:30:01,366 : mpfmc : Display: Setting 'dmd' as default display
2025-09-04 22:30:01,368 : EventManager : Event: ======'displays_initialized'====== Args={}
2025-09-04 22:30:01,369 : EventManager : Event: ======'slide_window_blank_created'====== Args={}
2025-09-04 22:30:01,369 : EventManager : Event: ======'display_window_ready'====== Args={}
2025-09-04 22:30:01,369 : EventManager : Event: ======'slide_dmd_blank_created'====== Args={}
2025-09-04 22:30:01,369 : EventManager : Event: ======'display_dmd_ready'====== Args={}
2025-09-04 22:30:01,372 : EventManager : Event: ======'init_phase_1'====== Args={}
2025-09-04 22:30:01,373 : EventManager : Event: ======'mc_ready'====== Args={}
2025-09-04 22:30:01,374 : kivy : GL: NPOT texture support is available
2025-09-04 22:30:01,385 : EventManager : Event: ======'slide_window_slide_1_created'====== Args={}
2025-09-04 22:30:01,386 : EventManager : Event: ======'init_phase_2'====== Args={}
2025-09-04 22:30:01,389 : EventManager : Event: ======'init_phase_3'====== Args={}
2025-09-04 22:30:01,390 : EventManager : Event: ======'init_phase_4'====== Args={}
2025-09-04 22:30:01,390 : EventManager : Event: ======'init_phase_5'====== Args={}
2025-09-04 22:30:01,390 : EventManager : Event: ======'init_done'====== Args={}
2025-09-04 22:30:01,390 : MPF-MC BCP Server : Starting up on localhost port 5050
2025-09-04 22:30:01,392 : MPF-MC BCP Server : Waiting for a connection...
2025-09-04 22:30:01,399 : EventManager : Event: ======'slide_window_slide_1_active'====== Args={}
2025-09-04 22:30:01,401 : EventManager : Event: ======'client_disconnected'====== Args={'host': '127.0.0.1', 'port': 5050}
2025-09-04 22:35:20,970 : kivy : Base: Leaving application in progress...
2025-09-04 22:35:20,971 : mpfmc : Stopping...
2025-09-04 22:35:20,971 : EventManager : Event: ======'shutdown'====== Args={}
2025-09-04 22:35:20,971 : mpfmc : Loop rate 59.89 Hz
2025-09-04 22:35:20,971 : root : MC run loop ended.
2025-09-04 22:35:20,971 : root : Stopping child threads... (3 remaining)
2025-09-04 22:35:21,329 : MPF-MC BCP Server : Stopping BCP listener thread
2025-09-04 22:35:21,512 : MPF-MC BCP Server : Stopping BCP sending thread
2025-09-04 22:35:21,575 : root : All child threads stopped.
