2025-09-05 21:43:38,237 : INFO : root : Loading config.
2025-09-05 21:43:38,237 : INFO : YamlMultifileConfigLoader : Machine config file #1: config.yaml
2025-09-05 21:43:38,237 : INFO : ConfigProcessor : Loading config from cache: C:\Users\Asger\AppData\Local\Temp\a4ba778c76b5e188585c7949537932e0.mpf_cache
2025-09-05 21:43:38,270 : INFO : ConfigProcessor : Loading config from cache: C:\Users\Asger\AppData\Local\Temp\28e07bc42b06fdf232525503b109746b.mpf_cache
2025-09-05 21:43:38,270 : INFO : ConfigProcessor : Loading config from cache: C:\Users\Asger\AppData\Local\Temp\d5f522cce92d708c1e7c6f696d149cc3.mpf_cache
2025-09-05 21:43:38,278 : INFO : ConfigProcessor : Loading config from cache: C:\Users\Asger\AppData\Local\Temp\d62bb05c546c94a6e60a7026e75040b8.mpf_cache
2025-09-05 21:43:38,278 : INFO : ConfigProcessor : Loading config from cache: C:\Users\Asger\AppData\Local\Temp\15111c5ed4abe468683ed8b5e624919d.mpf_cache
2025-09-05 21:43:38,278 : INFO : ConfigProcessor : Loading config from cache: C:\Users\Asger\AppData\Local\Temp\6c5b2bed571f675ef4a6f117d164d549.mpf_cache
2025-09-05 21:43:38,278 : INFO : ConfigProcessor : Loading config from cache: C:\Users\Asger\AppData\Local\Temp\329520af4c53f16312de95e22bab2d9b.mpf_cache
2025-09-05 21:43:38,279 : INFO : ConfigProcessor : Loading config from cache: C:\Users\Asger\AppData\Local\Temp\09b43c5b700e26dcca8244f4580c23d5.mpf_cache
2025-09-05 21:43:38,279 : INFO : ConfigProcessor : Loading config from cache: C:\Users\Asger\AppData\Local\Temp\a6173bee294ebdb577b914e255ea8258.mpf_cache
2025-09-05 21:43:38,279 : INFO : ConfigProcessor : Loading config from cache: C:\Users\Asger\AppData\Local\Temp\07e57c31535919614c39951e74823d59.mpf_cache
2025-09-05 21:43:38,279 : INFO : ConfigProcessor : Loading config from cache: C:\Users\Asger\AppData\Local\Temp\d2c32dbde637ae0ada0d7d1fe223a4cd.mpf_cache
2025-09-05 21:43:38,280 : INFO : ConfigProcessor : Loading config from cache: C:\Users\Asger\AppData\Local\Temp\ced231c6d4e1b212af086a4d454edac8.mpf_cache
2025-09-05 21:43:38,280 : INFO : ConfigProcessor : Loading config from cache: C:\Users\Asger\AppData\Local\Temp\fa18a7ca6eebce61697f17dd2796d8a7.mpf_cache
2025-09-05 21:43:38,280 : INFO : ConfigProcessor : Loading config from cache: C:\Users\Asger\AppData\Local\Temp\d89b40e1ffeb17b5175ca51875794db2.mpf_cache
2025-09-05 21:43:38,280 : INFO : ConfigProcessor : Loading config from cache: C:\Users\Asger\AppData\Local\Temp\bc9aed5c3026b95c3a74d20b7378d3c7.mpf_cache
2025-09-05 21:43:38,280 : INFO : ConfigProcessor : Loading config from cache: C:\Users\Asger\AppData\Local\Temp\1be97b2a1540b92753960383ff3b0288.mpf_cache
2025-09-05 21:43:38,280 : INFO : ConfigProcessor : Loading config from cache: C:\Users\Asger\AppData\Local\Temp\6c1409e683968dde01b1fc63d63ac592.mpf_cache
2025-09-05 21:43:38,281 : INFO : ConfigProcessor : Loading config from cache: C:\Users\Asger\AppData\Local\Temp\8223d052fc9ca5690b63b354851a36a5.mpf_cache
2025-09-05 21:43:38,281 : INFO : ConfigProcessor : Loading config from cache: C:\Users\Asger\AppData\Local\Temp\debcdd3dc7951208211536df41e93144.mpf_cache
2025-09-05 21:43:38,281 : INFO : ConfigProcessor : Loading config from cache: C:\Users\Asger\AppData\Local\Temp\3ae823d2e6893dd85ae0a2de015404bb.mpf_cache
2025-09-05 21:43:38,281 : INFO : ConfigProcessor : Loading config from cache: C:\Users\Asger\AppData\Local\Temp\472617138d66fbc89b03e7902752e0fc.mpf_cache
2025-09-05 21:43:38,281 : INFO : ConfigProcessor : Loading config from cache: C:\Users\Asger\AppData\Local\Temp\4401881d8e380e4e7ee4ef63814924e9.mpf_cache
2025-09-05 21:43:38,281 : INFO : ConfigProcessor : Loading config from cache: C:\Users\Asger\AppData\Local\Temp\f366ea536c1338380b17285e8368db9c.mpf_cache
2025-09-05 21:43:38,282 : INFO : ConfigProcessor : Loading config from cache: C:\Users\Asger\AppData\Local\Temp\d23c839a1143e31e3b272f7aada46944.mpf_cache
2025-09-05 21:43:38,282 : INFO : ConfigProcessor : Loading config from cache: C:\Users\Asger\AppData\Local\Temp\6c81e91f819b9e966c204cf18d22e08c.mpf_cache
2025-09-05 21:43:38,282 : INFO : ConfigProcessor : Loading config from cache: C:\Users\Asger\AppData\Local\Temp\9771b12f542ed65db2178e376ecbbcfb.mpf_cache
2025-09-05 21:43:38,282 : INFO : ConfigProcessor : Loading config from cache: C:\Users\Asger\AppData\Local\Temp\add7530db97d411bdd347a444f1b85cd.mpf_cache
2025-09-05 21:43:38,282 : INFO : Machine : Mission Pinball Framework Core Engine v0.57.3
2025-09-05 21:43:38,282 : INFO : Machine : Command line arguments: {'no_load_cache': False, 'create_config_cache': True, 'bcp': True, 'configfile': ['config.yaml'], 'force_assets_load': False, 'platform_integration_test': False, 'jsonlogging': False, 'logfile': 'logs\\2025-09-05-21-43-38-mpf-FONMU-C534Q2MDV.log', 'pause': False, 'production': False, 'text_ui': True, 'loglevel': 15, 'consoleloglevel': 20, 'force_platform': None, 'syslog_address': None, 'mc_file_name': None, 'no_sound': False}
2025-09-05 21:43:38,282 : INFO : Machine : MPF path: C:\mpf\venv\lib\site-packages\mpf
2025-09-05 21:43:38,282 : INFO : Machine : Machine path: C:\mpf\mpf-examples-dev\demo_man
2025-09-05 21:43:38,283 : INFO : Machine : Platform: win32
2025-09-05 21:43:38,283 : INFO : Machine : Python executable location: C:\mpf\venv\Scripts\python.exe
2025-09-05 21:43:38,283 : INFO : Machine : Python version: 3.9.13 (64-bit)
2025-09-05 21:43:38,284 : INFO : Machine : Initializing MPF...
2025-09-05 21:43:38,387 : INFO : P-Roc : Connecting to P-ROC
2025-09-05 21:43:38,981 : WARNING : P-Roc : Failed to instantiate pinproc.PinPROC(3): Error reading Chip IP and Version. Read 6 words instead of 5. The first 2 were: 0x0 and 0x0.. Is your P/P3-Roc connected and powered up?
2025-09-05 21:43:38,981 : INFO : P-Roc : Will retry creating PinPROC in 1s.
2025-09-05 21:43:40,080 : INFO : P-Roc : Successfully connected to P-ROC/P3-ROC. Firmware Version: 1. Firmware Revision: 22. Hardware Board ID: 0
2025-09-05 21:43:40,080 : WARNING : P-Roc : Consider upgrading the firmware of your P/P3-Roc to at least 2.14. Your version contains known bugs. See: https://missionpinball.org/logs
2025-09-05 21:43:40,080 : INFO : EventManager : Event: ======'machine_var_p_roc_version'====== Args={'value': 1, 'prev_value': None, 'change': True}
2025-09-05 21:43:40,080 : INFO : EventManager : Event: ======'machine_var_p_roc_revision'====== Args={'value': 22, 'prev_value': None, 'change': True}
2025-09-05 21:43:40,080 : INFO : EventManager : Event: ======'machine_var_p_roc_hardware_version'====== Args={'value': 0, 'prev_value': None, 'change': True}
2025-09-05 21:43:40,080 : INFO : EventManager : Event: ======'machine_var_credits_string'====== Args={'value': 'FREE PLAY', 'prev_value': None, 'change': True}
2025-09-05 21:43:40,100 : INFO : EventManager : Event: ======'machine_var_master_volume'====== Args={'value': 0.5, 'prev_value': None, 'change': True}
2025-09-05 21:43:40,100 : INFO : EventManager : Event: ======'machine_var_mpf_version'====== Args={'value': 'Mission Pinball Framework v0.57.3', 'prev_value': None, 'change': True}
2025-09-05 21:43:40,100 : INFO : EventManager : Event: ======'machine_var_mpf_extended_version'====== Args={'value': 'Mission Pinball Framework v0.57.3, Config version:6, Show version: 6, BCP version:1.1', 'prev_value': None, 'change': True}
2025-09-05 21:43:40,100 : INFO : EventManager : Event: ======'machine_var_python_version'====== Args={'value': '3.9.13', 'prev_value': None, 'change': True}
2025-09-05 21:43:40,105 : INFO : EventManager : Event: ======'machine_var_platform'====== Args={'value': 'Windows-10-10.0.26100-SP0', 'prev_value': None, 'change': True}
2025-09-05 21:43:40,105 : INFO : EventManager : Event: ======'machine_var_platform_system'====== Args={'value': 'Windows', 'prev_value': None, 'change': True}
2025-09-05 21:43:40,105 : INFO : EventManager : Event: ======'machine_var_platform_release'====== Args={'value': '10', 'prev_value': None, 'change': True}
2025-09-05 21:43:40,105 : INFO : EventManager : Event: ======'machine_var_platform_version'====== Args={'value': '10.0.26100', 'prev_value': None, 'change': True}
2025-09-05 21:43:40,105 : INFO : EventManager : Event: ======'machine_var_platform_machine'====== Args={'value': 'AMD64', 'prev_value': None, 'change': True}
2025-09-05 21:43:40,105 : INFO : EventManager : Event: ======'init_phase_1'====== Args={}
2025-09-05 21:43:40,135 : INFO : EventManager : Event: ======'init_phase_2'====== Args={}
2025-09-05 21:43:40,159 : INFO : SwitchController : Found active switch: (49, <Platform.P-ROC>) <switch.s_coin_door_closed>
2025-09-05 21:43:40,159 : INFO : SwitchController : Found active switch: (51, <Platform.P-ROC>) <switch.s_always_closed>
2025-09-05 21:43:40,159 : INFO : SwitchController : Found active switch: (53, <Platform.P-ROC>) <switch.s_claw_position_2>
2025-09-05 21:43:40,159 : INFO : SwitchController : Found active switch: (64, <Platform.P-ROC>) <switch.s_trough_1>
2025-09-05 21:43:40,159 : INFO : SwitchController : Found active switch: (65, <Platform.P-ROC>) <switch.s_trough_2>
2025-09-05 21:43:40,159 : INFO : SwitchController : Found active switch: (66, <Platform.P-ROC>) <switch.s_trough_3>
2025-09-05 21:43:40,159 : INFO : SwitchController : Found active switch: (67, <Platform.P-ROC>) <switch.s_trough_4>
2025-09-05 21:43:40,159 : INFO : SwitchController : Found active switch: (68, <Platform.P-ROC>) <switch.s_trough_5>
2025-09-05 21:43:40,162 : INFO : EventManager : Event: ======'machine_var_score1_label'====== Args={'value': 'GRAND CHAMPION', 'prev_value': None, 'change': True}
2025-09-05 21:43:40,163 : INFO : EventManager : Event: ======'machine_var_score1_name'====== Args={'value': 'BRI', 'prev_value': None, 'change': True}
2025-09-05 21:43:40,163 : INFO : EventManager : Event: ======'machine_var_score1_value'====== Args={'value': 4242, 'prev_value': None, 'change': True}
2025-09-05 21:43:40,163 : INFO : EventManager : Event: ======'machine_var_score2_label'====== Args={'value': 'HIGH SCORE 1', 'prev_value': None, 'change': True}
2025-09-05 21:43:40,163 : INFO : EventManager : Event: ======'machine_var_score2_name'====== Args={'value': 'GHK', 'prev_value': None, 'change': True}
2025-09-05 21:43:40,163 : INFO : EventManager : Event: ======'machine_var_score2_value'====== Args={'value': 2323, 'prev_value': None, 'change': True}
2025-09-05 21:43:40,163 : INFO : EventManager : Event: ======'machine_var_score3_label'====== Args={'value': 'HIGH SCORE 2', 'prev_value': None, 'change': True}
2025-09-05 21:43:40,163 : INFO : EventManager : Event: ======'machine_var_score3_name'====== Args={'value': 'JK', 'prev_value': None, 'change': True}
2025-09-05 21:43:40,163 : INFO : EventManager : Event: ======'machine_var_score3_value'====== Args={'value': 1337, 'prev_value': None, 'change': True}
2025-09-05 21:43:40,163 : INFO : EventManager : Event: ======'machine_var_score4_label'====== Args={'value': 'HIGH SCORE 3', 'prev_value': None, 'change': True}
2025-09-05 21:43:40,163 : INFO : EventManager : Event: ======'machine_var_score4_name'====== Args={'value': 'QC', 'prev_value': None, 'change': True}
2025-09-05 21:43:40,163 : INFO : EventManager : Event: ======'machine_var_score4_value'====== Args={'value': 42, 'prev_value': None, 'change': True}
2025-09-05 21:43:40,163 : INFO : EventManager : Event: ======'machine_var_score5_label'====== Args={'value': 'HIGH SCORE 4', 'prev_value': None, 'change': True}
2025-09-05 21:43:40,163 : INFO : EventManager : Event: ======'machine_var_score5_name'====== Args={'value': 'MPF', 'prev_value': None, 'change': True}
2025-09-05 21:43:40,163 : INFO : EventManager : Event: ======'machine_var_score5_value'====== Args={'value': 23, 'prev_value': None, 'change': True}
2025-09-05 21:43:40,163 : INFO : EventManager : Event: ======'bcp_connection_attempt'====== Args={'name': 'local_display', 'host': 'localhost', 'port': 5050}
2025-09-05 21:43:40,164 : INFO : BCPClientSocket : Connecting BCP to 'local_display' at localhost:5050...
2025-09-05 21:43:42,245 : INFO : BCPClientSocket : Connected BCP to 'local_display' localhost:5050
2025-09-05 21:43:42,245 : INFO : EventManager : Event: ======'bcp_clients_connected'====== Args={}
2025-09-05 21:43:42,304 : INFO : ball_device.trough : BCH: Initial count: 5
2025-09-05 21:43:42,304 : INFO : EventManager : Event: ======'machine_var_mc_version'====== Args={'value': 'MPF-MC v0.57.1', 'prev_value': None, 'change': True}
2025-09-05 21:43:42,304 : INFO : EventManager : Event: ======'machine_var_mc_extended_version'====== Args={'value': 'MPF-MC v0.57.1 (config_version=6, BCP v1.1,                      Requires MPF API compatibility v0.57.0 or newer)', 'prev_value': None, 'change': True}
2025-09-05 21:43:42,341 : INFO : ball_device.trough : State: idle
2025-09-05 21:43:42,342 : INFO : ball_device.shooter_lane : BCH: Initial count: 0
2025-09-05 21:43:42,342 : INFO : ball_device.shooter_lane : State: idle
2025-09-05 21:43:42,343 : INFO : ball_device.retina_hole : BCH: Initial count: 0
2025-09-05 21:43:42,343 : INFO : ball_device.retina_hole : State: idle
2025-09-05 21:43:42,343 : INFO : ball_device.lower_vuk : BCH: Initial count: 0
2025-09-05 21:43:42,343 : INFO : ball_device.lower_vuk : State: idle
2025-09-05 21:43:42,343 : INFO : ball_device.upper_vuk : BCH: Initial count: 0
2025-09-05 21:43:42,343 : INFO : ball_device.upper_vuk : State: idle
2025-09-05 21:43:42,343 : INFO : ball_device.elevator : BCH: Initial count: 0
2025-09-05 21:43:42,344 : INFO : ball_device.elevator : State: idle
2025-09-05 21:43:42,354 : INFO : EventManager : Event: ======'init_phase_3'====== Args={}
2025-09-05 21:43:42,364 : INFO : EventManager : Event: ======'init_phase_4'====== Args={}
2025-09-05 21:43:42,365 : INFO : BallController : Initial balls found: 5
2025-09-05 21:43:42,365 : INFO : EventManager : Event: ======'machine_var_audits_events_game_ended'====== Args={'value': 0, 'prev_value': None, 'change': True}
2025-09-05 21:43:42,365 : INFO : EventManager : Event: ======'machine_var_audits_events_game_started'====== Args={'value': 5, 'prev_value': None, 'change': True}
2025-09-05 21:43:42,365 : INFO : EventManager : Event: ======'machine_var_audits_missing_switches_s_always_closed'====== Args={'value': 5, 'prev_value': None, 'change': True}
2025-09-05 21:43:42,365 : INFO : EventManager : Event: ======'machine_var_audits_missing_switches_s_bottom_popper'====== Args={'value': 5, 'prev_value': None, 'change': True}
2025-09-05 21:43:42,366 : INFO : EventManager : Event: ======'machine_var_audits_missing_switches_s_buy_in'====== Args={'value': 5, 'prev_value': None, 'change': True}
2025-09-05 21:43:42,366 : INFO : EventManager : Event: ======'machine_var_audits_missing_switches_s_car_chase_1'====== Args={'value': 5, 'prev_value': None, 'change': True}
2025-09-05 21:43:42,366 : INFO : EventManager : Event: ======'machine_var_audits_missing_switches_s_car_chase_2'====== Args={'value': 5, 'prev_value': None, 'change': True}
2025-09-05 21:43:42,366 : INFO : EventManager : Event: ======'machine_var_audits_missing_switches_s_car_chase_standup'====== Args={'value': 5, 'prev_value': None, 'change': True}
2025-09-05 21:43:42,366 : INFO : EventManager : Event: ======'machine_var_audits_missing_switches_s_center_coin'====== Args={'value': 5, 'prev_value': None, 'change': True}
2025-09-05 21:43:42,366 : INFO : EventManager : Event: ======'machine_var_audits_missing_switches_s_center_ramp'====== Args={'value': 5, 'prev_value': None, 'change': True}
2025-09-05 21:43:42,366 : INFO : EventManager : Event: ======'machine_var_audits_missing_switches_s_center_rollover'====== Args={'value': 5, 'prev_value': None, 'change': True}
2025-09-05 21:43:42,366 : INFO : EventManager : Event: ======'machine_var_audits_missing_switches_s_claw_capture_simon'====== Args={'value': 5, 'prev_value': None, 'change': True}
2025-09-05 21:43:42,366 : INFO : EventManager : Event: ======'machine_var_audits_missing_switches_s_claw_lock_freeze'====== Args={'value': 5, 'prev_value': None, 'change': True}
2025-09-05 21:43:42,366 : INFO : EventManager : Event: ======'machine_var_audits_missing_switches_s_claw_position_1'====== Args={'value': 5, 'prev_value': None, 'change': True}
2025-09-05 21:43:42,366 : INFO : EventManager : Event: ======'machine_var_audits_missing_switches_s_claw_position_2'====== Args={'value': 5, 'prev_value': None, 'change': True}
2025-09-05 21:43:42,366 : INFO : EventManager : Event: ======'machine_var_audits_missing_switches_s_claw_prison_break'====== Args={'value': 5, 'prev_value': None, 'change': True}
2025-09-05 21:43:42,366 : INFO : EventManager : Event: ======'machine_var_audits_missing_switches_s_claw_start_acmag'====== Args={'value': 5, 'prev_value': None, 'change': True}
2025-09-05 21:43:42,366 : INFO : EventManager : Event: ======'machine_var_audits_missing_switches_s_claw_super_jets'====== Args={'value': 5, 'prev_value': None, 'change': True}
2025-09-05 21:43:42,366 : INFO : EventManager : Event: ======'machine_var_audits_missing_switches_s_coin_door_closed'====== Args={'value': 5, 'prev_value': None, 'change': True}
2025-09-05 21:43:42,367 : INFO : EventManager : Event: ======'machine_var_audits_missing_switches_s_down'====== Args={'value': 5, 'prev_value': None, 'change': True}
2025-09-05 21:43:42,367 : INFO : EventManager : Event: ======'machine_var_audits_missing_switches_s_eject'====== Args={'value': 5, 'prev_value': None, 'change': True}
2025-09-05 21:43:42,367 : INFO : EventManager : Event: ======'machine_var_audits_missing_switches_s_elevator_hold'====== Args={'value': 5, 'prev_value': None, 'change': True}
2025-09-05 21:43:42,367 : INFO : EventManager : Event: ======'machine_var_audits_missing_switches_s_elevator_index'====== Args={'value': 5, 'prev_value': None, 'change': True}
2025-09-05 21:43:42,367 : INFO : EventManager : Event: ======'machine_var_audits_missing_switches_s_enter'====== Args={'value': 5, 'prev_value': None, 'change': True}
2025-09-05 21:43:42,367 : INFO : EventManager : Event: ======'machine_var_audits_missing_switches_s_esc'====== Args={'value': 5, 'prev_value': None, 'change': True}
2025-09-05 21:43:42,367 : INFO : EventManager : Event: ======'machine_var_audits_missing_switches_s_eyeball_standup'====== Args={'value': 5, 'prev_value': None, 'change': True}
2025-09-05 21:43:42,367 : INFO : EventManager : Event: ======'machine_var_audits_missing_switches_s_flipper_lower_left'====== Args={'value': 2, 'prev_value': None, 'change': True}
2025-09-05 21:43:42,367 : INFO : EventManager : Event: ======'machine_var_audits_missing_switches_s_flipper_lower_left_eos'====== Args={'value': 5, 'prev_value': None, 'change': True}
2025-09-05 21:43:42,367 : INFO : EventManager : Event: ======'machine_var_audits_missing_switches_s_flipper_lower_right'====== Args={'value': 5, 'prev_value': None, 'change': True}
2025-09-05 21:43:42,367 : INFO : EventManager : Event: ======'machine_var_audits_missing_switches_s_flipper_lower_right_eos'====== Args={'value': 5, 'prev_value': None, 'change': True}
2025-09-05 21:43:42,367 : INFO : EventManager : Event: ======'machine_var_audits_missing_switches_s_flipper_upper_left_eos'====== Args={'value': 5, 'prev_value': None, 'change': True}
2025-09-05 21:43:42,368 : INFO : EventManager : Event: ======'machine_var_audits_missing_switches_s_flipper_upper_right_eos'====== Args={'value': 5, 'prev_value': None, 'change': True}
2025-09-05 21:43:42,368 : INFO : EventManager : Event: ======'machine_var_audits_missing_switches_s_fourth_coin'====== Args={'value': 5, 'prev_value': None, 'change': True}
2025-09-05 21:43:42,368 : INFO : EventManager : Event: ======'machine_var_audits_missing_switches_s_handle_trigger_left'====== Args={'value': 5, 'prev_value': None, 'change': True}
2025-09-05 21:43:42,368 : INFO : EventManager : Event: ======'machine_var_audits_missing_switches_s_handle_trigger_right'====== Args={'value': 5, 'prev_value': None, 'change': True}
2025-09-05 21:43:42,368 : INFO : EventManager : Event: ======'machine_var_audits_missing_switches_s_left_coin'====== Args={'value': 5, 'prev_value': None, 'change': True}
2025-09-05 21:43:42,368 : INFO : EventManager : Event: ======'machine_var_audits_missing_switches_s_left_handle_button'====== Args={'value': 5, 'prev_value': None, 'change': True}
2025-09-05 21:43:42,368 : INFO : EventManager : Event: ======'machine_var_audits_missing_switches_s_left_inlane'====== Args={'value': 1, 'prev_value': None, 'change': True}
2025-09-05 21:43:42,368 : INFO : EventManager : Event: ======'machine_var_audits_missing_switches_s_left_jet'====== Args={'value': 5, 'prev_value': None, 'change': True}
2025-09-05 21:43:42,368 : INFO : EventManager : Event: ======'machine_var_audits_missing_switches_s_left_outlane'====== Args={'value': 3, 'prev_value': None, 'change': True}
2025-09-05 21:43:42,368 : INFO : EventManager : Event: ======'machine_var_audits_missing_switches_s_left_ramp_enter'====== Args={'value': 5, 'prev_value': None, 'change': True}
2025-09-05 21:43:42,368 : INFO : EventManager : Event: ======'machine_var_audits_missing_switches_s_left_ramp_exit'====== Args={'value': 5, 'prev_value': None, 'change': True}
2025-09-05 21:43:42,368 : INFO : EventManager : Event: ======'machine_var_audits_missing_switches_s_left_rollover'====== Args={'value': 5, 'prev_value': None, 'change': True}
2025-09-05 21:43:42,368 : INFO : EventManager : Event: ======'machine_var_audits_missing_switches_s_lower_rebound'====== Args={'value': 2, 'prev_value': None, 'change': True}
2025-09-05 21:43:42,369 : INFO : EventManager : Event: ======'machine_var_audits_missing_switches_s_plumb_bob'====== Args={'value': 5, 'prev_value': None, 'change': True}
2025-09-05 21:43:42,369 : INFO : EventManager : Event: ======'machine_var_audits_missing_switches_s_right_coin'====== Args={'value': 5, 'prev_value': None, 'change': True}
2025-09-05 21:43:42,369 : INFO : EventManager : Event: ======'machine_var_audits_missing_switches_s_right_inlane'====== Args={'value': 5, 'prev_value': None, 'change': True}
2025-09-05 21:43:42,369 : INFO : EventManager : Event: ======'machine_var_audits_missing_switches_s_right_jet'====== Args={'value': 5, 'prev_value': None, 'change': True}
2025-09-05 21:43:42,369 : INFO : EventManager : Event: ======'machine_var_audits_missing_switches_s_right_outlane'====== Args={'value': 5, 'prev_value': None, 'change': True}
2025-09-05 21:43:42,369 : INFO : EventManager : Event: ======'machine_var_audits_missing_switches_s_right_ramp_enter'====== Args={'value': 5, 'prev_value': None, 'change': True}
2025-09-05 21:43:42,369 : INFO : EventManager : Event: ======'machine_var_audits_missing_switches_s_right_ramp_exit'====== Args={'value': 5, 'prev_value': None, 'change': True}
2025-09-05 21:43:42,369 : INFO : EventManager : Event: ======'machine_var_audits_missing_switches_s_right_rollover'====== Args={'value': 5, 'prev_value': None, 'change': True}
2025-09-05 21:43:42,369 : INFO : EventManager : Event: ======'machine_var_audits_missing_switches_s_side_ramp_enter'====== Args={'value': 5, 'prev_value': None, 'change': True}
2025-09-05 21:43:42,369 : INFO : EventManager : Event: ======'machine_var_audits_missing_switches_s_side_ramp_exit'====== Args={'value': 5, 'prev_value': None, 'change': True}
2025-09-05 21:43:42,370 : INFO : EventManager : Event: ======'machine_var_audits_missing_switches_s_slam_tilt'====== Args={'value': 5, 'prev_value': None, 'change': True}
2025-09-05 21:43:42,370 : INFO : EventManager : Event: ======'machine_var_audits_missing_switches_s_standup_1'====== Args={'value': 5, 'prev_value': None, 'change': True}
2025-09-05 21:43:42,370 : INFO : EventManager : Event: ======'machine_var_audits_missing_switches_s_standup_2'====== Args={'value': 5, 'prev_value': None, 'change': True}
2025-09-05 21:43:42,370 : INFO : EventManager : Event: ======'machine_var_audits_missing_switches_s_standup_3'====== Args={'value': 5, 'prev_value': None, 'change': True}
2025-09-05 21:43:42,370 : INFO : EventManager : Event: ======'machine_var_audits_missing_switches_s_standup_4'====== Args={'value': 5, 'prev_value': None, 'change': True}
2025-09-05 21:43:42,370 : INFO : EventManager : Event: ======'machine_var_audits_missing_switches_s_standup_5'====== Args={'value': 5, 'prev_value': None, 'change': True}
2025-09-05 21:43:42,370 : INFO : EventManager : Event: ======'machine_var_audits_missing_switches_s_start'====== Args={'value': 4, 'prev_value': None, 'change': True}
2025-09-05 21:43:42,370 : INFO : EventManager : Event: ======'machine_var_audits_missing_switches_s_top_popper'====== Args={'value': 5, 'prev_value': None, 'change': True}
2025-09-05 21:43:42,370 : INFO : EventManager : Event: ======'machine_var_audits_missing_switches_s_top_slingshot'====== Args={'value': 5, 'prev_value': None, 'change': True}
2025-09-05 21:43:42,371 : INFO : EventManager : Event: ======'machine_var_audits_missing_switches_s_trough_3'====== Args={'value': 5, 'prev_value': None, 'change': True}
2025-09-05 21:43:42,371 : INFO : EventManager : Event: ======'machine_var_audits_missing_switches_s_up'====== Args={'value': 5, 'prev_value': None, 'change': True}
2025-09-05 21:43:42,372 : INFO : EventManager : Event: ======'machine_var_audits_missing_switches_s_upper_rebound'====== Args={'value': 5, 'prev_value': None, 'change': True}
2025-09-05 21:43:42,372 : INFO : EventManager : Event: ======'machine_var_audits_player_score'====== Args={'value': {'average': 0, 'top': [], 'total': 0}, 'prev_value': None, 'change': True}
2025-09-05 21:43:42,372 : INFO : EventManager : Event: ======'machine_var_audits_switches_s_always_closed'====== Args={'value': 0, 'prev_value': None, 'change': True}
2025-09-05 21:43:42,372 : INFO : EventManager : Event: ======'machine_var_audits_switches_s_ball_launch'====== Args={'value': 23, 'prev_value': None, 'change': True}
2025-09-05 21:43:42,372 : INFO : EventManager : Event: ======'machine_var_audits_switches_s_bottom_popper'====== Args={'value': 0, 'prev_value': None, 'change': True}
2025-09-05 21:43:42,373 : INFO : EventManager : Event: ======'machine_var_audits_switches_s_buy_in'====== Args={'value': 0, 'prev_value': None, 'change': True}
2025-09-05 21:43:42,373 : INFO : EventManager : Event: ======'machine_var_audits_switches_s_car_chase_1'====== Args={'value': 0, 'prev_value': None, 'change': True}
2025-09-05 21:43:42,373 : INFO : EventManager : Event: ======'machine_var_audits_switches_s_car_chase_2'====== Args={'value': 0, 'prev_value': None, 'change': True}
2025-09-05 21:43:42,373 : INFO : EventManager : Event: ======'machine_var_audits_switches_s_car_chase_standup'====== Args={'value': 0, 'prev_value': None, 'change': True}
2025-09-05 21:43:42,373 : INFO : EventManager : Event: ======'machine_var_audits_switches_s_center_coin'====== Args={'value': 0, 'prev_value': None, 'change': True}
2025-09-05 21:43:42,374 : INFO : EventManager : Event: ======'machine_var_audits_switches_s_center_ramp'====== Args={'value': 0, 'prev_value': None, 'change': True}
2025-09-05 21:43:42,374 : INFO : EventManager : Event: ======'machine_var_audits_switches_s_center_rollover'====== Args={'value': 0, 'prev_value': None, 'change': True}
2025-09-05 21:43:42,374 : INFO : EventManager : Event: ======'machine_var_audits_switches_s_claw_capture_simon'====== Args={'value': 0, 'prev_value': None, 'change': True}
2025-09-05 21:43:42,374 : INFO : EventManager : Event: ======'machine_var_audits_switches_s_claw_lock_freeze'====== Args={'value': 0, 'prev_value': None, 'change': True}
2025-09-05 21:43:42,374 : INFO : EventManager : Event: ======'machine_var_audits_switches_s_claw_position_1'====== Args={'value': 0, 'prev_value': None, 'change': True}
2025-09-05 21:43:42,375 : INFO : EventManager : Event: ======'machine_var_audits_switches_s_claw_position_2'====== Args={'value': 0, 'prev_value': None, 'change': True}
2025-09-05 21:43:42,375 : INFO : EventManager : Event: ======'machine_var_audits_switches_s_claw_prison_break'====== Args={'value': 0, 'prev_value': None, 'change': True}
2025-09-05 21:43:42,375 : INFO : EventManager : Event: ======'machine_var_audits_switches_s_claw_start_acmag'====== Args={'value': 0, 'prev_value': None, 'change': True}
2025-09-05 21:43:42,375 : INFO : EventManager : Event: ======'machine_var_audits_switches_s_claw_super_jets'====== Args={'value': 0, 'prev_value': None, 'change': True}
2025-09-05 21:43:42,375 : INFO : EventManager : Event: ======'machine_var_audits_switches_s_coin_door_closed'====== Args={'value': 0, 'prev_value': None, 'change': True}
2025-09-05 21:43:42,376 : INFO : EventManager : Event: ======'machine_var_audits_switches_s_down'====== Args={'value': 0, 'prev_value': None, 'change': True}
2025-09-05 21:43:42,376 : INFO : EventManager : Event: ======'machine_var_audits_switches_s_eject'====== Args={'value': 0, 'prev_value': None, 'change': True}
2025-09-05 21:43:42,376 : INFO : EventManager : Event: ======'machine_var_audits_switches_s_elevator_hold'====== Args={'value': 0, 'prev_value': None, 'change': True}
2025-09-05 21:43:42,376 : INFO : EventManager : Event: ======'machine_var_audits_switches_s_elevator_index'====== Args={'value': 0, 'prev_value': None, 'change': True}
2025-09-05 21:43:42,377 : INFO : EventManager : Event: ======'machine_var_audits_switches_s_enter'====== Args={'value': 0, 'prev_value': None, 'change': True}
2025-09-05 21:43:42,377 : INFO : EventManager : Event: ======'machine_var_audits_switches_s_esc'====== Args={'value': 0, 'prev_value': None, 'change': True}
2025-09-05 21:43:42,377 : INFO : EventManager : Event: ======'machine_var_audits_switches_s_eyeball_standup'====== Args={'value': 0, 'prev_value': None, 'change': True}
2025-09-05 21:43:42,377 : INFO : EventManager : Event: ======'machine_var_audits_switches_s_flipper_lower_left'====== Args={'value': 12, 'prev_value': None, 'change': True}
2025-09-05 21:43:42,377 : INFO : EventManager : Event: ======'machine_var_audits_switches_s_flipper_lower_left_eos'====== Args={'value': 0, 'prev_value': None, 'change': True}
2025-09-05 21:43:42,378 : INFO : EventManager : Event: ======'machine_var_audits_switches_s_flipper_lower_right'====== Args={'value': 0, 'prev_value': None, 'change': True}
2025-09-05 21:43:42,378 : INFO : EventManager : Event: ======'machine_var_audits_switches_s_flipper_lower_right_eos'====== Args={'value': 0, 'prev_value': None, 'change': True}
2025-09-05 21:43:42,378 : INFO : EventManager : Event: ======'machine_var_audits_switches_s_flipper_upper_left_eos'====== Args={'value': 0, 'prev_value': None, 'change': True}
2025-09-05 21:43:42,378 : INFO : EventManager : Event: ======'machine_var_audits_switches_s_flipper_upper_right_eos'====== Args={'value': 0, 'prev_value': None, 'change': True}
2025-09-05 21:43:42,379 : INFO : EventManager : Event: ======'machine_var_audits_switches_s_fourth_coin'====== Args={'value': 0, 'prev_value': None, 'change': True}
2025-09-05 21:43:42,379 : INFO : EventManager : Event: ======'machine_var_audits_switches_s_handle_trigger_left'====== Args={'value': 0, 'prev_value': None, 'change': True}
2025-09-05 21:43:42,379 : INFO : EventManager : Event: ======'machine_var_audits_switches_s_handle_trigger_right'====== Args={'value': 0, 'prev_value': None, 'change': True}
2025-09-05 21:43:42,379 : INFO : EventManager : Event: ======'machine_var_audits_switches_s_left_coin'====== Args={'value': 0, 'prev_value': None, 'change': True}
2025-09-05 21:43:42,380 : INFO : EventManager : Event: ======'machine_var_audits_switches_s_left_handle_button'====== Args={'value': 0, 'prev_value': None, 'change': True}
2025-09-05 21:43:42,380 : INFO : EventManager : Event: ======'machine_var_audits_switches_s_left_inlane'====== Args={'value': 2, 'prev_value': None, 'change': True}
2025-09-05 21:43:42,380 : INFO : EventManager : Event: ======'machine_var_audits_switches_s_left_jet'====== Args={'value': 0, 'prev_value': None, 'change': True}
2025-09-05 21:43:42,380 : INFO : EventManager : Event: ======'machine_var_audits_switches_s_left_loop'====== Args={'value': 12, 'prev_value': None, 'change': True}
2025-09-05 21:43:42,380 : INFO : EventManager : Event: ======'machine_var_audits_switches_s_left_outlane'====== Args={'value': 1, 'prev_value': None, 'change': True}
2025-09-05 21:43:42,381 : INFO : EventManager : Event: ======'machine_var_audits_switches_s_left_ramp_enter'====== Args={'value': 0, 'prev_value': None, 'change': True}
2025-09-05 21:43:42,381 : INFO : EventManager : Event: ======'machine_var_audits_switches_s_left_ramp_exit'====== Args={'value': 0, 'prev_value': None, 'change': True}
2025-09-05 21:43:42,381 : INFO : EventManager : Event: ======'machine_var_audits_switches_s_left_rollover'====== Args={'value': 0, 'prev_value': None, 'change': True}
2025-09-05 21:43:42,381 : INFO : EventManager : Event: ======'machine_var_audits_switches_s_left_slingshot'====== Args={'value': 13, 'prev_value': None, 'change': True}
2025-09-05 21:43:42,382 : INFO : EventManager : Event: ======'machine_var_audits_switches_s_lower_rebound'====== Args={'value': 1, 'prev_value': None, 'change': True}
2025-09-05 21:43:42,382 : INFO : EventManager : Event: ======'machine_var_audits_switches_s_plumb_bob'====== Args={'value': 0, 'prev_value': None, 'change': True}
2025-09-05 21:43:42,382 : INFO : EventManager : Event: ======'machine_var_audits_switches_s_right_coin'====== Args={'value': 0, 'prev_value': None, 'change': True}
2025-09-05 21:43:42,382 : INFO : EventManager : Event: ======'machine_var_audits_switches_s_right_freeway'====== Args={'value': 13, 'prev_value': None, 'change': True}
2025-09-05 21:43:42,383 : INFO : EventManager : Event: ======'machine_var_audits_switches_s_right_inlane'====== Args={'value': 0, 'prev_value': None, 'change': True}
2025-09-05 21:43:42,383 : INFO : EventManager : Event: ======'machine_var_audits_switches_s_right_jet'====== Args={'value': 0, 'prev_value': None, 'change': True}
2025-09-05 21:43:42,383 : INFO : EventManager : Event: ======'machine_var_audits_switches_s_right_outlane'====== Args={'value': 0, 'prev_value': None, 'change': True}
2025-09-05 21:43:42,383 : INFO : EventManager : Event: ======'machine_var_audits_switches_s_right_ramp_enter'====== Args={'value': 0, 'prev_value': None, 'change': True}
2025-09-05 21:43:42,384 : INFO : EventManager : Event: ======'machine_var_audits_switches_s_right_ramp_exit'====== Args={'value': 0, 'prev_value': None, 'change': True}
2025-09-05 21:43:42,384 : INFO : EventManager : Event: ======'machine_var_audits_switches_s_right_rollover'====== Args={'value': 0, 'prev_value': None, 'change': True}
2025-09-05 21:43:42,384 : INFO : EventManager : Event: ======'machine_var_audits_switches_s_right_slingshot'====== Args={'value': 1, 'prev_value': None, 'change': True}
2025-09-05 21:43:42,384 : INFO : EventManager : Event: ======'machine_var_audits_switches_s_shooter_lane'====== Args={'value': 16, 'prev_value': None, 'change': True}
2025-09-05 21:43:42,385 : INFO : EventManager : Event: ======'machine_var_audits_switches_s_side_ramp_enter'====== Args={'value': 0, 'prev_value': None, 'change': True}
2025-09-05 21:43:42,385 : INFO : EventManager : Event: ======'machine_var_audits_switches_s_side_ramp_exit'====== Args={'value': 0, 'prev_value': None, 'change': True}
2025-09-05 21:43:42,385 : INFO : EventManager : Event: ======'machine_var_audits_switches_s_slam_tilt'====== Args={'value': 0, 'prev_value': None, 'change': True}
2025-09-05 21:43:42,386 : INFO : EventManager : Event: ======'machine_var_audits_switches_s_standup_1'====== Args={'value': 0, 'prev_value': None, 'change': True}
2025-09-05 21:43:42,386 : INFO : EventManager : Event: ======'machine_var_audits_switches_s_standup_2'====== Args={'value': 0, 'prev_value': None, 'change': True}
2025-09-05 21:43:42,386 : INFO : EventManager : Event: ======'machine_var_audits_switches_s_standup_3'====== Args={'value': 0, 'prev_value': None, 'change': True}
2025-09-05 21:43:42,387 : INFO : EventManager : Event: ======'machine_var_audits_switches_s_standup_4'====== Args={'value': 0, 'prev_value': None, 'change': True}
2025-09-05 21:43:42,387 : INFO : EventManager : Event: ======'machine_var_audits_switches_s_standup_5'====== Args={'value': 0, 'prev_value': None, 'change': True}
2025-09-05 21:43:42,387 : INFO : EventManager : Event: ======'machine_var_audits_switches_s_start'====== Args={'value': 2, 'prev_value': None, 'change': True}
2025-09-05 21:43:42,387 : INFO : EventManager : Event: ======'machine_var_audits_switches_s_top_popper'====== Args={'value': 0, 'prev_value': None, 'change': True}
2025-09-05 21:43:42,388 : INFO : EventManager : Event: ======'machine_var_audits_switches_s_top_slingshot'====== Args={'value': 0, 'prev_value': None, 'change': True}
2025-09-05 21:43:42,388 : INFO : EventManager : Event: ======'machine_var_audits_switches_s_trough_1'====== Args={'value': 19, 'prev_value': None, 'change': True}
2025-09-05 21:43:42,389 : INFO : EventManager : Event: ======'machine_var_audits_switches_s_trough_2'====== Args={'value': 14, 'prev_value': None, 'change': True}
2025-09-05 21:43:42,389 : INFO : EventManager : Event: ======'machine_var_audits_switches_s_trough_3'====== Args={'value': 0, 'prev_value': None, 'change': True}
2025-09-05 21:43:42,389 : INFO : EventManager : Event: ======'machine_var_audits_switches_s_trough_4'====== Args={'value': 14, 'prev_value': None, 'change': True}
2025-09-05 21:43:42,389 : INFO : EventManager : Event: ======'machine_var_audits_switches_s_trough_5'====== Args={'value': 12, 'prev_value': None, 'change': True}
2025-09-05 21:43:42,389 : INFO : EventManager : Event: ======'machine_var_audits_switches_s_trough_jam'====== Args={'value': 14, 'prev_value': None, 'change': True}
2025-09-05 21:43:42,390 : INFO : EventManager : Event: ======'machine_var_audits_switches_s_up'====== Args={'value': 0, 'prev_value': None, 'change': True}
2025-09-05 21:43:42,390 : INFO : EventManager : Event: ======'machine_var_audits_switches_s_upper_left_flipper_gate'====== Args={'value': 12, 'prev_value': None, 'change': True}
2025-09-05 21:43:42,390 : INFO : EventManager : Event: ======'machine_var_audits_switches_s_upper_rebound'====== Args={'value': 0, 'prev_value': None, 'change': True}
2025-09-05 21:43:42,392 : INFO : EventManager : Event: ======'init_phase_5'====== Args={}
2025-09-05 21:43:42,400 : INFO : EventManager : Event: ======'init_done'====== Args={}
2025-09-05 21:43:42,401 : INFO : EventManager : Event: ======'machine_reset_phase_1'====== Args={}
2025-09-05 21:43:42,420 : INFO : EventManager : Event: ======'machine_reset_phase_2'====== Args={}
2025-09-05 21:43:42,421 : INFO : EventManager : Event: ======'machine_reset_phase_3'====== Args={}
2025-09-05 21:43:42,421 : INFO : EventManager : Event: ======'mode_tilt_will_start'====== Args={'queue': <QueuedEvent>}
2025-09-05 21:43:42,421 : INFO : EventManager : Event: ======'mode_tilt_starting'====== Args={'queue': <QueuedEvent>}
2025-09-05 21:43:42,421 : INFO : EventManager : Event: ======'diverter_diverter_deactivating'====== Args={}
2025-09-05 21:43:42,421 : INFO : coil.c_diverter_power : Disabling Driver
2025-09-05 21:43:42,421 : INFO : Mode.tilt : Started. Priority: 1000000
2025-09-05 21:43:42,421 : INFO : EventManager : Event: ======'modes_active_modes_changed'====== Args={}
2025-09-05 21:43:42,421 : INFO : EventManager : Event: ======'mode_tilt_started'====== Args={'queue': <QueuedEvent>}
2025-09-05 21:43:42,422 : INFO : EventManager : Event: ======'reset_complete'====== Args={}
2025-09-05 21:43:42,422 : INFO : EventManager : Event: ======'mode_service_will_start'====== Args={}
2025-09-05 21:43:42,422 : INFO : EventManager : Event: ======'mode_service_starting'====== Args={}
2025-09-05 21:43:42,422 : INFO : EventManager : Event: ======'mode_attract_will_start'====== Args={}
2025-09-05 21:43:42,422 : INFO : EventManager : Event: ======'mode_attract_starting'====== Args={}
2025-09-05 21:43:42,422 : INFO : Mode.attract : Started. Priority: 10
2025-09-05 21:43:42,422 : INFO : EventManager : Event: ======'modes_active_modes_changed'====== Args={}
2025-09-05 21:43:42,422 : INFO : EventManager : Event: ======'mode_attract_started'====== Args={}
2025-09-05 21:43:42,424 : INFO : EventManager : Event: ======'collecting_balls_complete'====== Args={}
2025-09-05 21:43:42,424 : INFO : Mode.service : Started. Priority: 100000
2025-09-05 21:43:42,424 : INFO : EventManager : Event: ======'modes_active_modes_changed'====== Args={}
2025-09-05 21:43:42,424 : INFO : EventManager : Event: ======'mode_service_started'====== Args={}
2025-09-05 21:43:42,435 : INFO : Machine : Starting the main run loop with active modes: [<Mode.tilt>, <Mode.service>, <Mode.attract>]
2025-09-05 21:43:42,440 : INFO : EventManager : Event: ======'slide_attract_dmd_loop_slide_1_created'====== Args={'_from_bcp': True}
2025-09-05 21:43:42,454 : INFO : EventManager : Event: ======'slide_attract_dmd_loop_slide_1_active'====== Args={'_from_bcp': True}
2025-09-05 21:43:44,424 : INFO : EventManager : Event: ======'slide_attract_dmd_loop_slide_2_created'====== Args={'_from_bcp': True}
2025-09-05 21:43:44,438 : INFO : EventManager : Event: ======'slide_attract_dmd_loop_slide_2_active'====== Args={'_from_bcp': True}
2025-09-05 21:43:44,475 : INFO : EventManager : Event: ======'slide_asset_status_created'====== Args={'_from_bcp': True}
2025-09-05 21:43:46,425 : INFO : EventManager : Event: ======'slide_attract_dmd_loop_slide_3_created'====== Args={'_from_bcp': True}
2025-09-05 21:43:46,438 : INFO : EventManager : Event: ======'slide_attract_dmd_loop_slide_3_active'====== Args={'_from_bcp': True}
2025-09-05 21:43:48,426 : INFO : EventManager : Event: ======'slide_attract_dmd_loop_slide_4_created'====== Args={'_from_bcp': True}
2025-09-05 21:43:48,437 : INFO : EventManager : Event: ======'slide_attract_dmd_loop_slide_4_active'====== Args={'_from_bcp': True}
2025-09-05 21:43:50,426 : INFO : EventManager : Event: ======'slide_attract_dmd_loop_slide_5_created'====== Args={'_from_bcp': True}
2025-09-05 21:43:50,438 : INFO : EventManager : Event: ======'slide_attract_dmd_loop_slide_5_active'====== Args={'_from_bcp': True}
2025-09-05 21:43:52,440 : INFO : EventManager : Event: ======'slide_attract_dmd_loop_slide_6_created'====== Args={'_from_bcp': True}
2025-09-05 21:43:52,454 : INFO : EventManager : Event: ======'slide_attract_dmd_loop_slide_6_active'====== Args={'_from_bcp': True}
2025-09-05 21:43:54,426 : INFO : EventManager : Event: ======'slide_attract_dmd_loop_slide_7_created'====== Args={'_from_bcp': True}
2025-09-05 21:43:54,437 : INFO : EventManager : Event: ======'slide_attract_dmd_loop_slide_7_active'====== Args={'_from_bcp': True}
2025-09-05 21:43:56,427 : INFO : EventManager : Event: ======'slide_attract_dmd_loop_slide_8_created'====== Args={'_from_bcp': True}
2025-09-05 21:43:56,438 : INFO : EventManager : Event: ======'slide_attract_dmd_loop_slide_8_active'====== Args={'_from_bcp': True}
2025-09-05 21:43:58,424 : INFO : EventManager : Event: ======'slide_attract_dmd_loop_slide_1_removed'====== Args={'_from_bcp': True}
2025-09-05 21:43:58,425 : INFO : EventManager : Event: ======'slide_attract_dmd_loop_slide_1_created'====== Args={'_from_bcp': True}
2025-09-05 21:43:58,437 : INFO : EventManager : Event: ======'slide_attract_dmd_loop_slide_1_active'====== Args={'_from_bcp': True}
2025-09-05 21:44:00,423 : INFO : EventManager : Event: ======'slide_attract_dmd_loop_slide_2_removed'====== Args={'_from_bcp': True}
2025-09-05 21:44:00,424 : INFO : EventManager : Event: ======'slide_attract_dmd_loop_slide_2_created'====== Args={'_from_bcp': True}
2025-09-05 21:44:00,437 : INFO : EventManager : Event: ======'slide_attract_dmd_loop_slide_2_active'====== Args={'_from_bcp': True}
2025-09-05 21:44:02,424 : INFO : EventManager : Event: ======'slide_attract_dmd_loop_slide_3_removed'====== Args={'_from_bcp': True}
2025-09-05 21:44:02,425 : INFO : EventManager : Event: ======'slide_attract_dmd_loop_slide_3_created'====== Args={'_from_bcp': True}
2025-09-05 21:44:02,438 : INFO : EventManager : Event: ======'slide_attract_dmd_loop_slide_3_active'====== Args={'_from_bcp': True}
2025-09-05 21:44:04,423 : INFO : EventManager : Event: ======'slide_attract_dmd_loop_slide_4_removed'====== Args={'_from_bcp': True}
2025-09-05 21:44:04,425 : INFO : EventManager : Event: ======'slide_attract_dmd_loop_slide_4_created'====== Args={'_from_bcp': True}
2025-09-05 21:44:04,437 : INFO : EventManager : Event: ======'slide_attract_dmd_loop_slide_4_active'====== Args={'_from_bcp': True}
2025-09-05 21:44:06,438 : INFO : EventManager : Event: ======'slide_attract_dmd_loop_slide_5_removed'====== Args={'_from_bcp': True}
2025-09-05 21:44:06,440 : INFO : EventManager : Event: ======'slide_attract_dmd_loop_slide_5_created'====== Args={'_from_bcp': True}
2025-09-05 21:44:06,454 : INFO : EventManager : Event: ======'slide_attract_dmd_loop_slide_5_active'====== Args={'_from_bcp': True}
2025-09-05 21:44:08,423 : INFO : EventManager : Event: ======'slide_attract_dmd_loop_slide_6_removed'====== Args={'_from_bcp': True}
2025-09-05 21:44:08,425 : INFO : EventManager : Event: ======'slide_attract_dmd_loop_slide_6_created'====== Args={'_from_bcp': True}
2025-09-05 21:44:08,438 : INFO : EventManager : Event: ======'slide_attract_dmd_loop_slide_6_active'====== Args={'_from_bcp': True}
2025-09-05 21:44:10,439 : INFO : EventManager : Event: ======'slide_attract_dmd_loop_slide_7_removed'====== Args={'_from_bcp': True}
2025-09-05 21:44:10,441 : INFO : EventManager : Event: ======'slide_attract_dmd_loop_slide_7_created'====== Args={'_from_bcp': True}
2025-09-05 21:44:10,455 : INFO : EventManager : Event: ======'slide_attract_dmd_loop_slide_7_active'====== Args={'_from_bcp': True}
2025-09-05 21:44:12,424 : INFO : EventManager : Event: ======'slide_attract_dmd_loop_slide_8_removed'====== Args={'_from_bcp': True}
2025-09-05 21:44:12,426 : INFO : EventManager : Event: ======'slide_attract_dmd_loop_slide_8_created'====== Args={'_from_bcp': True}
2025-09-05 21:44:12,437 : INFO : EventManager : Event: ======'slide_attract_dmd_loop_slide_8_active'====== Args={'_from_bcp': True}
2025-09-05 21:44:14,424 : INFO : EventManager : Event: ======'slide_attract_dmd_loop_slide_1_removed'====== Args={'_from_bcp': True}
2025-09-05 21:44:14,426 : INFO : EventManager : Event: ======'slide_attract_dmd_loop_slide_1_created'====== Args={'_from_bcp': True}
2025-09-05 21:44:14,438 : INFO : EventManager : Event: ======'slide_attract_dmd_loop_slide_1_active'====== Args={'_from_bcp': True}
2025-09-05 21:44:16,424 : INFO : EventManager : Event: ======'slide_attract_dmd_loop_slide_2_removed'====== Args={'_from_bcp': True}
2025-09-05 21:44:16,437 : INFO : EventManager : Event: ======'slide_attract_dmd_loop_slide_2_created'====== Args={'_from_bcp': True}
2025-09-05 21:44:16,437 : INFO : EventManager : Event: ======'slide_attract_dmd_loop_slide_2_active'====== Args={'_from_bcp': True}
2025-09-05 21:44:18,425 : INFO : EventManager : Event: ======'slide_attract_dmd_loop_slide_3_removed'====== Args={'_from_bcp': True}
2025-09-05 21:44:18,426 : INFO : EventManager : Event: ======'slide_attract_dmd_loop_slide_3_created'====== Args={'_from_bcp': True}
2025-09-05 21:44:18,438 : INFO : EventManager : Event: ======'slide_attract_dmd_loop_slide_3_active'====== Args={'_from_bcp': True}
2025-09-05 21:44:20,424 : INFO : EventManager : Event: ======'slide_attract_dmd_loop_slide_4_removed'====== Args={'_from_bcp': True}
2025-09-05 21:44:20,426 : INFO : EventManager : Event: ======'slide_attract_dmd_loop_slide_4_created'====== Args={'_from_bcp': True}
2025-09-05 21:44:20,438 : INFO : EventManager : Event: ======'slide_attract_dmd_loop_slide_4_active'====== Args={'_from_bcp': True}
2025-09-05 21:44:22,425 : INFO : EventManager : Event: ======'slide_attract_dmd_loop_slide_5_removed'====== Args={'_from_bcp': True}
2025-09-05 21:44:22,426 : INFO : EventManager : Event: ======'slide_attract_dmd_loop_slide_5_created'====== Args={'_from_bcp': True}
2025-09-05 21:44:22,438 : INFO : EventManager : Event: ======'slide_attract_dmd_loop_slide_5_active'====== Args={'_from_bcp': True}
2025-09-05 21:44:24,263 : INFO : SwitchController : <<<<<<< 's_standup_1' active >>>>>>>
2025-09-05 21:44:24,263 : INFO : EventManager : Event: ======'playfield_active'====== Args={'source': 'standup_1'}
2025-09-05 21:44:24,263 : INFO : EventManager : Event: ======'unexpected_ball_on_playfield'====== Args={}
2025-09-05 21:44:24,263 : INFO : EventManager : Event: ======'playfield_active'====== Args={'source': 'standup_1_skill'}
2025-09-05 21:44:24,263 : INFO : EventManager : Event: ======'unexpected_ball_on_playfield'====== Args={}
2025-09-05 21:44:24,373 : INFO : SwitchController : <<<<<<< 's_standup_1' inactive >>>>>>>
2025-09-05 21:44:24,424 : INFO : EventManager : Event: ======'slide_attract_dmd_loop_slide_6_removed'====== Args={'_from_bcp': True}
2025-09-05 21:44:24,426 : INFO : EventManager : Event: ======'slide_attract_dmd_loop_slide_6_created'====== Args={'_from_bcp': True}
2025-09-05 21:44:24,438 : INFO : EventManager : Event: ======'slide_attract_dmd_loop_slide_6_active'====== Args={'_from_bcp': True}
2025-09-05 21:44:24,474 : INFO : SwitchController : <<<<<<< 's_standup_1' active >>>>>>>
2025-09-05 21:44:24,474 : INFO : EventManager : Event: ======'playfield_active'====== Args={'source': 'standup_1'}
2025-09-05 21:44:24,474 : INFO : EventManager : Event: ======'unexpected_ball_on_playfield'====== Args={}
2025-09-05 21:44:24,474 : INFO : EventManager : Event: ======'playfield_active'====== Args={'source': 'standup_1_skill'}
2025-09-05 21:44:24,474 : INFO : EventManager : Event: ======'unexpected_ball_on_playfield'====== Args={}
2025-09-05 21:44:24,608 : INFO : SwitchController : <<<<<<< 's_standup_1' inactive >>>>>>>
2025-09-05 21:44:24,701 : INFO : SwitchController : <<<<<<< 's_standup_1' active >>>>>>>
2025-09-05 21:44:24,701 : INFO : EventManager : Event: ======'playfield_active'====== Args={'source': 'standup_1'}
2025-09-05 21:44:24,701 : INFO : EventManager : Event: ======'unexpected_ball_on_playfield'====== Args={}
2025-09-05 21:44:24,701 : INFO : EventManager : Event: ======'playfield_active'====== Args={'source': 'standup_1_skill'}
2025-09-05 21:44:24,701 : INFO : EventManager : Event: ======'unexpected_ball_on_playfield'====== Args={}
2025-09-05 21:44:24,861 : INFO : SwitchController : <<<<<<< 's_standup_1' inactive >>>>>>>
2025-09-05 21:44:24,890 : INFO : SwitchController : <<<<<<< 's_standup_1' active >>>>>>>
2025-09-05 21:44:24,890 : INFO : EventManager : Event: ======'playfield_active'====== Args={'source': 'standup_1'}
2025-09-05 21:44:24,890 : INFO : EventManager : Event: ======'unexpected_ball_on_playfield'====== Args={}
2025-09-05 21:44:24,890 : INFO : EventManager : Event: ======'playfield_active'====== Args={'source': 'standup_1_skill'}
2025-09-05 21:44:24,890 : INFO : EventManager : Event: ======'unexpected_ball_on_playfield'====== Args={}
2025-09-05 21:44:25,075 : INFO : SwitchController : <<<<<<< 's_standup_1' inactive >>>>>>>
2025-09-05 21:44:25,125 : INFO : SwitchController : <<<<<<< 's_standup_1' active >>>>>>>
2025-09-05 21:44:25,125 : INFO : EventManager : Event: ======'playfield_active'====== Args={'source': 'standup_1'}
2025-09-05 21:44:25,125 : INFO : EventManager : Event: ======'unexpected_ball_on_playfield'====== Args={}
2025-09-05 21:44:25,125 : INFO : EventManager : Event: ======'playfield_active'====== Args={'source': 'standup_1_skill'}
2025-09-05 21:44:25,125 : INFO : EventManager : Event: ======'unexpected_ball_on_playfield'====== Args={}
2025-09-05 21:44:25,269 : INFO : SwitchController : <<<<<<< 's_standup_1' inactive >>>>>>>
2025-09-05 21:44:26,425 : INFO : EventManager : Event: ======'slide_attract_dmd_loop_slide_7_removed'====== Args={'_from_bcp': True}
2025-09-05 21:44:26,426 : INFO : EventManager : Event: ======'slide_attract_dmd_loop_slide_7_created'====== Args={'_from_bcp': True}
2025-09-05 21:44:26,438 : INFO : EventManager : Event: ======'slide_attract_dmd_loop_slide_7_active'====== Args={'_from_bcp': True}
2025-09-05 21:44:28,427 : INFO : EventManager : Event: ======'slide_attract_dmd_loop_slide_8_removed'====== Args={'_from_bcp': True}
2025-09-05 21:44:28,428 : INFO : EventManager : Event: ======'slide_attract_dmd_loop_slide_8_created'====== Args={'_from_bcp': True}
2025-09-05 21:44:28,439 : INFO : EventManager : Event: ======'slide_attract_dmd_loop_slide_8_active'====== Args={'_from_bcp': True}
2025-09-05 21:44:30,425 : INFO : EventManager : Event: ======'slide_attract_dmd_loop_slide_1_removed'====== Args={'_from_bcp': True}
2025-09-05 21:44:30,426 : INFO : EventManager : Event: ======'slide_attract_dmd_loop_slide_1_created'====== Args={'_from_bcp': True}
2025-09-05 21:44:30,439 : INFO : EventManager : Event: ======'slide_attract_dmd_loop_slide_1_active'====== Args={'_from_bcp': True}
2025-09-05 21:44:32,425 : INFO : EventManager : Event: ======'slide_attract_dmd_loop_slide_2_removed'====== Args={'_from_bcp': True}
2025-09-05 21:44:32,426 : INFO : EventManager : Event: ======'slide_attract_dmd_loop_slide_2_created'====== Args={'_from_bcp': True}
2025-09-05 21:44:32,439 : INFO : EventManager : Event: ======'slide_attract_dmd_loop_slide_2_active'====== Args={'_from_bcp': True}
2025-09-05 21:44:34,424 : INFO : EventManager : Event: ======'slide_attract_dmd_loop_slide_3_removed'====== Args={'_from_bcp': True}
2025-09-05 21:44:34,424 : INFO : EventManager : Event: ======'slide_attract_dmd_loop_slide_3_created'====== Args={'_from_bcp': True}
2025-09-05 21:44:34,438 : INFO : EventManager : Event: ======'slide_attract_dmd_loop_slide_3_active'====== Args={'_from_bcp': True}
2025-09-05 21:44:36,422 : INFO : EventManager : Event: ======'slide_attract_dmd_loop_slide_4_removed'====== Args={'_from_bcp': True}
2025-09-05 21:44:36,425 : INFO : EventManager : Event: ======'slide_attract_dmd_loop_slide_4_created'====== Args={'_from_bcp': True}
2025-09-05 21:44:36,438 : INFO : EventManager : Event: ======'slide_attract_dmd_loop_slide_4_active'====== Args={'_from_bcp': True}
2025-09-05 21:44:38,423 : INFO : EventManager : Event: ======'slide_attract_dmd_loop_slide_5_removed'====== Args={'_from_bcp': True}
2025-09-05 21:44:38,425 : INFO : EventManager : Event: ======'slide_attract_dmd_loop_slide_5_created'====== Args={'_from_bcp': True}
2025-09-05 21:44:38,439 : INFO : EventManager : Event: ======'slide_attract_dmd_loop_slide_5_active'====== Args={'_from_bcp': True}
2025-09-05 21:44:40,423 : INFO : EventManager : Event: ======'slide_attract_dmd_loop_slide_6_removed'====== Args={'_from_bcp': True}
2025-09-05 21:44:40,424 : INFO : EventManager : Event: ======'slide_attract_dmd_loop_slide_6_created'====== Args={'_from_bcp': True}
2025-09-05 21:44:40,438 : INFO : EventManager : Event: ======'slide_attract_dmd_loop_slide_6_active'====== Args={'_from_bcp': True}
2025-09-05 21:44:42,423 : INFO : EventManager : Event: ======'slide_attract_dmd_loop_slide_7_removed'====== Args={'_from_bcp': True}
2025-09-05 21:44:42,425 : INFO : EventManager : Event: ======'slide_attract_dmd_loop_slide_7_created'====== Args={'_from_bcp': True}
2025-09-05 21:44:42,438 : INFO : EventManager : Event: ======'slide_attract_dmd_loop_slide_7_active'====== Args={'_from_bcp': True}
2025-09-05 21:44:44,423 : INFO : EventManager : Event: ======'slide_attract_dmd_loop_slide_8_removed'====== Args={'_from_bcp': True}
2025-09-05 21:44:44,426 : INFO : EventManager : Event: ======'slide_attract_dmd_loop_slide_8_created'====== Args={'_from_bcp': True}
2025-09-05 21:44:44,439 : INFO : EventManager : Event: ======'slide_attract_dmd_loop_slide_8_active'====== Args={'_from_bcp': True}
2025-09-05 21:44:46,424 : INFO : EventManager : Event: ======'slide_attract_dmd_loop_slide_1_removed'====== Args={'_from_bcp': True}
2025-09-05 21:44:46,425 : INFO : EventManager : Event: ======'slide_attract_dmd_loop_slide_1_created'====== Args={'_from_bcp': True}
2025-09-05 21:44:46,440 : INFO : EventManager : Event: ======'slide_attract_dmd_loop_slide_1_active'====== Args={'_from_bcp': True}
2025-09-05 21:44:48,423 : INFO : EventManager : Event: ======'slide_attract_dmd_loop_slide_2_removed'====== Args={'_from_bcp': True}
2025-09-05 21:44:48,424 : INFO : EventManager : Event: ======'slide_attract_dmd_loop_slide_2_created'====== Args={'_from_bcp': True}
2025-09-05 21:44:48,442 : INFO : EventManager : Event: ======'slide_attract_dmd_loop_slide_2_active'====== Args={'_from_bcp': True}
2025-09-05 21:44:50,425 : INFO : EventManager : Event: ======'slide_attract_dmd_loop_slide_3_removed'====== Args={'_from_bcp': True}
2025-09-05 21:44:50,425 : INFO : EventManager : Event: ======'slide_attract_dmd_loop_slide_3_created'====== Args={'_from_bcp': True}
2025-09-05 21:44:50,439 : INFO : EventManager : Event: ======'slide_attract_dmd_loop_slide_3_active'====== Args={'_from_bcp': True}
2025-09-05 21:44:52,111 : INFO : Machine : Shutting down...
2025-09-05 21:44:52,111 : INFO : EventManager : Event: ======'shutdown'====== Args={}
2025-09-05 21:44:52,111 : INFO : EventManager : Event: ======'mode_service_will_stop'====== Args={}
2025-09-05 21:44:52,111 : INFO : EventManager : Event: ======'mode_service_stopping'====== Args={}
2025-09-05 21:44:52,111 : INFO : Mode.service : Stopped.
2025-09-05 21:44:52,111 : INFO : EventManager : Event: ======'modes_active_modes_changed'====== Args={}
2025-09-05 21:44:52,111 : INFO : EventManager : Event: ======'mode_service_stopped'====== Args={}
2025-09-05 21:44:52,111 : INFO : EventManager : Event: ======'clear'====== Args={'key': 'service'}
2025-09-05 21:44:52,114 : INFO : root : MPF run loop ended.
