2025-09-05 19:44:39,629 : INFO : root : Loading config.
2025-09-05 19:44:39,631 : INFO : YamlMultifileConfigLoader : Machine config file #1: config.yaml
2025-09-05 19:44:39,631 : INFO : ConfigProcessor : Loading config from cache: C:\Users\Asger\AppData\Local\Temp\a4ba778c76b5e188585c7949537932e0.mpf_cache
2025-09-05 19:44:39,669 : INFO : ConfigProcessor : Loading config from cache: C:\Users\Asger\AppData\Local\Temp\28e07bc42b06fdf232525503b109746b.mpf_cache
2025-09-05 19:44:39,669 : INFO : ConfigProcessor : Loading config from cache: C:\Users\Asger\AppData\Local\Temp\d5f522cce92d708c1e7c6f696d149cc3.mpf_cache
2025-09-05 19:44:39,670 : INFO : ConfigProcessor : Loading config from cache: C:\Users\Asger\AppData\Local\Temp\28e07bc42b06fdf232525503b109746b.mpf_cache
2025-09-05 19:44:39,670 : INFO : ConfigProcessor : Loading config from cache: C:\Users\Asger\AppData\Local\Temp\d62bb05c546c94a6e60a7026e75040b8.mpf_cache
2025-09-05 19:44:39,670 : INFO : ConfigProcessor : Loading config from cache: C:\Users\Asger\AppData\Local\Temp\ced231c6d4e1b212af086a4d454edac8.mpf_cache
2025-09-05 19:44:39,670 : INFO : ConfigProcessor : Loading config from cache: C:\Users\Asger\AppData\Local\Temp\fa18a7ca6eebce61697f17dd2796d8a7.mpf_cache
2025-09-05 19:44:39,671 : INFO : ConfigProcessor : Loading config from cache: C:\Users\Asger\AppData\Local\Temp\d89b40e1ffeb17b5175ca51875794db2.mpf_cache
2025-09-05 19:44:39,671 : INFO : ConfigProcessor : Loading config from cache: C:\Users\Asger\AppData\Local\Temp\bc9aed5c3026b95c3a74d20b7378d3c7.mpf_cache
2025-09-05 19:44:39,671 : INFO : ConfigProcessor : Loading config from cache: C:\Users\Asger\AppData\Local\Temp\1be97b2a1540b92753960383ff3b0288.mpf_cache
2025-09-05 19:44:39,671 : INFO : ConfigProcessor : Loading config from cache: C:\Users\Asger\AppData\Local\Temp\6c1409e683968dde01b1fc63d63ac592.mpf_cache
2025-09-05 19:44:39,671 : INFO : ConfigProcessor : Loading config from cache: C:\Users\Asger\AppData\Local\Temp\8223d052fc9ca5690b63b354851a36a5.mpf_cache
2025-09-05 19:44:39,672 : INFO : ConfigProcessor : Loading config from cache: C:\Users\Asger\AppData\Local\Temp\debcdd3dc7951208211536df41e93144.mpf_cache
2025-09-05 19:44:39,672 : INFO : ConfigProcessor : Loading config from cache: C:\Users\Asger\AppData\Local\Temp\3ae823d2e6893dd85ae0a2de015404bb.mpf_cache
2025-09-05 19:44:39,672 : INFO : ConfigProcessor : Loading config from cache: C:\Users\Asger\AppData\Local\Temp\472617138d66fbc89b03e7902752e0fc.mpf_cache
2025-09-05 19:44:39,672 : INFO : ConfigProcessor : Loading config from cache: C:\Users\Asger\AppData\Local\Temp\4401881d8e380e4e7ee4ef63814924e9.mpf_cache
2025-09-05 19:44:39,672 : INFO : ConfigProcessor : Loading config from cache: C:\Users\Asger\AppData\Local\Temp\f366ea536c1338380b17285e8368db9c.mpf_cache
2025-09-05 19:44:39,672 : INFO : ConfigProcessor : Loading config from cache: C:\Users\Asger\AppData\Local\Temp\d23c839a1143e31e3b272f7aada46944.mpf_cache
2025-09-05 19:44:39,673 : INFO : ConfigProcessor : Loading config from cache: C:\Users\Asger\AppData\Local\Temp\6c81e91f819b9e966c204cf18d22e08c.mpf_cache
2025-09-05 19:44:39,673 : INFO : ConfigProcessor : Loading config from cache: C:\Users\Asger\AppData\Local\Temp\9771b12f542ed65db2178e376ecbbcfb.mpf_cache
2025-09-05 19:44:39,673 : INFO : ConfigProcessor : Loading config from cache: C:\Users\Asger\AppData\Local\Temp\add7530db97d411bdd347a444f1b85cd.mpf_cache
2025-09-05 19:44:39,673 : INFO : Machine : Mission Pinball Framework Core Engine v0.57.3
2025-09-05 19:44:39,673 : INFO : Machine : Command line arguments: {'no_load_cache': False, 'create_config_cache': True, 'bcp': True, 'configfile': ['config.yaml'], 'force_assets_load': False, 'platform_integration_test': False, 'jsonlogging': False, 'logfile': 'logs\\2025-09-05-19-44-39-mpf-FONMU-C534Q2MDV.log', 'pause': False, 'production': False, 'text_ui': True, 'loglevel': 15, 'consoleloglevel': 20, 'force_platform': None, 'syslog_address': None, 'mc_file_name': None, 'no_sound': False}
2025-09-05 19:44:39,673 : INFO : Machine : MPF path: C:\mpf\venv\lib\site-packages\mpf
2025-09-05 19:44:39,673 : INFO : Machine : Machine path: C:\mpf\mpf-examples-dev\demo_man
2025-09-05 19:44:39,673 : INFO : Machine : Platform: win32
2025-09-05 19:44:39,673 : INFO : Machine : Python executable location: C:\mpf\venv\Scripts\python.exe
2025-09-05 19:44:39,673 : INFO : Machine : Python version: 3.9.13 (64-bit)
2025-09-05 19:44:39,674 : INFO : Machine : Initializing MPF...
2025-09-05 19:44:39,762 : ERROR : ConfigValidator : Your config contains a value for the setting "machine:max_balls", but this is not a valid setting name.
2025-09-05 19:44:39,763 : INFO : Machine : Shutting down...
2025-09-05 19:44:39,763 : INFO : EventManager : Event: ======'shutdown'====== Args={}
2025-09-05 19:44:39,763 : ERROR : Machine : Failed to initialize MPF
Traceback (most recent call last):
  File "C:\mpf\venv\lib\site-packages\mpf\core\machine.py", line 686, in initialize_mpf
    raise init.exception()
  File "C:\mpf\venv\lib\site-packages\mpf\core\machine.py", line 248, in initialize
    await self.initialize_core_and_hardware()
  File "C:\mpf\venv\lib\site-packages\mpf\core\machine.py", line 239, in initialize_core_and_hardware
    self._validate_config()
  File "C:\mpf\venv\lib\site-packages\mpf\core\machine.py", line 369, in _validate_config
    self.validate_machine_config_section('machine')
  File "C:\mpf\venv\lib\site-packages\mpf\core\machine.py", line 391, in validate_machine_config_section
    self.config[section] = self.config_validator.validate_config(
  File "C:\mpf\venv\lib\site-packages\mpf\core\config_validator.py", line 164, in validate_config
    return self._validate_config(config_spec, source, base_spec=base_spec, add_missing_keys=add_missing_keys,
  File "C:\mpf\venv\lib\site-packages\mpf\core\config_validator.py", line 177, in _validate_config
    self.check_for_invalid_sections(this_spec, source, validation_failure_info)
  File "C:\mpf\venv\lib\site-packages\mpf\core\config_validator.py", line 335, in check_for_invalid_sections
    raise ConfigFileError('Your config contains a value for the '
mpf.exceptions.config_file_error.ConfigFileError: Config File Error in ConfigValidator: Your config contains a value for the setting "machine:max_balls", but this is not a valid setting name. Error Code: CFE-ConfigValidator-2 (https://missionpinball.org/logs)
