2025-09-05 19:59:03,606 : kivy : deps: Successfully imported "kivy_deps.gstreamer" 0.3.3
2025-09-05 19:59:03,606 : kivy : deps: Successfully imported "kivy_deps.angle" 0.3.3
2025-09-05 19:59:03,606 : kivy : deps: Successfully imported "kivy_deps.glew" 0.3.1
2025-09-05 19:59:03,606 : kivy : deps: Successfully imported "kivy_deps.sdl2" 0.6.0
2025-09-05 19:59:03,606 : kivy : Kivy: v2.2.1
2025-09-05 19:59:03,606 : kivy : Kivy: Installed at "C:\mpf\venv\lib\site-packages\kivy\__init__.py"
2025-09-05 19:59:03,606 : kivy : Python: v3.9.13 (tags/v3.9.13:6de2ca5, May 17 2022, 16:36:42) [MSC v.1929 64 bit (AMD64)]
2025-09-05 19:59:03,606 : kivy : Python: Interpreter at "C:\mpf\venv\Scripts\python.exe"
2025-09-05 19:59:03,617 : kivy : Factory: 190 symbols loaded
2025-09-05 19:59:03,681 : kivy : ImageLoaderFFPy: Using ffpyplayer 4.5.1
2025-09-05 19:59:03,681 : kivy : Image: Providers: img_tex, img_dds, img_sdl2, img_pil, img_ffpyplayer 
2025-09-05 19:59:03,748 : kivy : VideoGstplayer: Using Gstreamer 1.18.5.0
2025-09-05 19:59:03,748 : kivy : Video: Provider: gstplayer
2025-09-05 19:59:03,766 : root : Loading MPF-MC controller
2025-09-05 19:59:03,767 : YamlMultifileConfigLoader : Machine config file #1: config
2025-09-05 19:59:03,767 : ConfigProcessor : Config file in cache changed: C:\mpf\mpf-examples-dev\demo_man\config\config
2025-09-05 19:59:03,767 : ConfigProcessor : Loading config from file C:\mpf\venv\lib\site-packages\mpfmc\mcconfig.yaml.
2025-09-05 19:59:03,770 : ConfigProcessor : Loading config: C:\mpf\venv\lib\site-packages\mpfmc\mcconfig.yaml
2025-09-05 19:59:03,770 : ConfigProcessor : Loading config from file C:\mpf\mpf-examples-dev\demo_man\config\config.
2025-09-05 19:59:03,771 : ConfigProcessor : Loading config: C:\mpf\mpf-examples-dev\demo_man\config\config
2025-09-05 19:59:03,771 : ConfigProcessor : Config file cache created: C:\Users\Asger\AppData\Local\Temp\a53e23971831c3def32efe9051ff80fa.mpf_cache
2025-09-05 19:59:03,772 : ConfigProcessor : Loading config from cache: C:\Users\Asger\AppData\Local\Temp\28e07bc42b06fdf232525503b109746b.mpf_cache
2025-09-05 19:59:03,772 : ConfigProcessor : Loading config from cache: C:\Users\Asger\AppData\Local\Temp\d5f522cce92d708c1e7c6f696d149cc3.mpf_cache
2025-09-05 19:59:03,772 : mpfmc : Mission Pinball Framework Media Controller (MPF-MC) v0.57.1. Requires MPF v0.57.0 or newer.
2025-09-05 19:59:03,772 : mpfmc : Found MPF v0.57.3
2025-09-05 19:59:03,772 : mpfmc : Machine path: C:\mpf\mpf-examples-dev\demo_man
2025-09-05 19:59:03,772 : mpfmc : Starting clock at 60.0Hz
2025-09-05 19:59:03,778 : kivy : Text: Provider: sdl2
2025-09-05 19:59:03,797 : kivy : Window: Provider: sdl2
2025-09-05 19:59:04,198 : kivy : GL: Using the "OpenGL" graphics system
2025-09-05 19:59:04,201 : kivy : GL: GLEW initialization succeeded
2025-09-05 19:59:04,201 : kivy : GL: Backend used <glew>
2025-09-05 19:59:04,201 : kivy : GL: OpenGL version <b'4.6.0 NVIDIA 581.15'>
2025-09-05 19:59:04,201 : kivy : GL: OpenGL vendor <b'NVIDIA Corporation'>
2025-09-05 19:59:04,201 : kivy : GL: OpenGL renderer <b'NVIDIA GeForce RTX 5090/PCIe/SSE2'>
2025-09-05 19:59:04,201 : kivy : GL: OpenGL parsed version: 4, 6
2025-09-05 19:59:04,201 : kivy : GL: Shading version <b'4.60 NVIDIA'>
2025-09-05 19:59:04,201 : kivy : GL: Texture max size <32768>
2025-09-05 19:59:04,202 : kivy : GL: Texture max units <32>
2025-09-05 19:59:04,210 : kivy : Window: auto add sdl2 input provider
2025-09-05 19:59:04,210 : kivy : Window: virtual keyboard not allowed, single mode, not docked
2025-09-05 19:59:04,214 : SoundSystem : SoundSystem: Using default 'sound_system' settings
2025-09-05 19:59:04,385 : AudioInterface : Initialized
2025-09-05 19:59:04,385 : AudioInterface : Loaded SDL 2.26.4
2025-09-05 19:59:04,385 : AudioInterface : Loaded SDL_Mixer 2.6.3
2025-09-05 19:59:04,385 : AudioInterface : Loaded GStreamer 1.18.5.0
2025-09-05 19:59:04,385 : AudioInterface : Loaded GLib 2.62.6
2025-09-05 19:59:04,385 : AudioInterface : Settings requested - rate: 44100, channels: 1, buffer: 2048 samples
2025-09-05 19:59:04,385 : AudioInterface : Settings in use - rate: 44100, channels: 1, buffer: 2048 samples (4096 bytes @ 2 bytes per sample)
2025-09-05 19:59:04,385 : SoundSystem : No audio tracks are specified in your machine config file. a track named 'default' has been created.
2025-09-05 19:59:04,385 : SoundSystem : Setting master volume to 0.0
2025-09-05 19:59:04,385 : AudioInterface : Enabling audio playback
2025-09-05 19:59:04,387 : kivy : Base: Start application main loop
2025-09-05 19:59:04,387 : EventManager : Event: ======'display_default_initialized'====== Args={}
2025-09-05 19:59:04,400 : mpfmc : Display: Setting 'default' as default display
2025-09-05 19:59:04,402 : EventManager : Event: ======'displays_initialized'====== Args={}
2025-09-05 19:59:04,402 : EventManager : Event: ======'slide_default_blank_created'====== Args={}
2025-09-05 19:59:04,402 : EventManager : Event: ======'display_default_ready'====== Args={}
2025-09-05 19:59:04,406 : EventManager : Event: ======'init_phase_1'====== Args={}
2025-09-05 19:59:04,407 : EventManager : Event: ======'mc_ready'====== Args={}
2025-09-05 19:59:04,407 : EventManager : Event: ======'init_phase_2'====== Args={}
2025-09-05 19:59:04,408 : EventManager : Event: ======'init_phase_3'====== Args={}
2025-09-05 19:59:04,408 : EventManager : Event: ======'init_phase_4'====== Args={}
2025-09-05 19:59:04,408 : EventManager : Event: ======'init_phase_5'====== Args={}
2025-09-05 19:59:04,408 : EventManager : Event: ======'init_done'====== Args={}
2025-09-05 19:59:04,408 : MPF-MC BCP Server : Starting up on localhost port 5050
2025-09-05 19:59:04,411 : MPF-MC BCP Server : Waiting for a connection...
2025-09-05 19:59:04,414 : EventManager : Event: ======'client_disconnected'====== Args={'host': '127.0.0.1', 'port': 5050}
