2025-09-05 00:39:42,543 : kivy : deps: Successfully imported "kivy_deps.gstreamer" 0.3.3
2025-09-05 00:39:42,543 : kivy : deps: Successfully imported "kivy_deps.angle" 0.3.3
2025-09-05 00:39:42,544 : kivy : deps: Successfully imported "kivy_deps.glew" 0.3.1
2025-09-05 00:39:42,544 : kivy : deps: Successfully imported "kivy_deps.sdl2" 0.6.0
2025-09-05 00:39:42,544 : kivy : Kivy: v2.2.1
2025-09-05 00:39:42,544 : kivy : Kivy: Installed at "C:\mpf\venv\lib\site-packages\kivy\__init__.py"
2025-09-05 00:39:42,544 : kivy : Python: v3.9.13 (tags/v3.9.13:6de2ca5, May 17 2022, 16:36:42) [MSC v.1929 64 bit (AMD64)]
2025-09-05 00:39:42,544 : kivy : Python: Interpreter at "C:\mpf\venv\Scripts\python.exe"
2025-09-05 00:39:42,550 : kivy : Factory: 190 symbols loaded
2025-09-05 00:39:42,613 : kivy : ImageLoaderFFPy: Using ffpyplayer 4.5.1
2025-09-05 00:39:42,613 : kivy : Image: Providers: img_tex, img_dds, img_sdl2, img_pil, img_ffpyplayer 
2025-09-05 00:39:42,675 : kivy : VideoGstplayer: Using Gstreamer 1.18.5.0
2025-09-05 00:39:42,676 : kivy : Video: Provider: gstplayer
2025-09-05 00:39:42,693 : root : Loading MPF-MC controller
2025-09-05 00:39:42,694 : YamlMultifileConfigLoader : Machine config file #1: config
2025-09-05 00:39:42,694 : ConfigProcessor : Config file in cache changed: C:\mpf\mpf-examples-dev\demo_man\config\config
2025-09-05 00:39:42,694 : ConfigProcessor : Loading config from file C:\mpf\venv\lib\site-packages\mpfmc\mcconfig.yaml.
2025-09-05 00:39:42,697 : ConfigProcessor : Loading config: C:\mpf\venv\lib\site-packages\mpfmc\mcconfig.yaml
2025-09-05 00:39:42,697 : ConfigProcessor : Loading config from file C:\mpf\mpf-examples-dev\demo_man\config\config.
2025-09-05 00:39:42,698 : ConfigProcessor : Loading config: C:\mpf\mpf-examples-dev\demo_man\config\config
2025-09-05 00:39:42,706 : ConfigProcessor : Loading config: C:\mpf\mpf-examples-dev\demo_man\config\hardware.yaml
2025-09-05 00:39:42,707 : ConfigProcessor : Loading config: C:\mpf\mpf-examples-dev\demo_man\config\shots.yaml
2025-09-05 00:39:42,708 : ConfigProcessor : Loading config: C:\mpf\mpf-examples-dev\demo_man\config\keyboard.yaml
2025-09-05 00:39:42,709 : ConfigProcessor : Config file cache created: C:\Users\Asger\AppData\Local\Temp\a53e23971831c3def32efe9051ff80fa.mpf_cache
2025-09-05 00:39:42,710 : ConfigProcessor : Loading config from cache: C:\Users\Asger\AppData\Local\Temp\28e07bc42b06fdf232525503b109746b.mpf_cache
2025-09-05 00:39:42,710 : ConfigProcessor : Loading config from cache: C:\Users\Asger\AppData\Local\Temp\d5f522cce92d708c1e7c6f696d149cc3.mpf_cache
2025-09-05 00:39:42,710 : ConfigProcessor : Loading config from cache: C:\Users\Asger\AppData\Local\Temp\d62bb05c546c94a6e60a7026e75040b8.mpf_cache
2025-09-05 00:39:42,710 : ConfigProcessor : Loading config from cache: C:\Users\Asger\AppData\Local\Temp\15111c5ed4abe468683ed8b5e624919d.mpf_cache
2025-09-05 00:39:42,710 : ConfigProcessor : Loading config from cache: C:\Users\Asger\AppData\Local\Temp\6c5b2bed571f675ef4a6f117d164d549.mpf_cache
2025-09-05 00:39:42,711 : ConfigProcessor : Loading config from cache: C:\Users\Asger\AppData\Local\Temp\329520af4c53f16312de95e22bab2d9b.mpf_cache
2025-09-05 00:39:42,711 : ConfigProcessor : Loading config from cache: C:\Users\Asger\AppData\Local\Temp\09b43c5b700e26dcca8244f4580c23d5.mpf_cache
2025-09-05 00:39:42,711 : ConfigProcessor : Loading config from cache: C:\Users\Asger\AppData\Local\Temp\a6173bee294ebdb577b914e255ea8258.mpf_cache
2025-09-05 00:39:42,711 : ConfigProcessor : Loading config from cache: C:\Users\Asger\AppData\Local\Temp\07e57c31535919614c39951e74823d59.mpf_cache
2025-09-05 00:39:42,711 : ConfigProcessor : Loading config from cache: C:\Users\Asger\AppData\Local\Temp\d2c32dbde637ae0ada0d7d1fe223a4cd.mpf_cache
2025-09-05 00:39:42,711 : mpfmc : Mission Pinball Framework Media Controller (MPF-MC) v0.57.1. Requires MPF v0.57.0 or newer.
2025-09-05 00:39:42,711 : mpfmc : Found MPF v0.57.3
2025-09-05 00:39:42,711 : mpfmc : Machine path: C:\mpf\mpf-examples-dev\demo_man
2025-09-05 00:39:42,712 : mpfmc : Starting clock at 60.0Hz
2025-09-05 00:39:42,717 : kivy : Text: Provider: sdl2
2025-09-05 00:39:42,734 : kivy : Window: Provider: sdl2
2025-09-05 00:39:43,210 : kivy : GL: Using the "OpenGL" graphics system
2025-09-05 00:39:43,216 : kivy : GL: GLEW initialization succeeded
2025-09-05 00:39:43,216 : kivy : GL: Backend used <glew>
2025-09-05 00:39:43,216 : kivy : GL: OpenGL version <b'4.6.0 NVIDIA 581.15'>
2025-09-05 00:39:43,216 : kivy : GL: OpenGL vendor <b'NVIDIA Corporation'>
2025-09-05 00:39:43,216 : kivy : GL: OpenGL renderer <b'NVIDIA GeForce RTX 5090/PCIe/SSE2'>
2025-09-05 00:39:43,216 : kivy : GL: OpenGL parsed version: 4, 6
2025-09-05 00:39:43,216 : kivy : GL: Shading version <b'4.60 NVIDIA'>
2025-09-05 00:39:43,216 : kivy : GL: Texture max size <32768>
2025-09-05 00:39:43,217 : kivy : GL: Texture max units <32>
2025-09-05 00:39:43,226 : kivy : Window: auto add sdl2 input provider
2025-09-05 00:39:43,226 : kivy : Window: virtual keyboard not allowed, single mode, not docked
2025-09-05 00:39:43,230 : SoundSystem : SoundSystem: The sound system has been disabled in the configuration file (enabled: False). No audio features will be available.
2025-09-05 00:39:43,231 : kivy : Base: Start application main loop
2025-09-05 00:39:43,231 : EventManager : Event: ======'display_window_initialized'====== Args={}
2025-09-05 00:39:43,231 : EventManager : Event: ======'display_dmd_initialized'====== Args={}
2025-09-05 00:39:43,243 : mpfmc : Display: Setting 'dmd' as default display
2025-09-05 00:39:43,245 : EventManager : Event: ======'displays_initialized'====== Args={}
2025-09-05 00:39:43,246 : EventManager : Event: ======'slide_window_blank_created'====== Args={}
2025-09-05 00:39:43,246 : EventManager : Event: ======'display_window_ready'====== Args={}
2025-09-05 00:39:43,246 : EventManager : Event: ======'slide_dmd_blank_created'====== Args={}
2025-09-05 00:39:43,246 : EventManager : Event: ======'display_dmd_ready'====== Args={}
2025-09-05 00:39:43,249 : EventManager : Event: ======'init_phase_1'====== Args={}
2025-09-05 00:39:43,250 : EventManager : Event: ======'mc_ready'====== Args={}
2025-09-05 00:39:43,252 : kivy : GL: NPOT texture support is available
2025-09-05 00:39:43,263 : EventManager : Event: ======'slide_window_slide_1_created'====== Args={}
2025-09-05 00:39:43,264 : EventManager : Event: ======'init_phase_2'====== Args={}
2025-09-05 00:39:43,267 : EventManager : Event: ======'init_phase_3'====== Args={}
2025-09-05 00:39:43,268 : EventManager : Event: ======'init_phase_4'====== Args={}
2025-09-05 00:39:43,268 : EventManager : Event: ======'init_phase_5'====== Args={}
2025-09-05 00:39:43,268 : EventManager : Event: ======'init_done'====== Args={}
2025-09-05 00:39:43,268 : MPF-MC BCP Server : Starting up on localhost port 5050
2025-09-05 00:39:43,270 : MPF-MC BCP Server : Waiting for a connection...
2025-09-05 00:39:43,278 : EventManager : Event: ======'slide_window_slide_1_active'====== Args={}
2025-09-05 00:39:43,280 : EventManager : Event: ======'client_disconnected'====== Args={'host': '127.0.0.1', 'port': 5050}
2025-09-05 00:39:46,435 : MPF-MC BCP Server : Received connection from: 127.0.0.1:59001
2025-09-05 00:39:46,452 : EventManager : Event: ======'client_connected'====== Args={'host': '127.0.0.1', 'port': 59001}
2025-09-05 00:39:46,452 : mpfmc : Initializing DMD
2025-09-05 00:39:46,471 : mpfmc : Setting DMD to 24fps
2025-09-05 00:39:46,486 : EventManager : Event: ======'machine_var_p_roc_version'====== Args={'value': 1, 'prev_value': None, 'change': True}
2025-09-05 00:39:46,486 : EventManager : Event: ======'machine_var_p_roc_revision'====== Args={'value': 22, 'prev_value': None, 'change': True}
2025-09-05 00:39:46,486 : EventManager : Event: ======'machine_var_p_roc_hardware_version'====== Args={'value': 0, 'prev_value': None, 'change': True}
2025-09-05 00:39:46,486 : EventManager : Event: ======'machine_var_credits_string'====== Args={'value': 'FREE PLAY', 'prev_value': None, 'change': True}
2025-09-05 00:39:46,486 : EventManager : Event: ======'machine_var_master_volume'====== Args={'value': 0.5, 'prev_value': None, 'change': True}
2025-09-05 00:39:46,486 : EventManager : Event: ======'machine_var_mpf_version'====== Args={'value': 'Mission Pinball Framework v0.57.3', 'prev_value': None, 'change': True}
2025-09-05 00:39:46,486 : EventManager : Event: ======'machine_var_mpf_extended_version'====== Args={'value': 'Mission Pinball Framework v0.57.3, Config version:6, Show version: 6, BCP version:1.1', 'prev_value': None, 'change': True}
2025-09-05 00:39:46,486 : EventManager : Event: ======'machine_var_python_version'====== Args={'value': '3.9.13', 'prev_value': None, 'change': True}
2025-09-05 00:39:46,486 : EventManager : Event: ======'machine_var_platform'====== Args={'value': 'Windows-10-10.0.26100-SP0', 'prev_value': None, 'change': True}
2025-09-05 00:39:46,486 : EventManager : Event: ======'machine_var_platform_system'====== Args={'value': 'Windows', 'prev_value': None, 'change': True}
2025-09-05 00:39:46,486 : EventManager : Event: ======'machine_var_platform_release'====== Args={'value': '10', 'prev_value': None, 'change': True}
2025-09-05 00:39:46,486 : EventManager : Event: ======'machine_var_platform_version'====== Args={'value': '10.0.26100', 'prev_value': None, 'change': True}
2025-09-05 00:39:46,486 : EventManager : Event: ======'machine_var_platform_machine'====== Args={'value': 'AMD64', 'prev_value': None, 'change': True}
2025-09-05 00:39:46,486 : EventManager : Event: ======'machine_var_score1_label'====== Args={'value': 'GRAND CHAMPION', 'prev_value': None, 'change': True}
2025-09-05 00:39:46,486 : EventManager : Event: ======'machine_var_score1_name'====== Args={'value': 'BRI', 'prev_value': None, 'change': True}
2025-09-05 00:39:46,486 : EventManager : Event: ======'machine_var_score1_value'====== Args={'value': 4242, 'prev_value': None, 'change': True}
2025-09-05 00:39:46,486 : EventManager : Event: ======'machine_var_score2_label'====== Args={'value': 'HIGH SCORE 1', 'prev_value': None, 'change': True}
2025-09-05 00:39:46,486 : EventManager : Event: ======'machine_var_score2_name'====== Args={'value': 'GHK', 'prev_value': None, 'change': True}
2025-09-05 00:39:46,486 : EventManager : Event: ======'machine_var_score2_value'====== Args={'value': 2323, 'prev_value': None, 'change': True}
2025-09-05 00:39:46,486 : EventManager : Event: ======'machine_var_score3_label'====== Args={'value': 'HIGH SCORE 2', 'prev_value': None, 'change': True}
2025-09-05 00:39:46,486 : EventManager : Event: ======'machine_var_score3_name'====== Args={'value': 'JK', 'prev_value': None, 'change': True}
2025-09-05 00:39:46,486 : EventManager : Event: ======'machine_var_score3_value'====== Args={'value': 1337, 'prev_value': None, 'change': True}
2025-09-05 00:39:46,486 : EventManager : Event: ======'machine_var_score4_label'====== Args={'value': 'HIGH SCORE 3', 'prev_value': None, 'change': True}
2025-09-05 00:39:46,486 : EventManager : Event: ======'machine_var_score4_name'====== Args={'value': 'QC', 'prev_value': None, 'change': True}
2025-09-05 00:39:46,486 : EventManager : Event: ======'machine_var_score4_value'====== Args={'value': 42, 'prev_value': None, 'change': True}
2025-09-05 00:39:46,486 : EventManager : Event: ======'machine_var_score5_label'====== Args={'value': 'HIGH SCORE 4', 'prev_value': None, 'change': True}
2025-09-05 00:39:46,486 : EventManager : Event: ======'machine_var_score5_name'====== Args={'value': 'MPF', 'prev_value': None, 'change': True}
2025-09-05 00:39:46,486 : EventManager : Event: ======'machine_var_score5_value'====== Args={'value': 23, 'prev_value': None, 'change': True}
2025-09-05 00:39:46,486 : EventManager : Event: ======'machine_var_mc_version'====== Args={'value': 'MPF-MC v0.57.1', 'prev_value': None, 'change': True}
2025-09-05 00:39:46,486 : EventManager : Event: ======'machine_var_mc_extended_version'====== Args={'value': 'MPF-MC v0.57.1 (config_version=6, BCP v1.1,                      Requires MPF API compatibility v0.57.0 or newer)', 'prev_value': None, 'change': True}
2025-09-05 00:39:46,486 : EventManager : Event: ======'machine_var_p_roc_version'====== Args={'value': 1, 'prev_value': None, 'change': True}
2025-09-05 00:39:46,486 : EventManager : Event: ======'machine_var_p_roc_revision'====== Args={'value': 22, 'prev_value': None, 'change': True}
2025-09-05 00:39:46,487 : EventManager : Event: ======'machine_var_p_roc_hardware_version'====== Args={'value': 0, 'prev_value': None, 'change': True}
2025-09-05 00:39:46,487 : EventManager : Event: ======'machine_var_credits_string'====== Args={'value': 'FREE PLAY', 'prev_value': None, 'change': True}
2025-09-05 00:39:46,487 : EventManager : Event: ======'machine_var_master_volume'====== Args={'value': 0.5, 'prev_value': None, 'change': True}
2025-09-05 00:39:46,487 : EventManager : Event: ======'machine_var_mpf_version'====== Args={'value': 'Mission Pinball Framework v0.57.3', 'prev_value': None, 'change': True}
2025-09-05 00:39:46,487 : EventManager : Event: ======'machine_var_mpf_extended_version'====== Args={'value': 'Mission Pinball Framework v0.57.3, Config version:6, Show version: 6, BCP version:1.1', 'prev_value': None, 'change': True}
2025-09-05 00:39:46,487 : EventManager : Event: ======'machine_var_python_version'====== Args={'value': '3.9.13', 'prev_value': None, 'change': True}
2025-09-05 00:39:46,487 : EventManager : Event: ======'machine_var_platform'====== Args={'value': 'Windows-10-10.0.26100-SP0', 'prev_value': None, 'change': True}
2025-09-05 00:39:46,487 : EventManager : Event: ======'machine_var_platform_system'====== Args={'value': 'Windows', 'prev_value': None, 'change': True}
2025-09-05 00:39:46,487 : EventManager : Event: ======'machine_var_platform_release'====== Args={'value': '10', 'prev_value': None, 'change': True}
2025-09-05 00:39:46,487 : EventManager : Event: ======'machine_var_platform_version'====== Args={'value': '10.0.26100', 'prev_value': None, 'change': True}
2025-09-05 00:39:46,487 : EventManager : Event: ======'machine_var_platform_machine'====== Args={'value': 'AMD64', 'prev_value': None, 'change': True}
2025-09-05 00:39:46,487 : EventManager : Event: ======'machine_var_score1_label'====== Args={'value': 'GRAND CHAMPION', 'prev_value': None, 'change': True}
2025-09-05 00:39:46,487 : EventManager : Event: ======'machine_var_score1_name'====== Args={'value': 'BRI', 'prev_value': None, 'change': True}
2025-09-05 00:39:46,487 : EventManager : Event: ======'machine_var_score1_value'====== Args={'value': 4242, 'prev_value': None, 'change': True}
2025-09-05 00:39:46,487 : EventManager : Event: ======'machine_var_score2_label'====== Args={'value': 'HIGH SCORE 1', 'prev_value': None, 'change': True}
2025-09-05 00:39:46,487 : EventManager : Event: ======'machine_var_score2_name'====== Args={'value': 'GHK', 'prev_value': None, 'change': True}
2025-09-05 00:39:46,487 : EventManager : Event: ======'machine_var_score2_value'====== Args={'value': 2323, 'prev_value': None, 'change': True}
2025-09-05 00:39:46,487 : EventManager : Event: ======'machine_var_score3_label'====== Args={'value': 'HIGH SCORE 2', 'prev_value': None, 'change': True}
2025-09-05 00:39:46,487 : EventManager : Event: ======'machine_var_score3_name'====== Args={'value': 'JK', 'prev_value': None, 'change': True}
2025-09-05 00:39:46,487 : EventManager : Event: ======'machine_var_score3_value'====== Args={'value': 1337, 'prev_value': None, 'change': True}
2025-09-05 00:39:46,487 : EventManager : Event: ======'machine_var_score4_label'====== Args={'value': 'HIGH SCORE 3', 'prev_value': None, 'change': True}
2025-09-05 00:39:46,487 : EventManager : Event: ======'machine_var_score4_name'====== Args={'value': 'QC', 'prev_value': None, 'change': True}
2025-09-05 00:39:46,487 : EventManager : Event: ======'machine_var_score4_value'====== Args={'value': 42, 'prev_value': None, 'change': True}
2025-09-05 00:39:46,487 : EventManager : Event: ======'machine_var_score5_label'====== Args={'value': 'HIGH SCORE 4', 'prev_value': None, 'change': True}
2025-09-05 00:39:46,487 : EventManager : Event: ======'machine_var_score5_name'====== Args={'value': 'MPF', 'prev_value': None, 'change': True}
2025-09-05 00:39:46,487 : EventManager : Event: ======'machine_var_score5_value'====== Args={'value': 23, 'prev_value': None, 'change': True}
2025-09-05 00:39:46,487 : EventManager : Event: ======'machine_var_mc_version'====== Args={'value': 'MPF-MC v0.57.1', 'prev_value': None, 'change': True}
2025-09-05 00:39:46,487 : EventManager : Event: ======'machine_var_mc_extended_version'====== Args={'value': 'MPF-MC v0.57.1 (config_version=6, BCP v1.1,                      Requires MPF API compatibility v0.57.0 or newer)', 'prev_value': None, 'change': True}
2025-09-05 00:39:46,487 : EventManager : Event: ======'machine_var_p_roc_version'====== Args={'value': 1, 'prev_value': None, 'change': True}
2025-09-05 00:39:46,487 : EventManager : Event: ======'machine_var_p_roc_revision'====== Args={'value': 22, 'prev_value': None, 'change': True}
2025-09-05 00:39:46,487 : EventManager : Event: ======'machine_var_p_roc_hardware_version'====== Args={'value': 0, 'prev_value': None, 'change': True}
2025-09-05 00:39:46,487 : EventManager : Event: ======'machine_var_credits_string'====== Args={'value': 'FREE PLAY', 'prev_value': None, 'change': True}
2025-09-05 00:39:46,487 : EventManager : Event: ======'machine_var_master_volume'====== Args={'value': 0.5, 'prev_value': None, 'change': True}
2025-09-05 00:39:46,487 : EventManager : Event: ======'machine_var_mpf_version'====== Args={'value': 'Mission Pinball Framework v0.57.3', 'prev_value': None, 'change': True}
2025-09-05 00:39:46,487 : EventManager : Event: ======'machine_var_mpf_extended_version'====== Args={'value': 'Mission Pinball Framework v0.57.3, Config version:6, Show version: 6, BCP version:1.1', 'prev_value': None, 'change': True}
2025-09-05 00:39:46,487 : EventManager : Event: ======'machine_var_python_version'====== Args={'value': '3.9.13', 'prev_value': None, 'change': True}
2025-09-05 00:39:46,487 : EventManager : Event: ======'machine_var_platform'====== Args={'value': 'Windows-10-10.0.26100-SP0', 'prev_value': None, 'change': True}
2025-09-05 00:39:46,487 : EventManager : Event: ======'machine_var_platform_system'====== Args={'value': 'Windows', 'prev_value': None, 'change': True}
2025-09-05 00:39:46,487 : EventManager : Event: ======'machine_var_platform_release'====== Args={'value': '10', 'prev_value': None, 'change': True}
2025-09-05 00:39:46,487 : EventManager : Event: ======'machine_var_platform_version'====== Args={'value': '10.0.26100', 'prev_value': None, 'change': True}
2025-09-05 00:39:46,487 : EventManager : Event: ======'machine_var_platform_machine'====== Args={'value': 'AMD64', 'prev_value': None, 'change': True}
2025-09-05 00:39:46,487 : EventManager : Event: ======'machine_var_score1_label'====== Args={'value': 'GRAND CHAMPION', 'prev_value': None, 'change': True}
2025-09-05 00:39:46,487 : EventManager : Event: ======'machine_var_score1_name'====== Args={'value': 'BRI', 'prev_value': None, 'change': True}
2025-09-05 00:39:46,487 : EventManager : Event: ======'machine_var_score1_value'====== Args={'value': 4242, 'prev_value': None, 'change': True}
2025-09-05 00:39:46,487 : EventManager : Event: ======'machine_var_score2_label'====== Args={'value': 'HIGH SCORE 1', 'prev_value': None, 'change': True}
2025-09-05 00:39:46,487 : EventManager : Event: ======'machine_var_score2_name'====== Args={'value': 'GHK', 'prev_value': None, 'change': True}
2025-09-05 00:39:46,487 : EventManager : Event: ======'machine_var_score2_value'====== Args={'value': 2323, 'prev_value': None, 'change': True}
2025-09-05 00:39:46,487 : EventManager : Event: ======'machine_var_score3_label'====== Args={'value': 'HIGH SCORE 2', 'prev_value': None, 'change': True}
2025-09-05 00:39:46,487 : EventManager : Event: ======'machine_var_score3_name'====== Args={'value': 'JK', 'prev_value': None, 'change': True}
2025-09-05 00:39:46,487 : EventManager : Event: ======'machine_var_score3_value'====== Args={'value': 1337, 'prev_value': None, 'change': True}
2025-09-05 00:39:46,487 : EventManager : Event: ======'machine_var_score4_label'====== Args={'value': 'HIGH SCORE 3', 'prev_value': None, 'change': True}
2025-09-05 00:39:46,487 : EventManager : Event: ======'machine_var_score4_name'====== Args={'value': 'QC', 'prev_value': None, 'change': True}
2025-09-05 00:39:46,487 : EventManager : Event: ======'machine_var_score4_value'====== Args={'value': 42, 'prev_value': None, 'change': True}
2025-09-05 00:39:46,487 : EventManager : Event: ======'machine_var_score5_label'====== Args={'value': 'HIGH SCORE 4', 'prev_value': None, 'change': True}
2025-09-05 00:39:46,487 : EventManager : Event: ======'machine_var_score5_name'====== Args={'value': 'MPF', 'prev_value': None, 'change': True}
2025-09-05 00:39:46,487 : EventManager : Event: ======'machine_var_score5_value'====== Args={'value': 23, 'prev_value': None, 'change': True}
2025-09-05 00:39:46,488 : EventManager : Event: ======'machine_var_mc_version'====== Args={'value': 'MPF-MC v0.57.1', 'prev_value': None, 'change': True}
2025-09-05 00:39:46,488 : EventManager : Event: ======'machine_var_mc_extended_version'====== Args={'value': 'MPF-MC v0.57.1 (config_version=6, BCP v1.1,                      Requires MPF API compatibility v0.57.0 or newer)', 'prev_value': None, 'change': True}
2025-09-05 00:39:46,488 : EventManager : Event: ======'machine_var_p_roc_version'====== Args={'value': 1, 'prev_value': None, 'change': True}
2025-09-05 00:39:46,488 : EventManager : Event: ======'machine_var_p_roc_revision'====== Args={'value': 22, 'prev_value': None, 'change': True}
2025-09-05 00:39:46,488 : EventManager : Event: ======'machine_var_p_roc_hardware_version'====== Args={'value': 0, 'prev_value': None, 'change': True}
2025-09-05 00:39:46,488 : EventManager : Event: ======'machine_var_credits_string'====== Args={'value': 'FREE PLAY', 'prev_value': None, 'change': True}
2025-09-05 00:39:46,488 : EventManager : Event: ======'machine_var_master_volume'====== Args={'value': 0.5, 'prev_value': None, 'change': True}
2025-09-05 00:39:46,488 : EventManager : Event: ======'machine_var_mpf_version'====== Args={'value': 'Mission Pinball Framework v0.57.3', 'prev_value': None, 'change': True}
2025-09-05 00:39:46,488 : EventManager : Event: ======'machine_var_mpf_extended_version'====== Args={'value': 'Mission Pinball Framework v0.57.3, Config version:6, Show version: 6, BCP version:1.1', 'prev_value': None, 'change': True}
2025-09-05 00:39:46,488 : EventManager : Event: ======'machine_var_python_version'====== Args={'value': '3.9.13', 'prev_value': None, 'change': True}
2025-09-05 00:39:46,488 : EventManager : Event: ======'machine_var_platform'====== Args={'value': 'Windows-10-10.0.26100-SP0', 'prev_value': None, 'change': True}
2025-09-05 00:39:46,488 : EventManager : Event: ======'machine_var_platform_system'====== Args={'value': 'Windows', 'prev_value': None, 'change': True}
2025-09-05 00:39:46,488 : EventManager : Event: ======'machine_var_platform_release'====== Args={'value': '10', 'prev_value': None, 'change': True}
2025-09-05 00:39:46,488 : EventManager : Event: ======'machine_var_platform_version'====== Args={'value': '10.0.26100', 'prev_value': None, 'change': True}
2025-09-05 00:39:46,488 : EventManager : Event: ======'machine_var_platform_machine'====== Args={'value': 'AMD64', 'prev_value': None, 'change': True}
2025-09-05 00:39:46,488 : EventManager : Event: ======'machine_var_score1_label'====== Args={'value': 'GRAND CHAMPION', 'prev_value': None, 'change': True}
2025-09-05 00:39:46,488 : EventManager : Event: ======'machine_var_score1_name'====== Args={'value': 'BRI', 'prev_value': None, 'change': True}
2025-09-05 00:39:46,488 : EventManager : Event: ======'machine_var_score1_value'====== Args={'value': 4242, 'prev_value': None, 'change': True}
2025-09-05 00:39:46,488 : EventManager : Event: ======'machine_var_score2_label'====== Args={'value': 'HIGH SCORE 1', 'prev_value': None, 'change': True}
2025-09-05 00:39:46,488 : EventManager : Event: ======'machine_var_score2_name'====== Args={'value': 'GHK', 'prev_value': None, 'change': True}
2025-09-05 00:39:46,488 : EventManager : Event: ======'machine_var_score2_value'====== Args={'value': 2323, 'prev_value': None, 'change': True}
2025-09-05 00:39:46,488 : EventManager : Event: ======'machine_var_score3_label'====== Args={'value': 'HIGH SCORE 2', 'prev_value': None, 'change': True}
2025-09-05 00:39:46,488 : EventManager : Event: ======'machine_var_score3_name'====== Args={'value': 'JK', 'prev_value': None, 'change': True}
2025-09-05 00:39:46,488 : EventManager : Event: ======'machine_var_score3_value'====== Args={'value': 1337, 'prev_value': None, 'change': True}
2025-09-05 00:39:46,488 : EventManager : Event: ======'machine_var_score4_label'====== Args={'value': 'HIGH SCORE 3', 'prev_value': None, 'change': True}
2025-09-05 00:39:46,488 : EventManager : Event: ======'machine_var_score4_name'====== Args={'value': 'QC', 'prev_value': None, 'change': True}
2025-09-05 00:39:46,488 : EventManager : Event: ======'machine_var_score4_value'====== Args={'value': 42, 'prev_value': None, 'change': True}
2025-09-05 00:39:46,488 : EventManager : Event: ======'machine_var_score5_label'====== Args={'value': 'HIGH SCORE 4', 'prev_value': None, 'change': True}
2025-09-05 00:39:46,488 : EventManager : Event: ======'machine_var_score5_name'====== Args={'value': 'MPF', 'prev_value': None, 'change': True}
2025-09-05 00:39:46,488 : EventManager : Event: ======'machine_var_score5_value'====== Args={'value': 23, 'prev_value': None, 'change': True}
2025-09-05 00:39:46,488 : EventManager : Event: ======'machine_var_mc_version'====== Args={'value': 'MPF-MC v0.57.1', 'prev_value': None, 'change': True}
2025-09-05 00:39:46,488 : EventManager : Event: ======'machine_var_mc_extended_version'====== Args={'value': 'MPF-MC v0.57.1 (config_version=6, BCP v1.1,                      Requires MPF API compatibility v0.57.0 or newer)', 'prev_value': None, 'change': True}
2025-09-05 00:39:46,552 : EventManager : Event: ======'machine_var_audits_events_game_ended'====== Args={'value': 0, 'prev_value': None, 'change': True}
2025-09-05 00:39:46,570 : EventManager : Event: ======'machine_var_audits_events_game_started'====== Args={'value': 2, 'prev_value': None, 'change': True}
2025-09-05 00:39:46,570 : EventManager : Event: ======'machine_var_audits_missing_switches_s_always_closed'====== Args={'value': 2, 'prev_value': None, 'change': True}
2025-09-05 00:39:46,570 : EventManager : Event: ======'machine_var_audits_missing_switches_s_bottom_popper'====== Args={'value': 2, 'prev_value': None, 'change': True}
2025-09-05 00:39:46,572 : EventManager : Event: ======'machine_var_audits_missing_switches_s_buy_in'====== Args={'value': 2, 'prev_value': None, 'change': True}
2025-09-05 00:39:46,572 : EventManager : Event: ======'machine_var_audits_missing_switches_s_car_chase_1'====== Args={'value': 2, 'prev_value': None, 'change': True}
2025-09-05 00:39:46,572 : EventManager : Event: ======'machine_var_audits_missing_switches_s_car_chase_2'====== Args={'value': 2, 'prev_value': None, 'change': True}
2025-09-05 00:39:46,572 : EventManager : Event: ======'machine_var_audits_missing_switches_s_car_chase_standup'====== Args={'value': 2, 'prev_value': None, 'change': True}
2025-09-05 00:39:46,572 : EventManager : Event: ======'machine_var_audits_missing_switches_s_center_coin'====== Args={'value': 2, 'prev_value': None, 'change': True}
2025-09-05 00:39:46,572 : EventManager : Event: ======'machine_var_audits_missing_switches_s_center_ramp'====== Args={'value': 2, 'prev_value': None, 'change': True}
2025-09-05 00:39:46,572 : EventManager : Event: ======'machine_var_audits_missing_switches_s_center_rollover'====== Args={'value': 2, 'prev_value': None, 'change': True}
2025-09-05 00:39:46,572 : EventManager : Event: ======'machine_var_audits_missing_switches_s_claw_capture_simon'====== Args={'value': 2, 'prev_value': None, 'change': True}
2025-09-05 00:39:46,572 : EventManager : Event: ======'machine_var_audits_missing_switches_s_claw_lock_freeze'====== Args={'value': 2, 'prev_value': None, 'change': True}
2025-09-05 00:39:46,572 : EventManager : Event: ======'machine_var_audits_missing_switches_s_claw_position_1'====== Args={'value': 2, 'prev_value': None, 'change': True}
2025-09-05 00:39:46,572 : EventManager : Event: ======'machine_var_audits_missing_switches_s_claw_position_2'====== Args={'value': 2, 'prev_value': None, 'change': True}
2025-09-05 00:39:46,572 : EventManager : Event: ======'machine_var_audits_missing_switches_s_claw_prison_break'====== Args={'value': 2, 'prev_value': None, 'change': True}
2025-09-05 00:39:46,572 : EventManager : Event: ======'machine_var_audits_missing_switches_s_claw_start_acmag'====== Args={'value': 2, 'prev_value': None, 'change': True}
2025-09-05 00:39:46,572 : EventManager : Event: ======'machine_var_audits_missing_switches_s_claw_super_jets'====== Args={'value': 2, 'prev_value': None, 'change': True}
2025-09-05 00:39:46,572 : EventManager : Event: ======'machine_var_audits_missing_switches_s_coin_door_closed'====== Args={'value': 2, 'prev_value': None, 'change': True}
2025-09-05 00:39:46,572 : EventManager : Event: ======'machine_var_audits_missing_switches_s_down'====== Args={'value': 2, 'prev_value': None, 'change': True}
2025-09-05 00:39:46,572 : EventManager : Event: ======'machine_var_audits_missing_switches_s_eject'====== Args={'value': 2, 'prev_value': None, 'change': True}
2025-09-05 00:39:46,572 : EventManager : Event: ======'machine_var_audits_missing_switches_s_elevator_hold'====== Args={'value': 2, 'prev_value': None, 'change': True}
2025-09-05 00:39:46,572 : EventManager : Event: ======'machine_var_audits_missing_switches_s_elevator_index'====== Args={'value': 2, 'prev_value': None, 'change': True}
2025-09-05 00:39:46,572 : EventManager : Event: ======'machine_var_audits_missing_switches_s_enter'====== Args={'value': 2, 'prev_value': None, 'change': True}
2025-09-05 00:39:46,572 : EventManager : Event: ======'machine_var_audits_missing_switches_s_esc'====== Args={'value': 2, 'prev_value': None, 'change': True}
2025-09-05 00:39:46,572 : EventManager : Event: ======'machine_var_audits_missing_switches_s_eyeball_standup'====== Args={'value': 2, 'prev_value': None, 'change': True}
2025-09-05 00:39:46,572 : EventManager : Event: ======'machine_var_audits_missing_switches_s_flipper_lower_left_eos'====== Args={'value': 2, 'prev_value': None, 'change': True}
2025-09-05 00:39:46,572 : EventManager : Event: ======'machine_var_audits_missing_switches_s_flipper_lower_right'====== Args={'value': 2, 'prev_value': None, 'change': True}
2025-09-05 00:39:46,572 : EventManager : Event: ======'machine_var_audits_missing_switches_s_flipper_lower_right_eos'====== Args={'value': 2, 'prev_value': None, 'change': True}
2025-09-05 00:39:46,572 : EventManager : Event: ======'machine_var_audits_missing_switches_s_flipper_upper_left_eos'====== Args={'value': 2, 'prev_value': None, 'change': True}
2025-09-05 00:39:46,572 : EventManager : Event: ======'machine_var_audits_missing_switches_s_flipper_upper_right_eos'====== Args={'value': 2, 'prev_value': None, 'change': True}
2025-09-05 00:39:46,572 : EventManager : Event: ======'machine_var_audits_missing_switches_s_fourth_coin'====== Args={'value': 2, 'prev_value': None, 'change': True}
2025-09-05 00:39:46,572 : EventManager : Event: ======'machine_var_audits_missing_switches_s_handle_trigger_left'====== Args={'value': 2, 'prev_value': None, 'change': True}
2025-09-05 00:39:46,572 : EventManager : Event: ======'machine_var_audits_missing_switches_s_handle_trigger_right'====== Args={'value': 2, 'prev_value': None, 'change': True}
2025-09-05 00:39:46,572 : EventManager : Event: ======'machine_var_audits_missing_switches_s_left_coin'====== Args={'value': 2, 'prev_value': None, 'change': True}
2025-09-05 00:39:46,572 : EventManager : Event: ======'machine_var_audits_missing_switches_s_left_handle_button'====== Args={'value': 2, 'prev_value': None, 'change': True}
2025-09-05 00:39:46,572 : EventManager : Event: ======'machine_var_audits_missing_switches_s_left_inlane'====== Args={'value': 2, 'prev_value': None, 'change': True}
2025-09-05 00:39:46,573 : EventManager : Event: ======'machine_var_audits_missing_switches_s_left_jet'====== Args={'value': 2, 'prev_value': None, 'change': True}
2025-09-05 00:39:46,573 : EventManager : Event: ======'machine_var_audits_missing_switches_s_left_ramp_enter'====== Args={'value': 2, 'prev_value': None, 'change': True}
2025-09-05 00:39:46,573 : EventManager : Event: ======'machine_var_audits_missing_switches_s_left_ramp_exit'====== Args={'value': 2, 'prev_value': None, 'change': True}
2025-09-05 00:39:46,573 : EventManager : Event: ======'machine_var_audits_missing_switches_s_left_rollover'====== Args={'value': 2, 'prev_value': None, 'change': True}
2025-09-05 00:39:46,573 : EventManager : Event: ======'machine_var_audits_missing_switches_s_lower_rebound'====== Args={'value': 2, 'prev_value': None, 'change': True}
2025-09-05 00:39:46,573 : EventManager : Event: ======'machine_var_audits_missing_switches_s_plumb_bob'====== Args={'value': 2, 'prev_value': None, 'change': True}
2025-09-05 00:39:46,573 : EventManager : Event: ======'machine_var_audits_missing_switches_s_right_coin'====== Args={'value': 2, 'prev_value': None, 'change': True}
2025-09-05 00:39:46,573 : EventManager : Event: ======'machine_var_audits_missing_switches_s_right_inlane'====== Args={'value': 2, 'prev_value': None, 'change': True}
2025-09-05 00:39:46,573 : EventManager : Event: ======'machine_var_audits_missing_switches_s_right_jet'====== Args={'value': 2, 'prev_value': None, 'change': True}
2025-09-05 00:39:46,573 : EventManager : Event: ======'machine_var_audits_missing_switches_s_right_outlane'====== Args={'value': 2, 'prev_value': None, 'change': True}
2025-09-05 00:39:46,573 : EventManager : Event: ======'machine_var_audits_missing_switches_s_right_ramp_enter'====== Args={'value': 2, 'prev_value': None, 'change': True}
2025-09-05 00:39:46,573 : EventManager : Event: ======'machine_var_audits_missing_switches_s_right_ramp_exit'====== Args={'value': 2, 'prev_value': None, 'change': True}
2025-09-05 00:39:46,573 : EventManager : Event: ======'machine_var_audits_missing_switches_s_right_rollover'====== Args={'value': 2, 'prev_value': None, 'change': True}
2025-09-05 00:39:46,573 : EventManager : Event: ======'machine_var_audits_missing_switches_s_right_slingshot'====== Args={'value': 2, 'prev_value': None, 'change': True}
2025-09-05 00:39:46,573 : EventManager : Event: ======'machine_var_audits_missing_switches_s_side_ramp_enter'====== Args={'value': 2, 'prev_value': None, 'change': True}
2025-09-05 00:39:46,573 : EventManager : Event: ======'machine_var_audits_missing_switches_s_side_ramp_exit'====== Args={'value': 2, 'prev_value': None, 'change': True}
2025-09-05 00:39:46,573 : EventManager : Event: ======'machine_var_audits_missing_switches_s_slam_tilt'====== Args={'value': 2, 'prev_value': None, 'change': True}
2025-09-05 00:39:46,573 : EventManager : Event: ======'machine_var_audits_missing_switches_s_standup_1'====== Args={'value': 2, 'prev_value': None, 'change': True}
2025-09-05 00:39:46,573 : EventManager : Event: ======'machine_var_audits_missing_switches_s_standup_2'====== Args={'value': 2, 'prev_value': None, 'change': True}
2025-09-05 00:39:46,573 : EventManager : Event: ======'machine_var_audits_missing_switches_s_standup_3'====== Args={'value': 2, 'prev_value': None, 'change': True}
2025-09-05 00:39:46,573 : EventManager : Event: ======'machine_var_audits_missing_switches_s_standup_4'====== Args={'value': 2, 'prev_value': None, 'change': True}
2025-09-05 00:39:46,573 : EventManager : Event: ======'machine_var_audits_missing_switches_s_standup_5'====== Args={'value': 2, 'prev_value': None, 'change': True}
2025-09-05 00:39:46,573 : EventManager : Event: ======'machine_var_audits_missing_switches_s_start'====== Args={'value': 1, 'prev_value': None, 'change': True}
2025-09-05 00:39:46,573 : EventManager : Event: ======'machine_var_audits_missing_switches_s_top_popper'====== Args={'value': 2, 'prev_value': None, 'change': True}
2025-09-05 00:39:46,573 : EventManager : Event: ======'machine_var_audits_missing_switches_s_top_slingshot'====== Args={'value': 2, 'prev_value': None, 'change': True}
2025-09-05 00:39:46,573 : EventManager : Event: ======'machine_var_audits_missing_switches_s_trough_3'====== Args={'value': 2, 'prev_value': None, 'change': True}
2025-09-05 00:39:46,573 : EventManager : Event: ======'machine_var_audits_missing_switches_s_up'====== Args={'value': 2, 'prev_value': None, 'change': True}
2025-09-05 00:39:46,573 : EventManager : Event: ======'machine_var_audits_missing_switches_s_upper_rebound'====== Args={'value': 2, 'prev_value': None, 'change': True}
2025-09-05 00:39:46,573 : EventManager : Event: ======'machine_var_audits_player_score'====== Args={'value': {'average': 0, 'top': [], 'total': 0}, 'prev_value': None, 'change': True}
2025-09-05 00:39:46,573 : EventManager : Event: ======'machine_var_audits_switches_s_always_closed'====== Args={'value': 0, 'prev_value': None, 'change': True}
2025-09-05 00:39:46,573 : EventManager : Event: ======'machine_var_audits_switches_s_ball_launch'====== Args={'value': 4, 'prev_value': None, 'change': True}
2025-09-05 00:39:46,573 : EventManager : Event: ======'machine_var_audits_switches_s_bottom_popper'====== Args={'value': 0, 'prev_value': None, 'change': True}
2025-09-05 00:39:46,573 : EventManager : Event: ======'machine_var_audits_switches_s_buy_in'====== Args={'value': 0, 'prev_value': None, 'change': True}
2025-09-05 00:39:46,573 : EventManager : Event: ======'machine_var_audits_switches_s_car_chase_1'====== Args={'value': 0, 'prev_value': None, 'change': True}
2025-09-05 00:39:46,573 : EventManager : Event: ======'machine_var_audits_switches_s_car_chase_2'====== Args={'value': 0, 'prev_value': None, 'change': True}
2025-09-05 00:39:46,573 : EventManager : Event: ======'machine_var_audits_switches_s_car_chase_standup'====== Args={'value': 0, 'prev_value': None, 'change': True}
2025-09-05 00:39:46,573 : EventManager : Event: ======'machine_var_audits_switches_s_center_coin'====== Args={'value': 0, 'prev_value': None, 'change': True}
2025-09-05 00:39:46,573 : EventManager : Event: ======'machine_var_audits_switches_s_center_ramp'====== Args={'value': 0, 'prev_value': None, 'change': True}
2025-09-05 00:39:46,573 : EventManager : Event: ======'machine_var_audits_switches_s_center_rollover'====== Args={'value': 0, 'prev_value': None, 'change': True}
2025-09-05 00:39:46,573 : EventManager : Event: ======'machine_var_audits_switches_s_claw_capture_simon'====== Args={'value': 0, 'prev_value': None, 'change': True}
2025-09-05 00:39:46,573 : EventManager : Event: ======'machine_var_audits_switches_s_claw_lock_freeze'====== Args={'value': 0, 'prev_value': None, 'change': True}
2025-09-05 00:39:46,573 : EventManager : Event: ======'machine_var_audits_switches_s_claw_position_1'====== Args={'value': 0, 'prev_value': None, 'change': True}
2025-09-05 00:39:46,573 : EventManager : Event: ======'machine_var_audits_switches_s_claw_position_2'====== Args={'value': 0, 'prev_value': None, 'change': True}
2025-09-05 00:39:46,573 : EventManager : Event: ======'machine_var_audits_switches_s_claw_prison_break'====== Args={'value': 0, 'prev_value': None, 'change': True}
2025-09-05 00:39:46,573 : EventManager : Event: ======'machine_var_audits_switches_s_claw_start_acmag'====== Args={'value': 0, 'prev_value': None, 'change': True}
2025-09-05 00:39:46,573 : EventManager : Event: ======'machine_var_audits_switches_s_claw_super_jets'====== Args={'value': 0, 'prev_value': None, 'change': True}
2025-09-05 00:39:46,573 : EventManager : Event: ======'machine_var_audits_switches_s_coin_door_closed'====== Args={'value': 0, 'prev_value': None, 'change': True}
2025-09-05 00:39:46,573 : EventManager : Event: ======'machine_var_audits_switches_s_down'====== Args={'value': 0, 'prev_value': None, 'change': True}
2025-09-05 00:39:46,573 : EventManager : Event: ======'machine_var_audits_switches_s_eject'====== Args={'value': 0, 'prev_value': None, 'change': True}
2025-09-05 00:39:46,573 : EventManager : Event: ======'machine_var_audits_switches_s_elevator_hold'====== Args={'value': 0, 'prev_value': None, 'change': True}
2025-09-05 00:39:46,573 : EventManager : Event: ======'machine_var_audits_switches_s_elevator_index'====== Args={'value': 0, 'prev_value': None, 'change': True}
2025-09-05 00:39:46,573 : EventManager : Event: ======'machine_var_audits_switches_s_enter'====== Args={'value': 0, 'prev_value': None, 'change': True}
2025-09-05 00:39:46,573 : EventManager : Event: ======'machine_var_audits_switches_s_esc'====== Args={'value': 0, 'prev_value': None, 'change': True}
2025-09-05 00:39:46,574 : EventManager : Event: ======'machine_var_audits_switches_s_eyeball_standup'====== Args={'value': 0, 'prev_value': None, 'change': True}
2025-09-05 00:39:46,574 : EventManager : Event: ======'machine_var_audits_switches_s_flipper_lower_left'====== Args={'value': 10, 'prev_value': None, 'change': True}
2025-09-05 00:39:46,574 : EventManager : Event: ======'machine_var_audits_switches_s_flipper_lower_left_eos'====== Args={'value': 0, 'prev_value': None, 'change': True}
2025-09-05 00:39:46,574 : EventManager : Event: ======'machine_var_audits_switches_s_flipper_lower_right'====== Args={'value': 0, 'prev_value': None, 'change': True}
2025-09-05 00:39:46,574 : EventManager : Event: ======'machine_var_audits_switches_s_flipper_lower_right_eos'====== Args={'value': 0, 'prev_value': None, 'change': True}
2025-09-05 00:39:46,574 : EventManager : Event: ======'machine_var_audits_switches_s_flipper_upper_left_eos'====== Args={'value': 0, 'prev_value': None, 'change': True}
2025-09-05 00:39:46,574 : EventManager : Event: ======'machine_var_audits_switches_s_flipper_upper_right_eos'====== Args={'value': 0, 'prev_value': None, 'change': True}
2025-09-05 00:39:46,574 : EventManager : Event: ======'machine_var_audits_switches_s_fourth_coin'====== Args={'value': 0, 'prev_value': None, 'change': True}
2025-09-05 00:39:46,574 : EventManager : Event: ======'machine_var_audits_switches_s_handle_trigger_left'====== Args={'value': 0, 'prev_value': None, 'change': True}
2025-09-05 00:39:46,574 : EventManager : Event: ======'machine_var_audits_switches_s_handle_trigger_right'====== Args={'value': 0, 'prev_value': None, 'change': True}
2025-09-05 00:39:46,574 : EventManager : Event: ======'machine_var_audits_switches_s_left_coin'====== Args={'value': 0, 'prev_value': None, 'change': True}
2025-09-05 00:39:46,574 : EventManager : Event: ======'machine_var_audits_switches_s_left_handle_button'====== Args={'value': 0, 'prev_value': None, 'change': True}
2025-09-05 00:39:46,574 : EventManager : Event: ======'machine_var_audits_switches_s_left_inlane'====== Args={'value': 0, 'prev_value': None, 'change': True}
2025-09-05 00:39:46,574 : EventManager : Event: ======'machine_var_audits_switches_s_left_jet'====== Args={'value': 0, 'prev_value': None, 'change': True}
2025-09-05 00:39:46,574 : EventManager : Event: ======'machine_var_audits_switches_s_left_loop'====== Args={'value': 3, 'prev_value': None, 'change': True}
2025-09-05 00:39:46,574 : EventManager : Event: ======'machine_var_audits_switches_s_left_outlane'====== Args={'value': 1, 'prev_value': None, 'change': True}
2025-09-05 00:39:46,574 : EventManager : Event: ======'machine_var_audits_switches_s_left_ramp_enter'====== Args={'value': 0, 'prev_value': None, 'change': True}
2025-09-05 00:39:46,574 : EventManager : Event: ======'machine_var_audits_switches_s_left_ramp_exit'====== Args={'value': 0, 'prev_value': None, 'change': True}
2025-09-05 00:39:46,574 : EventManager : Event: ======'machine_var_audits_switches_s_left_rollover'====== Args={'value': 0, 'prev_value': None, 'change': True}
2025-09-05 00:39:46,574 : EventManager : Event: ======'machine_var_audits_switches_s_left_slingshot'====== Args={'value': 10, 'prev_value': None, 'change': True}
2025-09-05 00:39:46,574 : EventManager : Event: ======'machine_var_audits_switches_s_lower_rebound'====== Args={'value': 0, 'prev_value': None, 'change': True}
2025-09-05 00:39:46,574 : EventManager : Event: ======'machine_var_audits_switches_s_plumb_bob'====== Args={'value': 0, 'prev_value': None, 'change': True}
2025-09-05 00:39:46,574 : EventManager : Event: ======'machine_var_audits_switches_s_right_coin'====== Args={'value': 0, 'prev_value': None, 'change': True}
2025-09-05 00:39:46,574 : EventManager : Event: ======'machine_var_audits_switches_s_right_freeway'====== Args={'value': 4, 'prev_value': None, 'change': True}
2025-09-05 00:39:46,574 : EventManager : Event: ======'machine_var_audits_switches_s_right_inlane'====== Args={'value': 0, 'prev_value': None, 'change': True}
2025-09-05 00:39:46,574 : EventManager : Event: ======'machine_var_audits_switches_s_right_jet'====== Args={'value': 0, 'prev_value': None, 'change': True}
2025-09-05 00:39:46,574 : EventManager : Event: ======'machine_var_audits_switches_s_right_outlane'====== Args={'value': 0, 'prev_value': None, 'change': True}
2025-09-05 00:39:46,574 : EventManager : Event: ======'machine_var_audits_switches_s_right_ramp_enter'====== Args={'value': 0, 'prev_value': None, 'change': True}
2025-09-05 00:39:46,574 : EventManager : Event: ======'machine_var_audits_switches_s_right_ramp_exit'====== Args={'value': 0, 'prev_value': None, 'change': True}
2025-09-05 00:39:46,574 : EventManager : Event: ======'machine_var_audits_switches_s_right_rollover'====== Args={'value': 0, 'prev_value': None, 'change': True}
2025-09-05 00:39:46,574 : EventManager : Event: ======'machine_var_audits_switches_s_right_slingshot'====== Args={'value': 0, 'prev_value': None, 'change': True}
2025-09-05 00:39:46,574 : EventManager : Event: ======'machine_var_audits_switches_s_shooter_lane'====== Args={'value': 5, 'prev_value': None, 'change': True}
2025-09-05 00:39:46,574 : EventManager : Event: ======'machine_var_audits_switches_s_side_ramp_enter'====== Args={'value': 0, 'prev_value': None, 'change': True}
2025-09-05 00:39:46,574 : EventManager : Event: ======'machine_var_audits_switches_s_side_ramp_exit'====== Args={'value': 0, 'prev_value': None, 'change': True}
2025-09-05 00:39:46,574 : EventManager : Event: ======'machine_var_audits_switches_s_slam_tilt'====== Args={'value': 0, 'prev_value': None, 'change': True}
2025-09-05 00:39:46,574 : EventManager : Event: ======'machine_var_audits_switches_s_standup_1'====== Args={'value': 0, 'prev_value': None, 'change': True}
2025-09-05 00:39:46,574 : EventManager : Event: ======'machine_var_audits_switches_s_standup_2'====== Args={'value': 0, 'prev_value': None, 'change': True}
2025-09-05 00:39:46,574 : EventManager : Event: ======'machine_var_audits_switches_s_standup_3'====== Args={'value': 0, 'prev_value': None, 'change': True}
2025-09-05 00:39:46,574 : EventManager : Event: ======'machine_var_audits_switches_s_standup_4'====== Args={'value': 0, 'prev_value': None, 'change': True}
2025-09-05 00:39:46,574 : EventManager : Event: ======'machine_var_audits_switches_s_standup_5'====== Args={'value': 0, 'prev_value': None, 'change': True}
2025-09-05 00:39:46,574 : EventManager : Event: ======'machine_var_audits_switches_s_start'====== Args={'value': 2, 'prev_value': None, 'change': True}
2025-09-05 00:39:46,574 : EventManager : Event: ======'machine_var_audits_switches_s_top_popper'====== Args={'value': 0, 'prev_value': None, 'change': True}
2025-09-05 00:39:46,574 : EventManager : Event: ======'machine_var_audits_switches_s_top_slingshot'====== Args={'value': 0, 'prev_value': None, 'change': True}
2025-09-05 00:39:46,574 : EventManager : Event: ======'machine_var_audits_switches_s_trough_1'====== Args={'value': 6, 'prev_value': None, 'change': True}
2025-09-05 00:39:46,574 : EventManager : Event: ======'machine_var_audits_switches_s_trough_2'====== Args={'value': 5, 'prev_value': None, 'change': True}
2025-09-05 00:39:46,574 : EventManager : Event: ======'machine_var_audits_switches_s_trough_3'====== Args={'value': 0, 'prev_value': None, 'change': True}
2025-09-05 00:39:46,574 : EventManager : Event: ======'machine_var_audits_switches_s_trough_4'====== Args={'value': 5, 'prev_value': None, 'change': True}
2025-09-05 00:39:46,574 : EventManager : Event: ======'machine_var_audits_switches_s_trough_5'====== Args={'value': 3, 'prev_value': None, 'change': True}
2025-09-05 00:39:46,574 : EventManager : Event: ======'machine_var_audits_switches_s_trough_jam'====== Args={'value': 5, 'prev_value': None, 'change': True}
2025-09-05 00:39:46,574 : EventManager : Event: ======'machine_var_audits_switches_s_up'====== Args={'value': 0, 'prev_value': None, 'change': True}
2025-09-05 00:39:46,574 : EventManager : Event: ======'machine_var_audits_switches_s_upper_left_flipper_gate'====== Args={'value': 3, 'prev_value': None, 'change': True}
2025-09-05 00:39:46,574 : EventManager : Event: ======'machine_var_audits_switches_s_upper_rebound'====== Args={'value': 0, 'prev_value': None, 'change': True}
2025-09-05 00:39:46,574 : EventManager : Event: ======'mc_reset_phase_1'====== Args={}
2025-09-05 00:39:46,574 : EventManager : Event: ======'mc_reset_phase_2'====== Args={}
2025-09-05 00:39:46,574 : EventManager : Event: ======'mc_reset_phase_3'====== Args={}
2025-09-05 00:39:46,574 : EventManager : Event: ======'mc_reset_complete'====== Args={}
2025-09-05 00:39:46,602 : EventManager : Event: ======'slides_play'====== Args={'settings': {'attract_dmd_loop_slide_1': {'widgets': [{'type': 'text', 'text': 'MISSION PINBALL', 'color': [1.0, 0.0, 0.0, 1], '_default_settings': ['type', 'text', 'color'], 'x': None, 'y': None, 'anchor_x': 'center', 'anchor_y': 'center', 'round_anchor_x': None, 'round_anchor_y': None, 'opacity': 1.0, 'z': 0, 'reset_animations_events': {}, 'style': [], 'adjust_top': 0, 'adjust_bottom': 0, 'adjust_left': 0, 'adjust_right': 0, 'expire': None, 'key': None, 'widget': None, 'events_when_added': [], 'events_when_removed': [], 'font_size': 15, 'bitmap_font': False, 'font_kerning': True, 'bold': False, 'italic': False, 'number_grouping': False, 'min_digits': 0, 'halign': 'center', 'valign': 'middle', 'rotation': 0, 'scale': 1.0, 'casing': None, 'outline_color': [1.0, 1.0, 1.0, 1.0], 'outline_width': 0, 'animations': None}, {'type': 'rectangle', 'width': 128.0, 'height': 32.0, '_default_settings': ['type', 'width', 'height'], 'x': None, 'y': None, 'anchor_x': 'center', 'anchor_y': 'center', 'round_anchor_x': None, 'round_anchor_y': None, 'opacity': 1.0, 'z': 0, 'reset_animations_events': {}, 'color': [1.0, 1.0, 1.0, 1.0], 'style': [], 'adjust_top': 0, 'adjust_bottom': 0, 'adjust_left': 0, 'adjust_right': 0, 'expire': None, 'key': None, 'widget': None, 'events_when_added': [], 'events_when_removed': [], 'corner_radius': 0, 'corner_segments': 10, 'rotation': 0, 'scale': 1.0, 'animations': None}], 'target': None, 'background_color': [0.0, 0.0, 0.0, 1.0], 'priority': None, 'show': True, 'force': False, 'expire': None, 'slide': None, 'tokens': {}, 'action': 'play'}}, 'context': 'show_1', 'calling_context': 0, 'priority': 10, 'show_tokens': {}, 'start_time': 7049.328}
2025-09-05 00:39:46,604 : EventManager : Event: ======'slide_attract_dmd_loop_slide_1_created'====== Args={}
2025-09-05 00:39:46,618 : EventManager : Event: ======'slide_attract_dmd_loop_slide_1_active'====== Args={}
2025-09-05 00:39:48,585 : EventManager : Event: ======'slides_play'====== Args={'settings': {'attract_dmd_loop_slide_2': {'transition': {'type': 'move_out', 'duration': 1.0, 'direction': 'top', 'easing': 'out_quad'}, 'widgets': [{'type': 'image', 'image': 'demo_man_logo', '_default_settings': ['type', 'image'], 'x': None, 'y': None, 'anchor_x': 'center', 'anchor_y': 'center', 'round_anchor_x': None, 'round_anchor_y': None, 'opacity': 1.0, 'z': 0, 'reset_animations_events': {}, 'color': [1.0, 1.0, 1.0, 1.0], 'style': [], 'adjust_top': 0, 'adjust_bottom': 0, 'adjust_left': 0, 'adjust_right': 0, 'expire': None, 'key': None, 'widget': None, 'events_when_added': [], 'events_when_removed': [], 'fps': 10, 'loops': -1, 'auto_play': True, 'start_frame': 0, 'rotation': 0, 'scale': 1.0, 'animations': None}], 'target': None, 'background_color': [0.0, 0.0, 0.0, 1.0], 'priority': None, 'show': True, 'force': False, 'expire': None, 'slide': None, 'tokens': {}, 'action': 'play'}}, 'context': 'show_1', 'calling_context': 1, 'priority': 10, 'show_tokens': {}, 'start_time': 7051.328}
2025-09-05 00:39:48,586 : EventManager : Event: ======'slide_attract_dmd_loop_slide_2_created'====== Args={}
2025-09-05 00:39:48,601 : EventManager : Event: ======'slide_attract_dmd_loop_slide_2_active'====== Args={}
2025-09-05 00:39:48,617 : EventManager : Event: ======'loading_assets'====== Args={'total': 1, 'loaded': 1, 'remaining': 0, 'percent': 100}
2025-09-05 00:39:48,617 : AssetManager : Asset loading took: 5.387385606765747
2025-09-05 00:39:48,617 : EventManager : Event: ======'asset_loading_complete'====== Args={}
2025-09-05 00:39:48,617 : AssetManager : Loading assets: 1/1 (100%)
2025-09-05 00:39:48,621 : EventManager : Event: ======'slide_asset_status_created'====== Args={}
2025-09-05 00:39:50,586 : EventManager : Event: ======'slides_play'====== Args={'settings': {'attract_dmd_loop_slide_3': {'widgets': [{'type': 'text', 'text': '(machine|credits_string)', '_default_settings': ['type', 'text'], 'x': None, 'y': None, 'anchor_x': 'center', 'anchor_y': 'center', 'round_anchor_x': None, 'round_anchor_y': None, 'opacity': 1.0, 'z': 0, 'reset_animations_events': {}, 'color': [1.0, 1.0, 1.0, 1.0], 'style': [], 'adjust_top': 0, 'adjust_bottom': 0, 'adjust_left': 0, 'adjust_right': 0, 'expire': None, 'key': None, 'widget': None, 'events_when_added': [], 'events_when_removed': [], 'font_size': 15, 'bitmap_font': False, 'font_kerning': True, 'bold': False, 'italic': False, 'number_grouping': False, 'min_digits': 0, 'halign': 'center', 'valign': 'middle', 'rotation': 0, 'scale': 1.0, 'casing': None, 'outline_color': [1.0, 1.0, 1.0, 1.0], 'outline_width': 0, 'animations': None}], 'target': None, 'background_color': [0.0, 0.0, 0.0, 1.0], 'priority': None, 'show': True, 'force': False, 'expire': None, 'slide': None, 'tokens': {}, 'action': 'play'}}, 'context': 'show_1', 'calling_context': 2, 'priority': 10, 'show_tokens': {}, 'start_time': 7053.328}
2025-09-05 00:39:50,587 : EventManager : Event: ======'slide_attract_dmd_loop_slide_3_created'====== Args={}
2025-09-05 00:39:50,587 : EventManager : Unordered handler for class <Text Widget text=FREE PLAY> on event machine_var_credits_string with priority 1. Handlers: [RegisteredHandler(callback=<bound method Text._machine_var_change of <Text Widget text=FREE PLAY>>, priority=1, kwargs={}, key=UUID('e2e8b527-46f8-4ca9-b524-0fbab1f2d9f2'), condition=None, blocking_facility=None), RegisteredHandler(callback=<bound method Text._machine_var_change of <Text Widget text=FREE PLAY>>, priority=1, kwargs={}, key=UUID('1c4b2989-8d0c-43f2-90e4-fd3fa5ce69f9'), condition=None, blocking_facility=None)]. The order of those handlers is not defined and they will be executed in random order. This might lead to race conditions and potential bugs.
2025-09-05 00:39:50,601 : EventManager : Event: ======'slide_attract_dmd_loop_slide_3_active'====== Args={}
2025-09-05 00:39:52,585 : EventManager : Event: ======'slides_play'====== Args={'settings': {'attract_dmd_loop_slide_4': {'widgets': [{'type': 'text', 'text': '(machine|score1_label)', 'anchor_y': 'top', 'y': 'top-4', '_default_settings': ['type', 'text', 'anchor_y', 'y'], 'x': None, 'anchor_x': 'center', 'round_anchor_x': None, 'round_anchor_y': None, 'opacity': 1.0, 'z': 0, 'reset_animations_events': {}, 'color': [1.0, 1.0, 1.0, 1.0], 'style': [], 'adjust_top': 0, 'adjust_bottom': 0, 'adjust_left': 0, 'adjust_right': 0, 'expire': None, 'key': None, 'widget': None, 'events_when_added': [], 'events_when_removed': [], 'font_size': 15, 'bitmap_font': False, 'font_kerning': True, 'bold': False, 'italic': False, 'number_grouping': False, 'min_digits': 0, 'halign': 'center', 'valign': 'middle', 'rotation': 0, 'scale': 1.0, 'casing': None, 'outline_color': [1.0, 1.0, 1.0, 1.0], 'outline_width': 0, 'animations': None}, {'type': 'text', 'text': '(machine|score1_name) (machine|score1_value)', 'anchor_y': 'bottom', 'number_grouping': True, 'y': 'bottom+3', '_default_settings': ['type', 'text', 'anchor_y', 'number_grouping', 'y'], 'x': None, 'anchor_x': 'center', 'round_anchor_x': None, 'round_anchor_y': None, 'opacity': 1.0, 'z': 0, 'reset_animations_events': {}, 'color': [1.0, 1.0, 1.0, 1.0], 'style': [], 'adjust_top': 0, 'adjust_bottom': 0, 'adjust_left': 0, 'adjust_right': 0, 'expire': None, 'key': None, 'widget': None, 'events_when_added': [], 'events_when_removed': [], 'font_size': 15, 'bitmap_font': False, 'font_kerning': True, 'bold': False, 'italic': False, 'min_digits': 0, 'halign': 'center', 'valign': 'middle', 'rotation': 0, 'scale': 1.0, 'casing': None, 'outline_color': [1.0, 1.0, 1.0, 1.0], 'outline_width': 0, 'animations': None}, {'type': 'rectangle', 'width': 126.0, 'height': 30.0, 'color': None, '_default_settings': ['type', 'width', 'height', 'color'], 'x': None, 'y': None, 'anchor_x': 'center', 'anchor_y': 'center', 'round_anchor_x': None, 'round_anchor_y': None, 'opacity': 1.0, 'z': 0, 'reset_animations_events': {}, 'style': [], 'adjust_top': 0, 'adjust_bottom': 0, 'adjust_left': 0, 'adjust_right': 0, 'expire': None, 'key': None, 'widget': None, 'events_when_added': [], 'events_when_removed': [], 'corner_radius': 0, 'corner_segments': 10, 'rotation': 0, 'scale': 1.0, 'animations': None}, {'type': 'rectangle', 'width': 128.0, 'height': 32.0, '_default_settings': ['type', 'width', 'height'], 'x': None, 'y': None, 'anchor_x': 'center', 'anchor_y': 'center', 'round_anchor_x': None, 'round_anchor_y': None, 'opacity': 1.0, 'z': 0, 'reset_animations_events': {}, 'color': [1.0, 1.0, 1.0, 1.0], 'style': [], 'adjust_top': 0, 'adjust_bottom': 0, 'adjust_left': 0, 'adjust_right': 0, 'expire': None, 'key': None, 'widget': None, 'events_when_added': [], 'events_when_removed': [], 'corner_radius': 0, 'corner_segments': 10, 'rotation': 0, 'scale': 1.0, 'animations': None}], 'target': None, 'background_color': [0.0, 0.0, 0.0, 1.0], 'priority': None, 'show': True, 'force': False, 'expire': None, 'slide': None, 'tokens': {}, 'action': 'play'}}, 'context': 'show_1', 'calling_context': 3, 'priority': 10, 'show_tokens': {}, 'start_time': 7055.328}
2025-09-05 00:39:52,588 : EventManager : Event: ======'slide_attract_dmd_loop_slide_4_created'====== Args={}
2025-09-05 00:39:52,588 : EventManager : Unordered handler for class <Text Widget text=BRI 4,242> on event machine_var_score1_name with priority 1. Handlers: [RegisteredHandler(callback=<bound method Text._machine_var_change of <Text Widget text=BRI 4,242>>, priority=1, kwargs={}, key=UUID('2aa9f35c-fbd2-4af8-832b-348ad3346c53'), condition=None, blocking_facility=None), RegisteredHandler(callback=<bound method Text._machine_var_change of <Text Widget text=BRI 4,242>>, priority=1, kwargs={}, key=UUID('f85c6c8f-be1d-4eb4-8fd9-a3655dfd01e5'), condition=None, blocking_facility=None)]. The order of those handlers is not defined and they will be executed in random order. This might lead to race conditions and potential bugs.
2025-09-05 00:39:52,588 : EventManager : Unordered handler for class <Text Widget text=BRI 4,242> on event machine_var_score1_value with priority 1. Handlers: [RegisteredHandler(callback=<bound method Text._machine_var_change of <Text Widget text=BRI 4,242>>, priority=1, kwargs={}, key=UUID('7265009d-adff-46c1-b49f-edd7b01ef33d'), condition=None, blocking_facility=None), RegisteredHandler(callback=<bound method Text._machine_var_change of <Text Widget text=BRI 4,242>>, priority=1, kwargs={}, key=UUID('fa170f81-6390-4d51-8778-a9cb51360cc4'), condition=None, blocking_facility=None)]. The order of those handlers is not defined and they will be executed in random order. This might lead to race conditions and potential bugs.
2025-09-05 00:39:52,589 : EventManager : Unordered handler for class <Text Widget text=GRAND CHAMPION> on event machine_var_score1_label with priority 1. Handlers: [RegisteredHandler(callback=<bound method Text._machine_var_change of <Text Widget text=GRAND CHAMPION>>, priority=1, kwargs={}, key=UUID('20a9114f-6705-41bc-8daf-0791aa36b483'), condition=None, blocking_facility=None), RegisteredHandler(callback=<bound method Text._machine_var_change of <Text Widget text=GRAND CHAMPION>>, priority=1, kwargs={}, key=UUID('20199b3c-b010-4d03-a191-015e8cd15781'), condition=None, blocking_facility=None)]. The order of those handlers is not defined and they will be executed in random order. This might lead to race conditions and potential bugs.
2025-09-05 00:39:52,601 : EventManager : Event: ======'slide_attract_dmd_loop_slide_4_active'====== Args={}
2025-09-05 00:39:52,821 : EventManager : Event: ======'game_started'====== Args={}
2025-09-05 00:39:52,835 : EventManager : Event: ======'slides_clear'====== Args={'context': 'show_1'}
2025-09-05 00:39:52,835 : EventManager : Event: ======'player_added'====== Args={'player': <Player 1>, 'num': 1}
2025-09-05 00:39:52,835 : EventManager : Event: ======'player_index'====== Args={'value': 0, 'prev_value': 0, 'change': 0, 'player_num': 1}
2025-09-05 00:39:52,836 : EventManager : Event: ======'player_number'====== Args={'value': 1, 'prev_value': 1, 'change': 0, 'player_num': 1}
2025-09-05 00:39:52,836 : EventManager : Event: ======'player_score'====== Args={'value': 0, 'prev_value': 0, 'change': 0, 'player_num': 1}
2025-09-05 00:39:52,836 : EventManager : Event: ======'player_ball'====== Args={'value': 1, 'prev_value': 0, 'change': 1, 'player_num': 1}
2025-09-05 00:39:52,836 : EventManager : Event: ======'player_turn_start'====== Args={'number': 1, 'player': <Player 1>}
2025-09-05 00:39:52,836 : EventManager : Event: ======'player_skillshot_mode_timer_tick'====== Args={'value': 3, 'prev_value': 0, 'change': 3, 'player_num': 1}
2025-09-05 00:39:52,836 : EventManager : Event: ======'slide_attract_dmd_loop_slide_1_removed'====== Args={}
2025-09-05 00:39:52,836 : EventManager : Event: ======'slide_attract_dmd_loop_slide_2_removed'====== Args={}
2025-09-05 00:39:52,836 : EventManager : Event: ======'slide_attract_dmd_loop_slide_3_removed'====== Args={}
2025-09-05 00:39:52,836 : EventManager : Event: ======'slide_attract_dmd_loop_slide_4_removed'====== Args={}
2025-09-05 00:39:52,851 : EventManager : Event: ======'slide_asset_status_active'====== Args={}
2025-09-05 00:39:52,853 : EventManager : Event: ======'player_skillshot_target_rotator_tick'====== Args={'value': 0, 'prev_value': 0, 'change': 0, 'player_num': 1}
2025-09-05 00:39:52,853 : EventManager : Event: ======'player_shot_standup_1_skill_enabled'====== Args={'value': True, 'prev_value': 0, 'change': 1, 'player_num': 1}
2025-09-05 00:39:52,853 : EventManager : Event: ======'player_shot_standup_2_skill_enabled'====== Args={'value': True, 'prev_value': 0, 'change': 1, 'player_num': 1}
2025-09-05 00:39:52,853 : EventManager : Event: ======'player_shot_standup_3_skill_enabled'====== Args={'value': True, 'prev_value': 0, 'change': 1, 'player_num': 1}
2025-09-05 00:39:52,853 : EventManager : Event: ======'player_shot_standup_4_skill_enabled'====== Args={'value': True, 'prev_value': 0, 'change': 1, 'player_num': 1}
2025-09-05 00:39:52,853 : EventManager : Event: ======'player_shot_standup_5_skill_enabled'====== Args={'value': True, 'prev_value': 0, 'change': 1, 'player_num': 1}
2025-09-05 00:39:52,853 : EventManager : Event: ======'player_shot_left_lane_enabled'====== Args={'value': True, 'prev_value': 0, 'change': 1, 'player_num': 1}
2025-09-05 00:39:52,853 : EventManager : Event: ======'player_shot_middle_lane_enabled'====== Args={'value': True, 'prev_value': 0, 'change': 1, 'player_num': 1}
2025-09-05 00:39:52,853 : EventManager : Event: ======'player_shot_right_lane_enabled'====== Args={'value': True, 'prev_value': 0, 'change': 1, 'player_num': 1}
2025-09-05 00:39:52,853 : EventManager : Event: ======'player_shot_standup_1_enabled'====== Args={'value': True, 'prev_value': 0, 'change': 1, 'player_num': 1}
2025-09-05 00:39:52,853 : EventManager : Event: ======'player_shot_standup_2_enabled'====== Args={'value': True, 'prev_value': 0, 'change': 1, 'player_num': 1}
2025-09-05 00:39:52,853 : EventManager : Event: ======'player_shot_standup_3_enabled'====== Args={'value': True, 'prev_value': 0, 'change': 1, 'player_num': 1}
2025-09-05 00:39:52,853 : EventManager : Event: ======'player_shot_standup_4_enabled'====== Args={'value': True, 'prev_value': 0, 'change': 1, 'player_num': 1}
2025-09-05 00:39:52,853 : EventManager : Event: ======'player_shot_standup_5_enabled'====== Args={'value': True, 'prev_value': 0, 'change': 1, 'player_num': 1}
2025-09-05 00:39:52,853 : EventManager : Event: ======'player_shot_center_ramp_enabled'====== Args={'value': True, 'prev_value': 0, 'change': 1, 'player_num': 1}
2025-09-05 00:39:52,854 : EventManager : Event: ======'sounds_play'====== Args={'settings': {'waiting_to_plunge_loop': {'loops': -1, 'priority': None, 'block': False, 'action': 'play', 'delay': None, 'track': None, 'volume': None, 'ducking': {}, 'pan': None, 'start_at': None, 'fade_in': None, 'fade_out': None, 'about_to_finish_time': -1.0, 'max_queue_time': -1.0, 'events_when_played': ['use_sound_setting'], 'events_when_stopped': ['use_sound_setting'], 'events_when_looping': ['use_sound_setting'], 'events_when_about_to_finish': ['use_sound_setting'], 'mode_end_action': 'use_sound_setting', 'key': 'use_sound_setting'}}, 'context': 'base', 'calling_context': 'mode_base_started', 'priority': 100, 'queue': '<QueuedEvent>', 'player': 1, 'ball': 1, 'balls_remaining': 2, 'is_extra_ball': False}
2025-09-05 00:39:52,854 : EventManager : Event: ======'player_shot_standup_1_skill'====== Args={'value': 1, 'prev_value': 0, 'change': 1, 'player_num': 1}
2025-09-05 00:39:52,870 : EventManager : Event: ======'slides_play'====== Args={'settings': {'slide_1': {'target': None, 'background_color': [0.0, 0.0, 0.0, 1.0], 'priority': None, 'show': True, 'force': False, 'expire': None, 'slide': None, 'tokens': {}, 'action': 'play'}}, 'context': 'base', 'calling_context': 'single_player_ball_started', 'priority': 100}
2025-09-05 00:39:52,873 : EventManager : Event: ======'slide_slide_1_created'====== Args={}
2025-09-05 00:39:52,873 : EventManager : Unordered handler for class <Text Widget text=BALL 1    FREE PLAY> on event machine_var_credits_string with priority 1. Handlers: [RegisteredHandler(callback=<bound method Text._machine_var_change of <Text Widget text=BALL 1    FREE PLAY>>, priority=1, kwargs={}, key=UUID('66699b67-07f3-4416-89f9-7f3eb3237869'), condition=None, blocking_facility=None), RegisteredHandler(callback=<bound method Text._machine_var_change of <Text Widget text=BALL 1    FREE PLAY>>, priority=1, kwargs={}, key=UUID('4963f0d2-b925-43e3-83a4-cff72f8e2dce'), condition=None, blocking_facility=None)]. The order of those handlers is not defined and they will be executed in random order. This might lead to race conditions and potential bugs.
2025-09-05 00:39:52,885 : EventManager : Event: ======'slide_slide_1_active'====== Args={}
2025-09-05 00:39:52,920 : EventManager : Event: ======'machine_var_audits_switches_s_trough_jam'====== Args={'value': 6, 'prev_value': 5, 'change': 1}
2025-09-05 00:39:53,220 : EventManager : Event: ======'machine_var_audits_switches_s_trough_1'====== Args={'value': 7, 'prev_value': 6, 'change': 1}
2025-09-05 00:39:53,235 : EventManager : Event: ======'machine_var_audits_switches_s_trough_2'====== Args={'value': 6, 'prev_value': 5, 'change': 1}
2025-09-05 00:39:53,251 : EventManager : Event: ======'machine_var_audits_switches_s_trough_4'====== Args={'value': 6, 'prev_value': 5, 'change': 1}
2025-09-05 00:39:53,452 : EventManager : Event: ======'machine_var_audits_switches_s_shooter_lane'====== Args={'value': 6, 'prev_value': 5, 'change': 1}
2025-09-05 00:39:53,836 : EventManager : Event: ======'player_skillshot_target_rotator_tick'====== Args={'value': 1, 'prev_value': 0, 'change': 1, 'player_num': 1}
2025-09-05 00:39:54,835 : EventManager : Event: ======'player_skillshot_target_rotator_tick'====== Args={'value': 2, 'prev_value': 1, 'change': 1, 'player_num': 1}
2025-09-05 00:39:55,835 : EventManager : Event: ======'player_skillshot_target_rotator_tick'====== Args={'value': 3, 'prev_value': 2, 'change': 1, 'player_num': 1}
2025-09-05 00:39:56,603 : EventManager : Event: ======'machine_var_audits_switches_s_flipper_lower_left'====== Args={'value': 11, 'prev_value': 10, 'change': 1}
2025-09-05 00:39:56,835 : EventManager : Event: ======'player_skillshot_target_rotator_tick'====== Args={'value': 4, 'prev_value': 3, 'change': 1, 'player_num': 1}
2025-09-05 00:39:57,003 : EventManager : Event: ======'machine_var_audits_switches_s_left_slingshot'====== Args={'value': 11, 'prev_value': 10, 'change': 1}
2025-09-05 00:39:57,003 : EventManager : Event: ======'player_score'====== Args={'value': 5170, 'prev_value': 0, 'change': 5170, 'player_num': 1}
2025-09-05 00:39:57,003 : EventManager : Event: ======'sounds_play'====== Args={'settings': {'little_metal': {'priority': None, 'block': False, 'action': 'play', 'delay': None, 'track': None, 'volume': None, 'ducking': {}, 'pan': None, 'loops': None, 'start_at': None, 'fade_in': None, 'fade_out': None, 'about_to_finish_time': -1.0, 'max_queue_time': -1.0, 'events_when_played': ['use_sound_setting'], 'events_when_stopped': ['use_sound_setting'], 'events_when_looping': ['use_sound_setting'], 'events_when_about_to_finish': ['use_sound_setting'], 'mode_end_action': 'use_sound_setting', 'key': 'use_sound_setting'}}, 'context': 'base', 'calling_context': 'sw_slingshot', 'priority': 100}
2025-09-05 00:39:57,435 : EventManager : Event: ======'machine_var_audits_switches_s_flipper_lower_left'====== Args={'value': 12, 'prev_value': 11, 'change': 1}
2025-09-05 00:39:57,852 : EventManager : Event: ======'player_skillshot_target_rotator_tick'====== Args={'value': 5, 'prev_value': 4, 'change': 1, 'player_num': 1}
2025-09-05 00:39:58,837 : EventManager : Event: ======'player_skillshot_target_rotator_tick'====== Args={'value': 6, 'prev_value': 5, 'change': 1, 'player_num': 1}
2025-09-05 00:39:59,771 : EventManager : Event: ======'machine_var_audits_switches_s_ball_launch'====== Args={'value': 5, 'prev_value': 4, 'change': 1}
2025-09-05 00:39:59,771 : EventManager : Event: ======'sounds_play'====== Args={'settings': {'waiting_to_plunge_loop': {'action': 'stop', 'priority': None, 'block': False, 'delay': None, 'track': None, 'volume': None, 'ducking': {}, 'pan': None, 'loops': None, 'start_at': None, 'fade_in': None, 'fade_out': None, 'about_to_finish_time': -1.0, 'max_queue_time': -1.0, 'events_when_played': ['use_sound_setting'], 'events_when_stopped': ['use_sound_setting'], 'events_when_looping': ['use_sound_setting'], 'events_when_about_to_finish': ['use_sound_setting'], 'mode_end_action': 'use_sound_setting', 'key': 'use_sound_setting'}, 'base_background_music': {'loops': -1, 'priority': None, 'block': False, 'action': 'play', 'delay': None, 'track': None, 'volume': None, 'ducking': {}, 'pan': None, 'start_at': None, 'fade_in': None, 'fade_out': None, 'about_to_finish_time': -1.0, 'max_queue_time': -1.0, 'events_when_played': ['use_sound_setting'], 'events_when_stopped': ['use_sound_setting'], 'events_when_looping': ['use_sound_setting'], 'events_when_about_to_finish': ['use_sound_setting'], 'mode_end_action': 'use_sound_setting', 'key': 'use_sound_setting'}}, 'context': 'base', 'calling_context': 'sw_plunger', 'priority': 100}
2025-09-05 00:39:59,836 : EventManager : Event: ======'player_skillshot_target_rotator_tick'====== Args={'value': 7, 'prev_value': 6, 'change': 1, 'player_num': 1}
2025-09-05 00:40:00,652 : EventManager : Event: ======'machine_var_audits_switches_s_left_loop'====== Args={'value': 4, 'prev_value': 3, 'change': 1}
2025-09-05 00:40:00,835 : EventManager : Event: ======'player_skillshot_target_rotator_tick'====== Args={'value': 8, 'prev_value': 7, 'change': 1, 'player_num': 1}
2025-09-05 00:40:00,952 : EventManager : Event: ======'machine_var_audits_switches_s_upper_left_flipper_gate'====== Args={'value': 4, 'prev_value': 3, 'change': 1}
2025-09-05 00:40:01,635 : EventManager : Event: ======'player_skillshot_mode_timer_tick'====== Args={'value': 2, 'prev_value': 3, 'change': -1, 'player_num': 1}
2025-09-05 00:40:01,852 : EventManager : Event: ======'player_skillshot_target_rotator_tick'====== Args={'value': 9, 'prev_value': 8, 'change': 1, 'player_num': 1}
2025-09-05 00:40:02,252 : EventManager : Event: ======'machine_var_audits_switches_s_left_slingshot'====== Args={'value': 12, 'prev_value': 11, 'change': 1}
2025-09-05 00:40:02,252 : EventManager : Event: ======'player_score'====== Args={'value': 10340, 'prev_value': 5170, 'change': 5170, 'player_num': 1}
2025-09-05 00:40:02,252 : EventManager : Event: ======'sounds_play'====== Args={'settings': {'little_metal': {'priority': None, 'block': False, 'action': 'play', 'delay': None, 'track': None, 'volume': None, 'ducking': {}, 'pan': None, 'loops': None, 'start_at': None, 'fade_in': None, 'fade_out': None, 'about_to_finish_time': -1.0, 'max_queue_time': -1.0, 'events_when_played': ['use_sound_setting'], 'events_when_stopped': ['use_sound_setting'], 'events_when_looping': ['use_sound_setting'], 'events_when_about_to_finish': ['use_sound_setting'], 'mode_end_action': 'use_sound_setting', 'key': 'use_sound_setting'}}, 'context': 'base', 'calling_context': 'sw_slingshot', 'priority': 100}
2025-09-05 00:40:02,636 : EventManager : Event: ======'player_skillshot_mode_timer_tick'====== Args={'value': 1, 'prev_value': 2, 'change': -1, 'player_num': 1}
2025-09-05 00:40:02,652 : EventManager : Event: ======'machine_var_audits_switches_s_lower_rebound'====== Args={'value': 1, 'prev_value': 0, 'change': 1}
2025-09-05 00:40:02,835 : EventManager : Event: ======'player_skillshot_target_rotator_tick'====== Args={'value': 10, 'prev_value': 9, 'change': 1, 'player_num': 1}
2025-09-05 00:40:03,635 : EventManager : Event: ======'player_skillshot_mode_timer_tick'====== Args={'value': 0, 'prev_value': 1, 'change': -1, 'player_num': 1}
2025-09-05 00:40:06,852 : EventManager : Event: ======'machine_var_audits_switches_s_trough_5'====== Args={'value': 4, 'prev_value': 3, 'change': 1}
2025-09-05 00:40:07,370 : EventManager : Event: ======'player_tilt_warnings'====== Args={'value': 0, 'prev_value': 0, 'change': 0, 'player_num': 1}
2025-09-05 00:40:07,371 : EventManager : Event: ======'slides_play'====== Args={'settings': {'slide_6': {'target': None, 'background_color': [0.0, 0.0, 0.0, 1.0], 'priority': None, 'show': True, 'force': False, 'expire': None, 'slide': None, 'tokens': {}, 'action': 'play'}}, 'context': 'bonus', 'calling_context': 'bonus_start', 'priority': 500}
2025-09-05 00:40:07,372 : EventManager : Event: ======'slide_slide_6_created'====== Args={}
2025-09-05 00:40:07,385 : EventManager : Event: ======'slide_slide_6_active'====== Args={}
2025-09-05 00:40:07,835 : EventManager : Event: ======'slides_play'====== Args={'settings': {'slide_11': {'target': None, 'background_color': [0.0, 0.0, 0.0, 1.0], 'priority': None, 'show': True, 'force': False, 'expire': None, 'slide': None, 'tokens': {}, 'action': 'play'}}, 'context': 'bonus', 'calling_context': 'bonus_total', 'priority': 500, 'score': 0}
2025-09-05 00:40:07,837 : EventManager : Event: ======'slide_slide_11_created'====== Args={}
2025-09-05 00:40:07,851 : EventManager : Event: ======'slide_slide_11_active'====== Args={}
2025-09-05 00:40:08,335 : EventManager : Event: ======'slides_clear'====== Args={'context': 'bonus'}
2025-09-05 00:40:08,336 : EventManager : Event: ======'slide_slide_6_removed'====== Args={}
2025-09-05 00:40:08,336 : EventManager : Event: ======'slide_slide_11_removed'====== Args={}
2025-09-05 00:40:08,352 : EventManager : Event: ======'slide_slide_1_active'====== Args={}
2025-09-05 00:40:08,354 : EventManager : Event: ======'slides_clear'====== Args={'context': 'base'}
2025-09-05 00:40:08,354 : EventManager : Event: ======'sounds_clear'====== Args={'context': 'base'}
2025-09-05 00:40:08,354 : EventManager : Event: ======'slide_slide_1_removed'====== Args={}
2025-09-05 00:40:08,354 : EventManager : Event: ======'slides_clear'====== Args={'context': 'claw_lit_for_major_mode'}
2025-09-05 00:40:08,368 : EventManager : Event: ======'slide_asset_status_active'====== Args={}
2025-09-05 00:40:08,371 : EventManager : Event: ======'player_ball'====== Args={'value': 2, 'prev_value': 1, 'change': 1, 'player_num': 1}
2025-09-05 00:40:08,386 : EventManager : Event: ======'player_skillshot_mode_timer_tick'====== Args={'value': 3, 'prev_value': 0, 'change': 3, 'player_num': 1}
2025-09-05 00:40:08,387 : EventManager : Event: ======'player_skillshot_target_rotator_tick'====== Args={'value': 0, 'prev_value': 10, 'change': -10, 'player_num': 1}
2025-09-05 00:40:08,387 : EventManager : Event: ======'sounds_play'====== Args={'settings': {'waiting_to_plunge_loop': {'loops': -1, 'priority': None, 'block': False, 'action': 'play', 'delay': None, 'track': None, 'volume': None, 'ducking': {}, 'pan': None, 'start_at': None, 'fade_in': None, 'fade_out': None, 'about_to_finish_time': -1.0, 'max_queue_time': -1.0, 'events_when_played': ['use_sound_setting'], 'events_when_stopped': ['use_sound_setting'], 'events_when_looping': ['use_sound_setting'], 'events_when_about_to_finish': ['use_sound_setting'], 'mode_end_action': 'use_sound_setting', 'key': 'use_sound_setting'}}, 'context': 'base', 'calling_context': 'mode_base_started', 'priority': 100, 'queue': '<QueuedEvent>', 'player': 1, 'ball': 2, 'balls_remaining': 1, 'is_extra_ball': False}
2025-09-05 00:40:08,387 : EventManager : Event: ======'player_shot_standup_1_skill'====== Args={'value': 2, 'prev_value': 1, 'change': 1, 'player_num': 1}
2025-09-05 00:40:08,402 : EventManager : Event: ======'slides_play'====== Args={'settings': {'slide_1': {'target': None, 'background_color': [0.0, 0.0, 0.0, 1.0], 'priority': None, 'show': True, 'force': False, 'expire': None, 'slide': None, 'tokens': {}, 'action': 'play'}}, 'context': 'base', 'calling_context': 'single_player_ball_started', 'priority': 100}
2025-09-05 00:40:08,404 : EventManager : Event: ======'slide_slide_1_created'====== Args={}
2025-09-05 00:40:08,404 : EventManager : Unordered handler for class <Text Widget text=BALL 2    FREE PLAY> on event machine_var_credits_string with priority 1. Handlers: [RegisteredHandler(callback=<bound method Text._machine_var_change of <Text Widget text=BALL 2    FREE PLAY>>, priority=1, kwargs={}, key=UUID('284c94e6-3898-473d-89fd-84d64222cd3d'), condition=None, blocking_facility=None), RegisteredHandler(callback=<bound method Text._machine_var_change of <Text Widget text=BALL 2    FREE PLAY>>, priority=1, kwargs={}, key=UUID('16a6961f-6c5d-4728-a70e-4a645557a069'), condition=None, blocking_facility=None)]. The order of those handlers is not defined and they will be executed in random order. This might lead to race conditions and potential bugs.
2025-09-05 00:40:08,418 : EventManager : Event: ======'slide_slide_1_active'====== Args={}
2025-09-05 00:40:08,436 : EventManager : Event: ======'machine_var_audits_switches_s_trough_jam'====== Args={'value': 7, 'prev_value': 6, 'change': 1}
2025-09-05 00:40:08,736 : EventManager : Event: ======'machine_var_audits_switches_s_trough_1'====== Args={'value': 8, 'prev_value': 7, 'change': 1}
2025-09-05 00:40:08,736 : EventManager : Event: ======'machine_var_audits_switches_s_trough_2'====== Args={'value': 7, 'prev_value': 6, 'change': 1}
2025-09-05 00:40:08,802 : EventManager : Event: ======'machine_var_audits_switches_s_trough_4'====== Args={'value': 7, 'prev_value': 6, 'change': 1}
2025-09-05 00:40:08,970 : EventManager : Event: ======'machine_var_audits_switches_s_shooter_lane'====== Args={'value': 7, 'prev_value': 6, 'change': 1}
2025-09-05 00:40:09,402 : EventManager : Event: ======'player_skillshot_target_rotator_tick'====== Args={'value': 1, 'prev_value': 0, 'change': 1, 'player_num': 1}
2025-09-05 00:40:10,121 : EventManager : Event: ======'machine_var_audits_switches_s_ball_launch'====== Args={'value': 6, 'prev_value': 5, 'change': 1}
2025-09-05 00:40:10,121 : EventManager : Event: ======'sounds_play'====== Args={'settings': {'waiting_to_plunge_loop': {'action': 'stop', 'priority': None, 'block': False, 'delay': None, 'track': None, 'volume': None, 'ducking': {}, 'pan': None, 'loops': None, 'start_at': None, 'fade_in': None, 'fade_out': None, 'about_to_finish_time': -1.0, 'max_queue_time': -1.0, 'events_when_played': ['use_sound_setting'], 'events_when_stopped': ['use_sound_setting'], 'events_when_looping': ['use_sound_setting'], 'events_when_about_to_finish': ['use_sound_setting'], 'mode_end_action': 'use_sound_setting', 'key': 'use_sound_setting'}, 'base_background_music': {'loops': -1, 'priority': None, 'block': False, 'action': 'play', 'delay': None, 'track': None, 'volume': None, 'ducking': {}, 'pan': None, 'start_at': None, 'fade_in': None, 'fade_out': None, 'about_to_finish_time': -1.0, 'max_queue_time': -1.0, 'events_when_played': ['use_sound_setting'], 'events_when_stopped': ['use_sound_setting'], 'events_when_looping': ['use_sound_setting'], 'events_when_about_to_finish': ['use_sound_setting'], 'mode_end_action': 'use_sound_setting', 'key': 'use_sound_setting'}}, 'context': 'base', 'calling_context': 'sw_plunger', 'priority': 100}
2025-09-05 00:40:10,386 : EventManager : Event: ======'player_skillshot_target_rotator_tick'====== Args={'value': 2, 'prev_value': 1, 'change': 1, 'player_num': 1}
2025-09-05 00:40:10,535 : EventManager : Event: ======'machine_var_audits_switches_s_right_freeway'====== Args={'value': 5, 'prev_value': 4, 'change': 1}
2025-09-05 00:40:11,002 : EventManager : Event: ======'machine_var_audits_switches_s_left_loop'====== Args={'value': 5, 'prev_value': 4, 'change': 1}
2025-09-05 00:40:11,321 : EventManager : Event: ======'machine_var_audits_switches_s_upper_left_flipper_gate'====== Args={'value': 5, 'prev_value': 4, 'change': 1}
2025-09-05 00:40:11,321 : EventManager : Event: ======'player_score'====== Args={'value': 1510340, 'prev_value': 10340, 'change': 1500000, 'player_num': 1}
2025-09-05 00:40:11,402 : EventManager : Event: ======'player_skillshot_target_rotator_tick'====== Args={'value': 3, 'prev_value': 2, 'change': 1, 'player_num': 1}
2025-09-05 00:40:11,535 : EventManager : Event: ======'player_skillshot_mode_timer_tick'====== Args={'value': 2, 'prev_value': 3, 'change': -1, 'player_num': 1}
2025-09-05 00:40:12,386 : EventManager : Event: ======'player_skillshot_target_rotator_tick'====== Args={'value': 4, 'prev_value': 3, 'change': 1, 'player_num': 1}
2025-09-05 00:40:12,536 : EventManager : Event: ======'player_skillshot_mode_timer_tick'====== Args={'value': 1, 'prev_value': 2, 'change': -1, 'player_num': 1}
2025-09-05 00:40:12,585 : EventManager : Event: ======'machine_var_audits_switches_s_left_inlane'====== Args={'value': 1, 'prev_value': 0, 'change': 1}
2025-09-05 00:40:12,585 : EventManager : Event: ======'player_score'====== Args={'value': 1557990, 'prev_value': 1510340, 'change': 47650, 'player_num': 1}
2025-09-05 00:40:13,386 : EventManager : Event: ======'player_skillshot_target_rotator_tick'====== Args={'value': 5, 'prev_value': 4, 'change': 1, 'player_num': 1}
2025-09-05 00:40:13,537 : EventManager : Event: ======'player_skillshot_mode_timer_tick'====== Args={'value': 0, 'prev_value': 1, 'change': -1, 'player_num': 1}
2025-09-05 00:40:14,653 : EventManager : Event: ======'machine_var_audits_switches_s_trough_5'====== Args={'value': 5, 'prev_value': 4, 'change': 1}
2025-09-05 00:40:15,152 : EventManager : Event: ======'slides_play'====== Args={'settings': {'slide_6': {'target': None, 'background_color': [0.0, 0.0, 0.0, 1.0], 'priority': None, 'show': True, 'force': False, 'expire': None, 'slide': None, 'tokens': {}, 'action': 'play'}}, 'context': 'bonus', 'calling_context': 'bonus_start', 'priority': 500}
2025-09-05 00:40:15,153 : EventManager : Event: ======'slide_slide_6_created'====== Args={}
2025-09-05 00:40:15,168 : EventManager : Event: ======'slide_slide_6_active'====== Args={}
2025-09-05 00:40:15,636 : EventManager : Event: ======'slides_play'====== Args={'settings': {'slide_11': {'target': None, 'background_color': [0.0, 0.0, 0.0, 1.0], 'priority': None, 'show': True, 'force': False, 'expire': None, 'slide': None, 'tokens': {}, 'action': 'play'}}, 'context': 'bonus', 'calling_context': 'bonus_total', 'priority': 500, 'score': 0}
2025-09-05 00:40:15,637 : EventManager : Event: ======'slide_slide_11_created'====== Args={}
2025-09-05 00:40:15,651 : EventManager : Event: ======'slide_slide_11_active'====== Args={}
2025-09-05 00:40:16,136 : EventManager : Event: ======'slides_clear'====== Args={'context': 'bonus'}
2025-09-05 00:40:16,136 : EventManager : Event: ======'slide_slide_6_removed'====== Args={}
2025-09-05 00:40:16,136 : EventManager : Event: ======'slide_slide_11_removed'====== Args={}
2025-09-05 00:40:16,151 : EventManager : Event: ======'slide_slide_1_active'====== Args={}
2025-09-05 00:40:16,152 : EventManager : Event: ======'slides_clear'====== Args={'context': 'base'}
2025-09-05 00:40:16,153 : EventManager : Event: ======'sounds_clear'====== Args={'context': 'base'}
2025-09-05 00:40:16,153 : EventManager : Event: ======'slide_slide_1_removed'====== Args={}
2025-09-05 00:40:16,153 : EventManager : Event: ======'slides_clear'====== Args={'context': 'claw_lit_for_major_mode'}
2025-09-05 00:40:16,168 : EventManager : Event: ======'slide_asset_status_active'====== Args={}
2025-09-05 00:40:16,171 : EventManager : Event: ======'player_ball'====== Args={'value': 3, 'prev_value': 2, 'change': 1, 'player_num': 1}
2025-09-05 00:40:16,171 : EventManager : Event: ======'player_skillshot_mode_timer_tick'====== Args={'value': 3, 'prev_value': 0, 'change': 3, 'player_num': 1}
2025-09-05 00:40:16,186 : EventManager : Event: ======'player_skillshot_target_rotator_tick'====== Args={'value': 0, 'prev_value': 5, 'change': -5, 'player_num': 1}
2025-09-05 00:40:16,186 : EventManager : Event: ======'sounds_play'====== Args={'settings': {'waiting_to_plunge_loop': {'loops': -1, 'priority': None, 'block': False, 'action': 'play', 'delay': None, 'track': None, 'volume': None, 'ducking': {}, 'pan': None, 'start_at': None, 'fade_in': None, 'fade_out': None, 'about_to_finish_time': -1.0, 'max_queue_time': -1.0, 'events_when_played': ['use_sound_setting'], 'events_when_stopped': ['use_sound_setting'], 'events_when_looping': ['use_sound_setting'], 'events_when_about_to_finish': ['use_sound_setting'], 'mode_end_action': 'use_sound_setting', 'key': 'use_sound_setting'}}, 'context': 'base', 'calling_context': 'mode_base_started', 'priority': 100, 'queue': '<QueuedEvent>', 'player': 1, 'ball': 3, 'balls_remaining': 0, 'is_extra_ball': False}
2025-09-05 00:40:16,202 : EventManager : Event: ======'slides_play'====== Args={'settings': {'slide_1': {'target': None, 'background_color': [0.0, 0.0, 0.0, 1.0], 'priority': None, 'show': True, 'force': False, 'expire': None, 'slide': None, 'tokens': {}, 'action': 'play'}}, 'context': 'base', 'calling_context': 'single_player_ball_started', 'priority': 100}
2025-09-05 00:40:16,204 : EventManager : Event: ======'slide_slide_1_created'====== Args={}
2025-09-05 00:40:16,204 : EventManager : Unordered handler for class <Text Widget text=BALL 3    FREE PLAY> on event machine_var_credits_string with priority 1. Handlers: [RegisteredHandler(callback=<bound method Text._machine_var_change of <Text Widget text=BALL 3    FREE PLAY>>, priority=1, kwargs={}, key=UUID('72199d83-3f81-4c78-9303-61529592d944'), condition=None, blocking_facility=None), RegisteredHandler(callback=<bound method Text._machine_var_change of <Text Widget text=BALL 3    FREE PLAY>>, priority=1, kwargs={}, key=UUID('5d7d12e1-9ae0-4b1d-9d1d-0774afea2583'), condition=None, blocking_facility=None)]. The order of those handlers is not defined and they will be executed in random order. This might lead to race conditions and potential bugs.
2025-09-05 00:40:16,218 : EventManager : Event: ======'slide_slide_1_active'====== Args={}
2025-09-05 00:40:16,252 : EventManager : Event: ======'machine_var_audits_switches_s_trough_jam'====== Args={'value': 8, 'prev_value': 7, 'change': 1}
2025-09-05 00:40:16,270 : EventManager : Event: ======'machine_var_audits_switches_s_trough_1'====== Args={'value': 9, 'prev_value': 8, 'change': 1}
2025-09-05 00:40:16,535 : EventManager : Event: ======'machine_var_audits_switches_s_trough_1'====== Args={'value': 10, 'prev_value': 9, 'change': 1}
2025-09-05 00:40:16,535 : EventManager : Event: ======'machine_var_audits_switches_s_trough_2'====== Args={'value': 8, 'prev_value': 7, 'change': 1}
2025-09-05 00:40:16,570 : EventManager : Event: ======'machine_var_audits_switches_s_trough_4'====== Args={'value': 8, 'prev_value': 7, 'change': 1}
2025-09-05 00:40:16,721 : EventManager : Event: ======'machine_var_audits_switches_s_shooter_lane'====== Args={'value': 8, 'prev_value': 7, 'change': 1}
2025-09-05 00:40:17,171 : EventManager : Event: ======'player_skillshot_target_rotator_tick'====== Args={'value': 1, 'prev_value': 0, 'change': 1, 'player_num': 1}
2025-09-05 00:40:17,252 : EventManager : Event: ======'machine_var_audits_switches_s_ball_launch'====== Args={'value': 7, 'prev_value': 6, 'change': 1}
2025-09-05 00:40:17,252 : EventManager : Event: ======'sounds_play'====== Args={'settings': {'waiting_to_plunge_loop': {'action': 'stop', 'priority': None, 'block': False, 'delay': None, 'track': None, 'volume': None, 'ducking': {}, 'pan': None, 'loops': None, 'start_at': None, 'fade_in': None, 'fade_out': None, 'about_to_finish_time': -1.0, 'max_queue_time': -1.0, 'events_when_played': ['use_sound_setting'], 'events_when_stopped': ['use_sound_setting'], 'events_when_looping': ['use_sound_setting'], 'events_when_about_to_finish': ['use_sound_setting'], 'mode_end_action': 'use_sound_setting', 'key': 'use_sound_setting'}, 'base_background_music': {'loops': -1, 'priority': None, 'block': False, 'action': 'play', 'delay': None, 'track': None, 'volume': None, 'ducking': {}, 'pan': None, 'start_at': None, 'fade_in': None, 'fade_out': None, 'about_to_finish_time': -1.0, 'max_queue_time': -1.0, 'events_when_played': ['use_sound_setting'], 'events_when_stopped': ['use_sound_setting'], 'events_when_looping': ['use_sound_setting'], 'events_when_about_to_finish': ['use_sound_setting'], 'mode_end_action': 'use_sound_setting', 'key': 'use_sound_setting'}}, 'context': 'base', 'calling_context': 'sw_plunger', 'priority': 100}
2025-09-05 00:40:17,686 : EventManager : Event: ======'machine_var_audits_switches_s_right_freeway'====== Args={'value': 6, 'prev_value': 5, 'change': 1}
2025-09-05 00:40:18,136 : EventManager : Event: ======'machine_var_audits_switches_s_left_loop'====== Args={'value': 6, 'prev_value': 5, 'change': 1}
2025-09-05 00:40:18,171 : EventManager : Event: ======'player_skillshot_target_rotator_tick'====== Args={'value': 2, 'prev_value': 1, 'change': 1, 'player_num': 1}
2025-09-05 00:40:18,453 : EventManager : Event: ======'machine_var_audits_switches_s_upper_left_flipper_gate'====== Args={'value': 6, 'prev_value': 5, 'change': 1}
2025-09-05 00:40:18,453 : EventManager : Event: ======'player_score'====== Args={'value': 3057990, 'prev_value': 1557990, 'change': 1500000, 'player_num': 1}
2025-09-05 00:40:18,671 : EventManager : Event: ======'player_skillshot_mode_timer_tick'====== Args={'value': 2, 'prev_value': 3, 'change': -1, 'player_num': 1}
2025-09-05 00:40:19,171 : EventManager : Event: ======'player_skillshot_target_rotator_tick'====== Args={'value': 3, 'prev_value': 2, 'change': 1, 'player_num': 1}
2025-09-05 00:40:19,671 : EventManager : Event: ======'player_skillshot_mode_timer_tick'====== Args={'value': 1, 'prev_value': 2, 'change': -1, 'player_num': 1}
2025-09-05 00:40:20,203 : EventManager : Event: ======'player_skillshot_target_rotator_tick'====== Args={'value': 4, 'prev_value': 3, 'change': 1, 'player_num': 1}
2025-09-05 00:40:20,671 : EventManager : Event: ======'player_skillshot_mode_timer_tick'====== Args={'value': 0, 'prev_value': 1, 'change': -1, 'player_num': 1}
2025-09-05 00:40:21,386 : EventManager : Event: ======'machine_var_audits_switches_s_trough_5'====== Args={'value': 6, 'prev_value': 5, 'change': 1}
2025-09-05 00:40:21,872 : EventManager : Event: ======'slides_play'====== Args={'settings': {'slide_6': {'target': None, 'background_color': [0.0, 0.0, 0.0, 1.0], 'priority': None, 'show': True, 'force': False, 'expire': None, 'slide': None, 'tokens': {}, 'action': 'play'}}, 'context': 'bonus', 'calling_context': 'bonus_start', 'priority': 500}
2025-09-05 00:40:21,873 : EventManager : Event: ======'slide_slide_6_created'====== Args={}
2025-09-05 00:40:21,885 : EventManager : Event: ======'slide_slide_6_active'====== Args={}
2025-09-05 00:40:22,372 : EventManager : Event: ======'slides_play'====== Args={'settings': {'slide_11': {'target': None, 'background_color': [0.0, 0.0, 0.0, 1.0], 'priority': None, 'show': True, 'force': False, 'expire': None, 'slide': None, 'tokens': {}, 'action': 'play'}}, 'context': 'bonus', 'calling_context': 'bonus_total', 'priority': 500, 'score': 0}
2025-09-05 00:40:22,373 : EventManager : Event: ======'slide_slide_11_created'====== Args={}
2025-09-05 00:40:22,385 : EventManager : Event: ======'slide_slide_11_active'====== Args={}
2025-09-05 00:40:22,886 : EventManager : Event: ======'slides_clear'====== Args={'context': 'bonus'}
2025-09-05 00:40:22,887 : EventManager : Event: ======'slide_slide_6_removed'====== Args={}
2025-09-05 00:40:22,887 : EventManager : Event: ======'slide_slide_11_removed'====== Args={}
2025-09-05 00:40:22,887 : EventManager : Event: ======'slides_clear'====== Args={'context': 'base'}
2025-09-05 00:40:22,887 : EventManager : Event: ======'sounds_clear'====== Args={'context': 'base'}
2025-09-05 00:40:22,887 : EventManager : Event: ======'slide_slide_1_removed'====== Args={}
2025-09-05 00:40:22,887 : EventManager : Event: ======'slides_clear'====== Args={'context': 'claw_lit_for_major_mode'}
2025-09-05 00:40:22,901 : EventManager : Event: ======'slide_asset_status_active'====== Args={}
2025-09-05 00:40:22,922 : EventManager : Event: ======'slides_play'====== Args={'settings': {'high_score_enter_initials': {'action': 'play', 'target': None, 'background_color': [0.0, 0.0, 0.0, 1.0], 'priority': None, 'show': True, 'force': False, 'expire': None, 'slide': None, 'tokens': {}}, 'high_score_award_display': {'action': 'remove', 'target': None, 'background_color': [0.0, 0.0, 0.0, 1.0], 'priority': None, 'show': True, 'force': False, 'expire': None, 'slide': None, 'tokens': {}}, 'score_award_display': {'action': 'remove', 'target': None, 'background_color': [0.0, 0.0, 0.0, 1.0], 'priority': None, 'show': True, 'force': False, 'expire': None, 'slide': None, 'tokens': {}}}, 'context': 'high_score', 'calling_context': 'high_score_enter_initials', 'priority': 1500, 'award': 'GRAND CHAMPION', 'player_num': 1, 'value': 3057990}
2025-09-05 00:40:22,926 : EventManager : Event: ======'slide_high_score_enter_initials_created'====== Args={}
2025-09-05 00:40:22,935 : EventManager : Event: ======'slide_high_score_enter_initials_active'====== Args={}
2025-09-05 00:40:22,951 : EventManager : Event: ======'text_input_high_score_active_character'====== Args={'text': 'A'}
2025-09-05 00:40:22,952 : mpfmc : text_input widgets do not support animation for the opacity property (animation will be ignored)
2025-09-05 00:40:22,952 : mpfmc : text_input widgets do not support animation for the opacity property (animation will be ignored)
2025-09-05 00:40:31,885 : kivy : Base: Leaving application in progress...
2025-09-05 00:40:31,887 : mpfmc : Stopping...
2025-09-05 00:40:31,887 : EventManager : Event: ======'shutdown'====== Args={}
2025-09-05 00:40:31,887 : mpfmc : Loop rate 59.97 Hz
