2025-09-05 19:44:39,722 : kivy : deps: Successfully imported "kivy_deps.gstreamer" 0.3.3
2025-09-05 19:44:39,722 : kivy : deps: Successfully imported "kivy_deps.angle" 0.3.3
2025-09-05 19:44:39,722 : kivy : deps: Successfully imported "kivy_deps.glew" 0.3.1
2025-09-05 19:44:39,722 : kivy : deps: Successfully imported "kivy_deps.sdl2" 0.6.0
2025-09-05 19:44:39,722 : kivy : Kivy: v2.2.1
2025-09-05 19:44:39,722 : kivy : Kivy: Installed at "C:\mpf\venv\lib\site-packages\kivy\__init__.py"
2025-09-05 19:44:39,722 : kivy : Python: v3.9.13 (tags/v3.9.13:6de2ca5, May 17 2022, 16:36:42) [MSC v.1929 64 bit (AMD64)]
2025-09-05 19:44:39,722 : kivy : Python: Interpreter at "C:\mpf\venv\Scripts\python.exe"
2025-09-05 19:44:39,729 : kivy : Factory: 190 symbols loaded
2025-09-05 19:44:39,791 : kivy : ImageLoaderFFPy: Using ffpyplayer 4.5.1
2025-09-05 19:44:39,791 : kivy : Image: Providers: img_tex, img_dds, img_sdl2, img_pil, img_ffpyplayer 
2025-09-05 19:44:39,853 : kivy : VideoGstplayer: Using Gstreamer 1.18.5.0
2025-09-05 19:44:39,853 : kivy : Video: Provider: gstplayer
2025-09-05 19:44:39,870 : root : Loading MPF-MC controller
2025-09-05 19:44:39,871 : YamlMultifileConfigLoader : Machine config file #1: config
2025-09-05 19:44:39,871 : ConfigProcessor : Config file in cache changed: C:\mpf\mpf-examples-dev\demo_man\config\config
2025-09-05 19:44:39,871 : ConfigProcessor : Loading config from file C:\mpf\venv\lib\site-packages\mpfmc\mcconfig.yaml.
2025-09-05 19:44:39,874 : ConfigProcessor : Loading config: C:\mpf\venv\lib\site-packages\mpfmc\mcconfig.yaml
2025-09-05 19:44:39,874 : ConfigProcessor : Loading config from file C:\mpf\mpf-examples-dev\demo_man\config\config.
2025-09-05 19:44:39,875 : ConfigProcessor : Loading config: C:\mpf\mpf-examples-dev\demo_man\config\config
2025-09-05 19:44:39,875 : ConfigProcessor : Config file cache created: C:\Users\Asger\AppData\Local\Temp\a53e23971831c3def32efe9051ff80fa.mpf_cache
2025-09-05 19:44:39,875 : ConfigProcessor : Loading config from cache: C:\Users\Asger\AppData\Local\Temp\28e07bc42b06fdf232525503b109746b.mpf_cache
2025-09-05 19:44:39,875 : ConfigProcessor : Loading config from cache: C:\Users\Asger\AppData\Local\Temp\d5f522cce92d708c1e7c6f696d149cc3.mpf_cache
2025-09-05 19:44:39,875 : ConfigProcessor : Loading config from cache: C:\Users\Asger\AppData\Local\Temp\28e07bc42b06fdf232525503b109746b.mpf_cache
2025-09-05 19:44:39,875 : ConfigProcessor : Loading config from cache: C:\Users\Asger\AppData\Local\Temp\d62bb05c546c94a6e60a7026e75040b8.mpf_cache
2025-09-05 19:44:39,875 : mpfmc : Mission Pinball Framework Media Controller (MPF-MC) v0.57.1. Requires MPF v0.57.0 or newer.
2025-09-05 19:44:39,875 : mpfmc : Found MPF v0.57.3
2025-09-05 19:44:39,875 : mpfmc : Machine path: C:\mpf\mpf-examples-dev\demo_man
2025-09-05 19:44:39,876 : mpfmc : Starting clock at 60.0Hz
2025-09-05 19:44:39,881 : kivy : Text: Provider: sdl2
2025-09-05 19:44:39,899 : kivy : Window: Provider: sdl2
2025-09-05 19:44:40,302 : kivy : GL: Using the "OpenGL" graphics system
2025-09-05 19:44:40,305 : kivy : GL: GLEW initialization succeeded
2025-09-05 19:44:40,305 : kivy : GL: Backend used <glew>
2025-09-05 19:44:40,305 : kivy : GL: OpenGL version <b'4.6.0 NVIDIA 581.15'>
2025-09-05 19:44:40,305 : kivy : GL: OpenGL vendor <b'NVIDIA Corporation'>
2025-09-05 19:44:40,305 : kivy : GL: OpenGL renderer <b'NVIDIA GeForce RTX 5090/PCIe/SSE2'>
2025-09-05 19:44:40,305 : kivy : GL: OpenGL parsed version: 4, 6
2025-09-05 19:44:40,305 : kivy : GL: Shading version <b'4.60 NVIDIA'>
2025-09-05 19:44:40,305 : kivy : GL: Texture max size <32768>
2025-09-05 19:44:40,305 : kivy : GL: Texture max units <32>
2025-09-05 19:44:40,314 : kivy : Window: auto add sdl2 input provider
2025-09-05 19:44:40,314 : kivy : Window: virtual keyboard not allowed, single mode, not docked
2025-09-05 19:44:40,491 : AudioInterface : Initialized
2025-09-05 19:44:40,491 : AudioInterface : Loaded SDL 2.26.4
2025-09-05 19:44:40,492 : AudioInterface : Loaded SDL_Mixer 2.6.3
2025-09-05 19:44:40,492 : AudioInterface : Loaded GStreamer 1.18.5.0
2025-09-05 19:44:40,492 : AudioInterface : Loaded GLib 2.62.6
2025-09-05 19:44:40,492 : AudioInterface : Settings requested - rate: 44100, channels: 1, buffer: 2048 samples
2025-09-05 19:44:40,492 : AudioInterface : Settings in use - rate: 44100, channels: 1, buffer: 2048 samples (4096 bytes @ 2 bytes per sample)
2025-09-05 19:44:40,492 : SoundSystem : No audio tracks are specified in your machine config file. a track named 'default' has been created.
2025-09-05 19:44:40,492 : SoundSystem : Setting master volume to 0.0
2025-09-05 19:44:40,492 : AudioInterface : Enabling audio playback
2025-09-05 19:44:40,493 : kivy : Base: Start application main loop
2025-09-05 19:44:40,494 : EventManager : Event: ======'display_default_initialized'====== Args={}
2025-09-05 19:44:40,507 : mpfmc : Display: Setting 'default' as default display
2025-09-05 19:44:40,509 : EventManager : Event: ======'displays_initialized'====== Args={}
2025-09-05 19:44:40,509 : EventManager : Event: ======'slide_default_blank_created'====== Args={}
2025-09-05 19:44:40,509 : EventManager : Event: ======'display_default_ready'====== Args={}
2025-09-05 19:44:40,513 : EventManager : Event: ======'init_phase_1'====== Args={}
2025-09-05 19:44:40,514 : EventManager : Event: ======'mc_ready'====== Args={}
2025-09-05 19:44:40,514 : EventManager : Event: ======'init_phase_2'====== Args={}
2025-09-05 19:44:40,516 : EventManager : Event: ======'init_phase_3'====== Args={}
2025-09-05 19:44:40,517 : EventManager : Event: ======'init_phase_4'====== Args={}
2025-09-05 19:44:40,517 : EventManager : Event: ======'init_phase_5'====== Args={}
2025-09-05 19:44:40,673 : EventManager : Event: ======'loading_assets'====== Args={'total': 14, 'loaded': 1, 'remaining': 13, 'percent': 7}
2025-09-05 19:44:40,673 : AssetManager : Loading assets: 1/14 (7%)
2025-09-05 19:44:40,686 : EventManager : Event: ======'loading_assets'====== Args={'total': 14, 'loaded': 14, 'remaining': 0, 'percent': 100}
2025-09-05 19:44:40,686 : AssetManager : Asset loading took: 0.1939539909362793
2025-09-05 19:44:40,686 : EventManager : Event: ======'asset_loading_complete'====== Args={}
2025-09-05 19:44:40,686 : AssetManager : Loading assets: 14/14 (100%)
2025-09-05 19:44:40,686 : EventManager : Event: ======'init_done'====== Args={}
2025-09-05 19:44:40,686 : MPF-MC BCP Server : Starting up on localhost port 5050
2025-09-05 19:44:40,687 : MPF-MC BCP Server : Waiting for a connection...
2025-09-05 19:44:40,699 : EventManager : Event: ======'client_disconnected'====== Args={'host': '127.0.0.1', 'port': 5050}
